15:09:44.924 [main                     ] DEBUG Logger               - Configured Logger
15:09:44.952 [main                     ] DEBUG GameApplication      - Logging settings
Title: TankGame
Version: 1.0
Width: 1017
Height: 508
Fullscreen: true
Intro: false
Profiling: false
Single step:false
App Mode: DEVELOPER
Menu Key: ESCAPE
Stage Style: DECORATED
Scene Factory: class com.almasb.fxgl.app.scene.SceneFactory

15:09:45.297 [JavaFX Application Thread] DEBUG FXGLApplication      - Initializing FXGL
15:09:45.304 [JavaFX Application Thread] INFO  Engine               - FXGL-11.12 (11.12.2020 08.51) on MAC (J:14 FX:15)
15:09:45.305 [JavaFX Application Thread] DEBUG Engine               - JRE Vendor Name: Oracle Corporation
15:09:45.305 [JavaFX Application Thread] DEBUG Engine               - Running on OS: Mac OS X version 10.16
15:09:45.305 [JavaFX Application Thread] DEBUG Engine               - Architecture: x86_64
15:09:45.305 [JavaFX Application Thread] INFO  Engine               - Source code and latest versions at: https://github.com/AlmasB/FXGL
15:09:45.305 [JavaFX Application Thread] INFO  Engine               -              Join the FXGL chat at: https://gitter.im/AlmasB/FXGL
15:09:45.416 [JavaFX Application Thread] DEBUG MainWindow           - Creating a JavaFX scene
15:09:45.469 [JavaFX Application Thread] DEBUG MainWindow           - Target settings size: 1017.0 x 508.0
15:09:45.470 [JavaFX Application Thread] DEBUG MainWindow           - Scaled scene size:    1017.0 x 508.0
15:09:45.471 [JavaFX Application Thread] DEBUG MainWindow           - Scaled ratio: (1.0, 1.0)
15:09:45.472 [JavaFX Application Thread] DEBUG MainWindow           - Set initial scene to StartupScene
15:09:45.477 [JavaFX Application Thread] DEBUG MainWindow           - Opening main window
15:09:45.555 [JavaFX Application Thread] DEBUG MainWindow           - Window border size: (0.0, 28.0)
15:09:45.555 [JavaFX Application Thread] DEBUG MainWindow           - Scaled size: 1017.0 x 508.0
15:09:45.555 [JavaFX Application Thread] DEBUG MainWindow           - Scaled ratio: (1.0, 1.0)
15:09:45.555 [JavaFX Application Thread] DEBUG MainWindow           - Scene size: 1017.0 x 508.0
15:09:45.556 [JavaFX Application Thread] DEBUG MainWindow           - Stage size: 1017.0 x 536.0
15:09:45.560 [FXGL Background Thread 1 ] DEBUG Engine               - Initializing environment variables
15:09:45.729 [FXGL Background Thread 1 ] DEBUG GameApplicationServi - Applying CSS: fxgl_dark.css
15:09:45.742 [FXGL Background Thread 1 ] DEBUG FXGLAssetLoaderServi - Loading from file system: /assets/ui/css/fxgl_dark.css
15:09:46.012 [FXGL Background Thread 1 ] DEBUG GameApplicationServi - Initializing application scenes
15:09:46.185 [FXGL Background Thread 1 ] DEBUG GameWorld            - Game world initialized
15:09:46.235 [FXGL Background Thread 1 ] DEBUG PhysicsWorld         - Physics world initialized: appHeight=508, physics.ppm=50.0
15:09:46.242 [FXGL Background Thread 1 ] DEBUG GameScene            - Game scene initialized: 1017x508
15:09:46.277 [FXGL Background Thread 1 ] DEBUG FXGLAssetLoaderServi - Loading from file system: /assets/textures/particles/trace_horizontal.png
15:09:46.332 [FXGL Background Thread 1 ] WARN  FXGL.DefaultMenu     - FXGLDefaultMenu is not designed for resolutions < 800x600
15:09:46.333 [FXGL Background Thread 1 ] DEBUG FXGL.DefaultMenu     - createMenuBodyMainMenu()
15:09:46.354 [FXGL Background Thread 1 ] DEBUG FXGL.DefaultMenu     - createOptionsMenu()
15:09:46.362 [FXGL Background Thread 1 ] DEBUG FXGLAssetLoaderServi - Loading from file system: /assets/textures/particles/smoke.png
15:09:46.476 [FXGL Background Thread 1 ] DEBUG FXGLAssetLoaderServi - Loading from cache: /assets/textures/particles/trace_horizontal.png@64.0x64.0
15:09:46.478 [FXGL Background Thread 1 ] WARN  FXGL.DefaultMenu     - FXGLDefaultMenu is not designed for resolutions < 800x600
15:09:46.478 [FXGL Background Thread 1 ] DEBUG FXGL.DefaultMenu     - createMenuBodyGameMenu()
15:09:46.480 [FXGL Background Thread 1 ] DEBUG FXGL.DefaultMenu     - createOptionsMenu()
15:09:46.487 [FXGL Background Thread 1 ] DEBUG FXGLAssetLoaderServi - Loading from cache: /assets/textures/particles/smoke.png@128.0x128.0
15:09:46.528 [FXGL Background Thread 1 ] DEBUG GameApplicationServi - Application scenes initialized
15:09:46.544 [FXGL Background Thread 1 ] DEBUG SystemBundleService  - Loading FXGL system data
15:09:46.550 [FXGL Background Thread 1 ] DEBUG FileSystemAccess     - Reading from: /Users/Mies/IdeaProjects/BasicGame/system/fxgl.bundle
15:09:46.557 [FXGL Background Thread 1 ] DEBUG SystemBundleService  - Bundle FXGL: {}
15:09:46.558 [FXGL Background Thread 1 ] DEBUG UpdaterService       - Checking for updates
15:09:46.564 [FXGL Background Thread 4 ] DEBUG FXGLApplication      - Loading fonts
15:09:46.566 [FXGL Background Thread 4 ] DEBUG FXGLAssetLoaderServi - Loading from file system: /assets/ui/fonts/VarelaRound-Regular.ttf
15:09:46.571 [FXGL Background Thread 1 ] DEBUG FXGLApplication      - Loading default localization
15:09:46.572 [FXGL Background Thread 1 ] DEBUG FXGLAssetLoaderServi - Loading from file system: /assets/languages/english.lang
15:09:46.609 [FXGL Background Thread 4 ] DEBUG FXGLAssetLoaderServi - Loading from file system: /assets/ui/fonts/Abel-Regular.ttf
15:09:46.613 [FXGL Background Thread 1 ] INFO  FXGLApplication      - FXGL initialization took: 1.052 sec
15:09:46.616 [FXGL Background Thread 4 ] DEBUG FXGLAssetLoaderServi - Loading from file system: /assets/ui/fonts/lucida_console.ttf
15:09:46.621 [JavaFX Application Thread] DEBUG Input                - Registered new binding: Player1 Move Forward - W
15:09:46.623 [FXGL Background Thread 4 ] DEBUG FXGLAssetLoaderServi - Loading from file system: /assets/ui/fonts/Courier-Prime.ttf
15:09:46.622 [JavaFX Application Thread] DEBUG Input                - Registered new binding: Player1 Move Backward - S
15:09:46.625 [JavaFX Application Thread] DEBUG Input                - Registered new binding: Player1 Rotate Left - A
15:09:46.626 [JavaFX Application Thread] DEBUG Input                - Registered new binding: Player1 Rotate Right - D
15:09:46.630 [JavaFX Application Thread] DEBUG Input                - Registered new binding: Player1Shoot - C
15:09:46.632 [JavaFX Application Thread] DEBUG Input                - Registered new binding: Player2 Move Forward - I
15:09:46.633 [JavaFX Application Thread] DEBUG Input                - Registered new binding: Player2 Move Backward - K
15:09:46.635 [JavaFX Application Thread] DEBUG Input                - Registered new binding: Player2 Rotate Left - J
15:09:46.635 [JavaFX Application Thread] DEBUG Input                - Registered new binding: Player2 Rotate Right - L
15:09:46.636 [JavaFX Application Thread] DEBUG Input                - Registered new binding: Player2Shoot - Period
15:09:46.637 [JavaFX Application Thread] DEBUG FXGLAssetLoaderServi - Loading from file system: /assets/textures/tank.png
15:09:46.660 [JavaFX Application Thread] DEBUG FXGLAssetLoaderServi - Loading from file system: /assets/ui/cursors/fxgl_default.png
15:09:46.666 [JavaFX Application Thread] DEBUG Input                - Registered new binding: Screenshot - P
15:09:46.667 [JavaFX Application Thread] DEBUG Input                - Registered new binding: System info dump - CTRL+9
15:09:46.668 [JavaFX Application Thread] DEBUG Input                - Registered new binding: Restart - CTRL+R
15:09:46.669 [JavaFX Application Thread] DEBUG Input                - Registered new binding: Toggle Debug Camera - CTRL+C
15:09:46.672 [JavaFX Application Thread] DEBUG LoopRunner           - Starting loop
15:09:46.679 [JavaFX Application Thread] DEBUG Input                - Clearing active input actions
15:09:46.723 [JavaFX Application Thread] DEBUG GameApplicationServi - Removing overlay from StartupScene and adding to FXGLMainMenuDummyScene
15:09:46.726 [JavaFX Application Thread] DEBUG MainWindow           - StartupScene -> FXGLMainMenuDummyScene
15:09:46.727 [JavaFX Application Thread] DEBUG MainWindow           - Push state: FXGLDefaultMenu
15:09:46.734 [JavaFX Application Thread] DEBUG Input                - Clearing active input actions
15:09:46.755 [JavaFX Application Thread] DEBUG GameApplicationServi - Removing overlay from FXGLMainMenuDummyScene and adding to FXGLDefaultMenu
15:09:46.757 [JavaFX Application Thread] DEBUG MainWindow           - FXGLMainMenuDummyScene -> FXGLDefaultMenu
15:09:46.789 [JavaFX Application Thread] DEBUG FXGLApplication      - Registering font factories with UI factory
15:09:47.771 [FXGL Background Thread 2 ] INFO  UpdaterService       - Your current version:  11.12
15:09:47.779 [FXGL Background Thread 2 ] INFO  UpdaterService       - Latest stable version: 17.3
15:09:48.454 [JavaFX Application Thread] DEBUG Menu                 - fireNewGame()
15:09:48.455 [JavaFX Application Thread] DEBUG GameApplicationServi - Starting new game
15:09:48.459 [JavaFX Application Thread] DEBUG MainWindow           - Pop state: FXGLDefaultMenu
15:09:48.459 [JavaFX Application Thread] DEBUG Input                - Clearing active input actions
15:09:48.462 [JavaFX Application Thread] DEBUG GameApplicationServi - Removing overlay from FXGLDefaultMenu and adding to FXGLMainMenuDummyScene
15:09:48.463 [JavaFX Application Thread] DEBUG MainWindow           - FXGLMainMenuDummyScene <- FXGLDefaultMenu
15:09:48.464 [JavaFX Application Thread] DEBUG Input                - Clearing active input actions
15:09:48.500 [JavaFX Application Thread] DEBUG GameApplicationServi - Removing overlay from FXGLMainMenuDummyScene and adding to FXGLLoadingScene
15:09:48.501 [JavaFX Application Thread] DEBUG MainWindow           - FXGLMainMenuDummyScene -> FXGLLoadingScene
15:09:48.501 [JavaFX Application Thread] DEBUG GameApplicationServi - Clearing previous game
15:09:48.501 [JavaFX Application Thread] DEBUG GameScene            - Clearing game scene
15:09:48.501 [JavaFX Application Thread] DEBUG GameWorld            - Clearing game world
15:09:48.501 [JavaFX Application Thread] DEBUG PhysicsWorld         - Clearing physics world
15:09:48.502 [FXGL Background Thread 2 ] DEBUG FXGLApplication      - Initializing game
15:09:48.519 [FXGL Background Thread 2 ] DEBUG FXGLAssetLoaderServi - Loading from file system: /assets/textures/background.png
15:09:48.554 [FXGL Background Thread 2 ] DEBUG FXGLAssetLoaderServi - Loading from file system: /assets/textures/deadTank.png
15:09:48.578 [FXGL Background Thread 2 ] DEBUG FXGLAssetLoaderServi - Loading from file system: /assets/textures/barrier.png
15:09:48.590 [FXGL Background Thread 2 ] DEBUG FXGLAssetLoaderServi - Loading from cache: /assets/textures/barrier.png
15:09:48.591 [FXGL Background Thread 2 ] DEBUG FXGLAssetLoaderServi - Loading from cache: /assets/textures/barrier.png
15:09:48.595 [FXGL Background Thread 2 ] DEBUG FXGLAssetLoaderServi - Loading from cache: /assets/textures/barrier.png
15:09:48.597 [FXGL Background Thread 2 ] DEBUG FXGLAssetLoaderServi - Loading from file system: /assets/textures/horizontalBarrier.png
15:09:48.602 [FXGL Background Thread 2 ] DEBUG FXGLAssetLoaderServi - Loading from cache: /assets/textures/horizontalBarrier.png
15:09:48.604 [FXGL Background Thread 2 ] DEBUG FXGLAssetLoaderServi - Loading from cache: /assets/textures/horizontalBarrier.png
15:09:48.606 [FXGL Background Thread 2 ] DEBUG FXGLAssetLoaderServi - Loading from cache: /assets/textures/horizontalBarrier.png
15:09:48.631 [FXGL Background Thread 2 ] DEBUG FXGLAssetLoaderServi - Loading from cache: /assets/textures/tank.png
15:09:48.655 [FXGL Background Thread 2 ] DEBUG FXGLAssetLoaderServi - Loading from cache: /assets/textures/tank.png
15:09:48.664 [FXGL Background Thread 2 ] INFO  FXGLApplication      - Game initialization took: 0.161 sec
15:09:48.666 [JavaFX Application Thread] DEBUG Input                - Clearing active input actions
15:09:48.683 [JavaFX Application Thread] DEBUG GameApplicationServi - Removing overlay from FXGLLoadingScene and adding to GameScene
15:09:48.685 [JavaFX Application Thread] DEBUG MainWindow           - FXGLLoadingScene -> GameScene
15:09:49.567 [FXGL Background Thread 3 ] DEBUG Engine               - Logging environment variables
15:09:49.570 [FXGL Background Thread 3 ] DEBUG Engine               - achievements: []
15:09:49.570 [FXGL Background Thread 3 ] DEBUG Engine               - actualHeight: 508.0
15:09:49.571 [FXGL Background Thread 3 ] DEBUG Engine               - actualHeightProperty: ReadOnlyDoubleProperty [value: 508.0]
15:09:49.571 [FXGL Background Thread 3 ] DEBUG Engine               - actualWidth: 1017.0
15:09:49.571 [FXGL Background Thread 3 ] DEBUG Engine               - actualWidthProperty: ReadOnlyDoubleProperty [value: 1017.0]
15:09:49.571 [FXGL Background Thread 3 ] DEBUG Engine               - appIcon: tank.png
15:09:49.571 [FXGL Background Thread 3 ] DEBUG Engine               - applicationMode: DEVELOPER
15:09:49.571 [FXGL Background Thread 3 ] DEBUG Engine               - cSSList: [fxgl_dark.css]
15:09:49.571 [FXGL Background Thread 3 ] DEBUG Engine               - configClass: Optional.empty
15:09:49.571 [FXGL Background Thread 3 ] DEBUG Engine               - credits: []
15:09:49.576 [FXGL Background Thread 3 ] DEBUG Engine               - devBBoxColorProperty: ObjectProperty [value: 0xff0000ff]
15:09:49.577 [FXGL Background Thread 3 ] DEBUG Engine               - devEnableDebugCameraProperty: BooleanProperty [value: false]
15:09:49.580 [FXGL Background Thread 3 ] DEBUG Engine               - devSensorColorProperty: ObjectProperty [value: 0xffff00ff]
15:09:49.580 [FXGL Background Thread 3 ] DEBUG Engine               - devShowBBoxProperty: BooleanProperty [value: false]
15:09:49.581 [FXGL Background Thread 3 ] DEBUG Engine               - devShowPositionProperty: BooleanProperty [value: false]
15:09:49.581 [FXGL Background Thread 3 ] DEBUG Engine               - enabledMenuItems: []
15:09:49.582 [FXGL Background Thread 3 ] DEBUG Engine               - engineServices: [class com.almasb.fxgl.app.FXGLApplication$GameApplicationService, class com.almasb.fxgl.app.services.FXGLDialogService, class com.almasb.fxgl.app.services.IOTaskExecutorService, class com.almasb.fxgl.event.EventBusService, class com.almasb.fxgl.io.FileSystemService, class com.almasb.fxgl.localization.LocalizationService, class com.almasb.fxgl.app.services.FXGLAssetLoaderService, class com.almasb.fxgl.app.services.SystemBundleService, class com.almasb.fxgl.profile.SaveLoadService, class com.almasb.fxgl.ui.FXGLUIFactoryServiceProvider, class com.almasb.fxgl.ui.FXGLDialogFactoryServiceProvider, class com.almasb.fxgl.audio.AudioPlayer, class com.almasb.fxgl.notification.impl.NotificationServiceProvider, class com.almasb.fxgl.achievement.AchievementService, class com.almasb.fxgl.cutscene.CutsceneService, class com.almasb.fxgl.minigames.MiniGameService, class com.almasb.fxgl.net.NetService, class com.almasb.fxgl.app.services.UpdaterService, class com.almasb.fxgl.dev.DevService]
15:09:49.582 [FXGL Background Thread 3 ] DEBUG Engine               - fontGame: Abel-Regular.ttf
15:09:49.582 [FXGL Background Thread 3 ] DEBUG Engine               - fontMono: lucida_console.ttf
15:09:49.582 [FXGL Background Thread 3 ] DEBUG Engine               - fontText: Courier-Prime.ttf
15:09:49.583 [FXGL Background Thread 3 ] DEBUG Engine               - fontUI: VarelaRound-Regular.ttf
15:09:49.583 [FXGL Background Thread 3 ] DEBUG Engine               - fullScreen: BooleanProperty [value: false]
15:09:49.583 [FXGL Background Thread 3 ] DEBUG Engine               - gameDifficulty: MEDIUM
15:09:49.585 [FXGL Background Thread 3 ] DEBUG Engine               - gameDifficultyProperty: ObjectProperty [value: MEDIUM]
15:09:49.585 [FXGL Background Thread 3 ] DEBUG Engine               - globalMusicVolume: 0.5
15:09:49.585 [FXGL Background Thread 3 ] DEBUG Engine               - globalMusicVolumeProperty: DoubleProperty [value: 0.5]
15:09:49.586 [FXGL Background Thread 3 ] DEBUG Engine               - globalSoundVolume: 0.5
15:09:49.586 [FXGL Background Thread 3 ] DEBUG Engine               - globalSoundVolumeProperty: DoubleProperty [value: 0.5]
15:09:49.586 [FXGL Background Thread 3 ] DEBUG Engine               - height: 508
15:09:49.586 [FXGL Background Thread 3 ] DEBUG Engine               - isAndroid: false
15:09:49.586 [FXGL Background Thread 3 ] DEBUG Engine               - isBrowser: false
15:09:49.587 [FXGL Background Thread 3 ] DEBUG Engine               - isClickFeedbackEnabled: false
15:09:49.587 [FXGL Background Thread 3 ] DEBUG Engine               - isCloseConfirmation: false
15:09:49.587 [FXGL Background Thread 3 ] DEBUG Engine               - isDesktop: true
15:09:49.587 [FXGL Background Thread 3 ] DEBUG Engine               - isDeveloperMenuEnabled: false
15:09:49.587 [FXGL Background Thread 3 ] DEBUG Engine               - isEntityPreloadEnabled: true
15:09:49.587 [FXGL Background Thread 3 ] DEBUG Engine               - isExperimental3D: false
15:09:49.587 [FXGL Background Thread 3 ] DEBUG Engine               - isExperimentalNative: false
15:09:49.587 [FXGL Background Thread 3 ] DEBUG Engine               - isExperimentalTiledLargeMap: false
15:09:49.587 [FXGL Background Thread 3 ] DEBUG Engine               - isFileSystemWriteAllowed: true
15:09:49.587 [FXGL Background Thread 3 ] DEBUG Engine               - isFullScreenAllowed: true
15:09:49.587 [FXGL Background Thread 3 ] DEBUG Engine               - isFullScreenFromStart: false
15:09:49.587 [FXGL Background Thread 3 ] DEBUG Engine               - isGameMenuEnabled: true
15:09:49.587 [FXGL Background Thread 3 ] DEBUG Engine               - isIOS: false
15:09:49.588 [FXGL Background Thread 3 ] DEBUG Engine               - isIntroEnabled: false
15:09:49.589 [FXGL Background Thread 3 ] DEBUG Engine               - isLinux: false
15:09:49.589 [FXGL Background Thread 3 ] DEBUG Engine               - isMac: true
15:09:49.589 [FXGL Background Thread 3 ] DEBUG Engine               - isMainMenuEnabled: true
15:09:49.589 [FXGL Background Thread 3 ] DEBUG Engine               - isManualResizeEnabled: true
15:09:49.589 [FXGL Background Thread 3 ] DEBUG Engine               - isMobile: false
15:09:49.589 [FXGL Background Thread 3 ] DEBUG Engine               - isPreserveResizeRatio: true
15:09:49.590 [FXGL Background Thread 3 ] DEBUG Engine               - isProfilingEnabled: false
15:09:49.592 [FXGL Background Thread 3 ] DEBUG Engine               - isScaleAffectedOnResize: true
15:09:49.596 [FXGL Background Thread 3 ] DEBUG Engine               - isSingleStep: false
15:09:49.596 [FXGL Background Thread 3 ] DEBUG Engine               - isUserProfileEnabled: false
15:09:49.596 [FXGL Background Thread 3 ] DEBUG Engine               - isWindows: false
15:09:49.596 [FXGL Background Thread 3 ] DEBUG Engine               - language: ObjectProperty [value: ENGLISH]
15:09:49.597 [FXGL Background Thread 3 ] DEBUG Engine               - menuKey: ESCAPE
15:09:49.597 [FXGL Background Thread 3 ] DEBUG Engine               - notificationViewClass: class com.almasb.fxgl.notification.view.XboxNotificationView
15:09:49.597 [FXGL Background Thread 3 ] DEBUG Engine               - pixelsPerMeter: 50.0
15:09:49.597 [FXGL Background Thread 3 ] DEBUG Engine               - platform: MAC
15:09:49.597 [FXGL Background Thread 3 ] DEBUG Engine               - prefHeightProperty: ReadOnlyDoubleProperty [value: 508.0]
15:09:49.597 [FXGL Background Thread 3 ] DEBUG Engine               - prefWidthProperty: ReadOnlyDoubleProperty [value: 1017.0]
15:09:49.597 [FXGL Background Thread 3 ] DEBUG Engine               - profileDir: profiles/
15:09:49.597 [FXGL Background Thread 3 ] DEBUG Engine               - profileName: StringProperty [value: DEFAULT]
15:09:49.597 [FXGL Background Thread 3 ] DEBUG Engine               - randomSeed: -1
15:09:49.598 [FXGL Background Thread 3 ] DEBUG Engine               - runtimeInfo: RuntimeInfo(platform=MAC, version=11.12, build=11.12.2020 08.51)
15:09:49.598 [FXGL Background Thread 3 ] DEBUG Engine               - saveFileExt: sav
15:09:49.598 [FXGL Background Thread 3 ] DEBUG Engine               - scaledHeightProp$fxgl: DoubleProperty [bound, value: 508.0]
15:09:49.599 [FXGL Background Thread 3 ] DEBUG Engine               - scaledWidthProp$fxgl: DoubleProperty [bound, value: 1017.0]
15:09:49.599 [FXGL Background Thread 3 ] DEBUG Engine               - sceneFactory: com.almasb.fxgl.app.scene.SceneFactory@77d0e082
15:09:49.599 [FXGL Background Thread 3 ] DEBUG Engine               - secondsIn24h: 60
15:09:49.599 [FXGL Background Thread 3 ] DEBUG Engine               - soundMenuBack: menu/back.wav
15:09:49.599 [FXGL Background Thread 3 ] DEBUG Engine               - soundMenuPress: menu/press.wav
15:09:49.599 [FXGL Background Thread 3 ] DEBUG Engine               - soundMenuSelect: menu/select.wav
15:09:49.599 [FXGL Background Thread 3 ] DEBUG Engine               - soundNotification: core/notification.wav
15:09:49.599 [FXGL Background Thread 3 ] DEBUG Engine               - stageStyle: DECORATED
15:09:49.599 [FXGL Background Thread 3 ] DEBUG Engine               - supportedLanguages: [ENGLISH, FRENCH, GERMAN, HUNGARIAN, RUSSIAN]
15:09:49.599 [FXGL Background Thread 3 ] DEBUG Engine               - title: TankGame
15:09:49.599 [FXGL Background Thread 3 ] DEBUG Engine               - urlGithub: https://github.com/AlmasB/FXGL
15:09:49.599 [FXGL Background Thread 3 ] DEBUG Engine               - urlLeaderboard: http://fxgl-top.herokuapp.com/
15:09:49.599 [FXGL Background Thread 3 ] DEBUG Engine               - urlPOM: https://raw.githubusercontent.com/AlmasB/FXGL/master/README.md
15:09:49.599 [FXGL Background Thread 3 ] DEBUG Engine               - version: 1.0
15:09:49.599 [FXGL Background Thread 3 ] DEBUG Engine               - versionCheckDays: 7
15:09:49.599 [FXGL Background Thread 3 ] DEBUG Engine               - width: 1017
15:09:49.600 [FXGL Background Thread 3 ] DEBUG Engine               - Logging services
15:09:49.600 [FXGL Background Thread 3 ] DEBUG Engine               - class com.almasb.fxgl.app.FXGLApplication$GameApplicationService
15:09:49.600 [FXGL Background Thread 3 ] DEBUG Engine               - class com.almasb.fxgl.app.services.FXGLDialogService
15:09:49.602 [FXGL Background Thread 3 ] DEBUG Engine               - class com.almasb.fxgl.app.services.IOTaskExecutorService
15:09:49.604 [FXGL Background Thread 3 ] DEBUG Engine               - class com.almasb.fxgl.event.EventBusService
15:09:49.604 [FXGL Background Thread 3 ] DEBUG Engine               - class com.almasb.fxgl.io.FileSystemService
15:09:49.606 [FXGL Background Thread 3 ] DEBUG Engine               - class com.almasb.fxgl.localization.LocalizationService
15:09:49.606 [FXGL Background Thread 3 ] DEBUG Engine               - class com.almasb.fxgl.app.services.FXGLAssetLoaderService
15:09:49.606 [FXGL Background Thread 3 ] DEBUG Engine               - class com.almasb.fxgl.app.services.SystemBundleService
15:09:49.606 [FXGL Background Thread 3 ] DEBUG Engine               - class com.almasb.fxgl.profile.SaveLoadService
15:09:49.606 [FXGL Background Thread 3 ] DEBUG Engine               - class com.almasb.fxgl.ui.FXGLUIFactoryServiceProvider
15:09:49.606 [FXGL Background Thread 3 ] DEBUG Engine               - class com.almasb.fxgl.ui.FXGLDialogFactoryServiceProvider
15:09:49.606 [FXGL Background Thread 3 ] DEBUG Engine               - class com.almasb.fxgl.audio.AudioPlayer
15:09:49.606 [FXGL Background Thread 3 ] DEBUG Engine               - class com.almasb.fxgl.notification.impl.NotificationServiceProvider
15:09:49.606 [FXGL Background Thread 3 ] DEBUG Engine               - class com.almasb.fxgl.achievement.AchievementService
15:09:49.606 [FXGL Background Thread 3 ] DEBUG Engine               - class com.almasb.fxgl.cutscene.CutsceneService
15:09:49.606 [FXGL Background Thread 3 ] DEBUG Engine               - class com.almasb.fxgl.minigames.MiniGameService
15:09:49.606 [FXGL Background Thread 3 ] DEBUG Engine               - class com.almasb.fxgl.net.NetService
15:09:49.607 [FXGL Background Thread 3 ] DEBUG Engine               - class com.almasb.fxgl.app.services.UpdaterService
15:09:49.607 [FXGL Background Thread 3 ] DEBUG Engine               - class com.almasb.fxgl.dev.DevService
15:09:52.306 [JavaFX Application Thread] DEBUG FXGLApplication      - Exiting FXGL
15:09:52.313 [JavaFX Application Thread] DEBUG LoopRunner           - Stopping loop
15:09:52.314 [JavaFX Application Thread] DEBUG SystemBundleService  - Saving FXGL system data
15:09:52.319 [JavaFX Application Thread] DEBUG FileSystemAccess     - Writing to: /Users/Mies/IdeaProjects/BasicGame/system/fxgl.bundle
15:09:52.325 [JavaFX Application Thread] DEBUG Async                - Shutting down background threads
15:09:52.326 [JavaFX Application Thread] DEBUG MainWindow           - Closing main window
15:09:52.341 [JavaFX Application Thread] DEBUG Logger               - Closing Logger
