15:11:06.336 [main                     ] DEBUG Logger               - Configured Logger
15:11:06.364 [main                     ] DEBUG GameApplication      - Logging settings
Title: TankGame
Version: 1.0
Width: 1017
Height: 508
Fullscreen: true
Intro: false
Profiling: false
Single step:false
App Mode: DEVELOPER
Menu Key: ESCAPE
Stage Style: DECORATED
Scene Factory: class com.almasb.fxgl.app.scene.SceneFactory

15:11:06.751 [JavaFX Application Thread] DEBUG FXGLApplication      - Initializing FXGL
15:11:06.756 [JavaFX Application Thread] INFO  Engine               - FXGL-11.12 (11.12.2020 08.51) on MAC (J:14 FX:15)
15:11:06.757 [JavaFX Application Thread] DEBUG Engine               - JRE Vendor Name: Oracle Corporation
15:11:06.757 [JavaFX Application Thread] DEBUG Engine               - Running on OS: Mac OS X version 10.16
15:11:06.757 [JavaFX Application Thread] DEBUG Engine               - Architecture: x86_64
15:11:06.757 [JavaFX Application Thread] INFO  Engine               - Source code and latest versions at: https://github.com/AlmasB/FXGL
15:11:06.758 [JavaFX Application Thread] INFO  Engine               -              Join the FXGL chat at: https://gitter.im/AlmasB/FXGL
15:11:06.871 [JavaFX Application Thread] DEBUG MainWindow           - Creating a JavaFX scene
15:11:06.923 [JavaFX Application Thread] DEBUG MainWindow           - Target settings size: 1017.0 x 508.0
15:11:06.924 [JavaFX Application Thread] DEBUG MainWindow           - Scaled scene size:    1017.0 x 508.0
15:11:06.925 [JavaFX Application Thread] DEBUG MainWindow           - Scaled ratio: (1.0, 1.0)
15:11:06.926 [JavaFX Application Thread] DEBUG MainWindow           - Set initial scene to StartupScene
15:11:06.931 [JavaFX Application Thread] DEBUG MainWindow           - Opening main window
15:11:07.037 [JavaFX Application Thread] DEBUG MainWindow           - Window border size: (0.0, 28.0)
15:11:07.038 [JavaFX Application Thread] DEBUG MainWindow           - Scaled size: 1017.0 x 508.0
15:11:07.038 [JavaFX Application Thread] DEBUG MainWindow           - Scaled ratio: (1.0, 1.0)
15:11:07.038 [JavaFX Application Thread] DEBUG MainWindow           - Scene size: 1017.0 x 508.0
15:11:07.038 [JavaFX Application Thread] DEBUG MainWindow           - Stage size: 1017.0 x 536.0
15:11:07.046 [FXGL Background Thread 1 ] DEBUG Engine               - Initializing environment variables
15:11:07.138 [FXGL Background Thread 1 ] DEBUG GameApplicationServi - Applying CSS: fxgl_dark.css
15:11:07.139 [FXGL Background Thread 1 ] DEBUG FXGLAssetLoaderServi - Loading from file system: /assets/ui/css/fxgl_dark.css
15:11:07.355 [FXGL Background Thread 1 ] DEBUG GameApplicationServi - Initializing application scenes
15:11:07.600 [FXGL Background Thread 1 ] DEBUG GameWorld            - Game world initialized
15:11:07.647 [FXGL Background Thread 1 ] DEBUG PhysicsWorld         - Physics world initialized: appHeight=508, physics.ppm=50.0
15:11:07.652 [FXGL Background Thread 1 ] DEBUG GameScene            - Game scene initialized: 1017x508
15:11:07.696 [FXGL Background Thread 1 ] DEBUG FXGLAssetLoaderServi - Loading from file system: /assets/textures/particles/trace_horizontal.png
15:11:07.748 [FXGL Background Thread 1 ] WARN  FXGL.DefaultMenu     - FXGLDefaultMenu is not designed for resolutions < 800x600
15:11:07.749 [FXGL Background Thread 1 ] DEBUG FXGL.DefaultMenu     - createMenuBodyMainMenu()
15:11:07.769 [FXGL Background Thread 1 ] DEBUG FXGL.DefaultMenu     - createOptionsMenu()
15:11:07.778 [FXGL Background Thread 1 ] DEBUG FXGLAssetLoaderServi - Loading from file system: /assets/textures/particles/smoke.png
15:11:07.882 [FXGL Background Thread 1 ] DEBUG FXGLAssetLoaderServi - Loading from cache: /assets/textures/particles/trace_horizontal.png@64.0x64.0
15:11:07.884 [FXGL Background Thread 1 ] WARN  FXGL.DefaultMenu     - FXGLDefaultMenu is not designed for resolutions < 800x600
15:11:07.884 [FXGL Background Thread 1 ] DEBUG FXGL.DefaultMenu     - createMenuBodyGameMenu()
15:11:07.886 [FXGL Background Thread 1 ] DEBUG FXGL.DefaultMenu     - createOptionsMenu()
15:11:07.891 [FXGL Background Thread 1 ] DEBUG FXGLAssetLoaderServi - Loading from cache: /assets/textures/particles/smoke.png@128.0x128.0
15:11:07.930 [FXGL Background Thread 1 ] DEBUG GameApplicationServi - Application scenes initialized
15:11:07.944 [FXGL Background Thread 1 ] DEBUG SystemBundleService  - Loading FXGL system data
15:11:07.952 [FXGL Background Thread 1 ] DEBUG FileSystemAccess     - Reading from: /Users/Mies/IdeaProjects/BasicGame/system/fxgl.bundle
15:11:07.962 [FXGL Background Thread 1 ] DEBUG SystemBundleService  - Bundle FXGL: {}
15:11:07.962 [FXGL Background Thread 1 ] DEBUG UpdaterService       - Checking for updates
15:11:07.970 [FXGL Background Thread 4 ] DEBUG FXGLApplication      - Loading fonts
15:11:07.971 [FXGL Background Thread 4 ] DEBUG FXGLAssetLoaderServi - Loading from file system: /assets/ui/fonts/VarelaRound-Regular.ttf
15:11:07.977 [FXGL Background Thread 1 ] DEBUG FXGLApplication      - Loading default localization
15:11:07.980 [FXGL Background Thread 1 ] DEBUG FXGLAssetLoaderServi - Loading from file system: /assets/languages/english.lang
15:11:08.014 [FXGL Background Thread 4 ] DEBUG FXGLAssetLoaderServi - Loading from file system: /assets/ui/fonts/Abel-Regular.ttf
15:11:08.024 [FXGL Background Thread 4 ] DEBUG FXGLAssetLoaderServi - Loading from file system: /assets/ui/fonts/lucida_console.ttf
15:11:08.024 [FXGL Background Thread 1 ] INFO  FXGLApplication      - FXGL initialization took: 0.977 sec
15:11:08.036 [JavaFX Application Thread] DEBUG Input                - Registered new binding: Player1 Move Forward - W
15:11:08.035 [FXGL Background Thread 4 ] DEBUG FXGLAssetLoaderServi - Loading from file system: /assets/ui/fonts/Courier-Prime.ttf
15:11:08.037 [JavaFX Application Thread] DEBUG Input                - Registered new binding: Player1 Move Backward - S
15:11:08.039 [JavaFX Application Thread] DEBUG Input                - Registered new binding: Player1 Rotate Left - A
15:11:08.040 [JavaFX Application Thread] DEBUG Input                - Registered new binding: Player1 Rotate Right - D
15:11:08.047 [JavaFX Application Thread] DEBUG Input                - Registered new binding: Player1Shoot - C
15:11:08.049 [JavaFX Application Thread] DEBUG Input                - Registered new binding: Player2 Move Forward - I
15:11:08.051 [JavaFX Application Thread] DEBUG Input                - Registered new binding: Player2 Move Backward - K
15:11:08.052 [JavaFX Application Thread] DEBUG Input                - Registered new binding: Player2 Rotate Left - J
15:11:08.053 [JavaFX Application Thread] DEBUG Input                - Registered new binding: Player2 Rotate Right - L
15:11:08.054 [JavaFX Application Thread] DEBUG Input                - Registered new binding: Player2Shoot - Period
15:11:08.054 [JavaFX Application Thread] DEBUG FXGLAssetLoaderServi - Loading from file system: /assets/textures/tank.png
15:11:08.110 [JavaFX Application Thread] DEBUG FXGLAssetLoaderServi - Loading from file system: /assets/ui/cursors/fxgl_default.png
15:11:08.115 [JavaFX Application Thread] DEBUG Input                - Registered new binding: Screenshot - P
15:11:08.116 [JavaFX Application Thread] DEBUG Input                - Registered new binding: System info dump - CTRL+9
15:11:08.116 [JavaFX Application Thread] DEBUG Input                - Registered new binding: Restart - CTRL+R
15:11:08.116 [JavaFX Application Thread] DEBUG Input                - Registered new binding: Toggle Debug Camera - CTRL+C
15:11:08.120 [JavaFX Application Thread] DEBUG LoopRunner           - Starting loop
15:11:08.126 [JavaFX Application Thread] DEBUG Input                - Clearing active input actions
15:11:08.167 [JavaFX Application Thread] DEBUG GameApplicationServi - Removing overlay from StartupScene and adding to FXGLMainMenuDummyScene
15:11:08.169 [JavaFX Application Thread] DEBUG MainWindow           - StartupScene -> FXGLMainMenuDummyScene
15:11:08.169 [JavaFX Application Thread] DEBUG MainWindow           - Push state: FXGLDefaultMenu
15:11:08.175 [JavaFX Application Thread] DEBUG Input                - Clearing active input actions
15:11:08.190 [JavaFX Application Thread] DEBUG GameApplicationServi - Removing overlay from FXGLMainMenuDummyScene and adding to FXGLDefaultMenu
15:11:08.191 [JavaFX Application Thread] DEBUG MainWindow           - FXGLMainMenuDummyScene -> FXGLDefaultMenu
15:11:08.223 [JavaFX Application Thread] DEBUG FXGLApplication      - Registering font factories with UI factory
15:11:09.440 [FXGL Background Thread 2 ] INFO  UpdaterService       - Your current version:  11.12
15:11:09.444 [FXGL Background Thread 2 ] INFO  UpdaterService       - Latest stable version: 17.3
15:11:09.938 [JavaFX Application Thread] DEBUG Menu                 - fireNewGame()
15:11:09.940 [JavaFX Application Thread] DEBUG GameApplicationServi - Starting new game
15:11:09.942 [JavaFX Application Thread] DEBUG MainWindow           - Pop state: FXGLDefaultMenu
15:11:09.943 [JavaFX Application Thread] DEBUG Input                - Clearing active input actions
15:11:09.945 [JavaFX Application Thread] DEBUG GameApplicationServi - Removing overlay from FXGLDefaultMenu and adding to FXGLMainMenuDummyScene
15:11:09.946 [JavaFX Application Thread] DEBUG MainWindow           - FXGLMainMenuDummyScene <- FXGLDefaultMenu
15:11:09.948 [JavaFX Application Thread] DEBUG Input                - Clearing active input actions
15:11:09.988 [JavaFX Application Thread] DEBUG GameApplicationServi - Removing overlay from FXGLMainMenuDummyScene and adding to FXGLLoadingScene
15:11:09.989 [JavaFX Application Thread] DEBUG MainWindow           - FXGLMainMenuDummyScene -> FXGLLoadingScene
15:11:09.989 [JavaFX Application Thread] DEBUG GameApplicationServi - Clearing previous game
15:11:09.989 [JavaFX Application Thread] DEBUG GameScene            - Clearing game scene
15:11:09.989 [JavaFX Application Thread] DEBUG GameWorld            - Clearing game world
15:11:09.989 [JavaFX Application Thread] DEBUG PhysicsWorld         - Clearing physics world
15:11:09.992 [FXGL Background Thread 2 ] DEBUG FXGLApplication      - Initializing game
15:11:10.021 [FXGL Background Thread 2 ] DEBUG FXGLAssetLoaderServi - Loading from file system: /assets/textures/background.png
15:11:10.063 [FXGL Background Thread 2 ] DEBUG FXGLAssetLoaderServi - Loading from file system: /assets/textures/deadTank.png
15:11:10.080 [FXGL Background Thread 2 ] DEBUG FXGLAssetLoaderServi - Loading from file system: /assets/textures/barrier.png
15:11:10.103 [FXGL Background Thread 2 ] DEBUG FXGLAssetLoaderServi - Loading from cache: /assets/textures/barrier.png
15:11:10.105 [FXGL Background Thread 2 ] DEBUG FXGLAssetLoaderServi - Loading from cache: /assets/textures/barrier.png
15:11:10.109 [FXGL Background Thread 2 ] DEBUG FXGLAssetLoaderServi - Loading from cache: /assets/textures/barrier.png
15:11:10.111 [FXGL Background Thread 2 ] DEBUG FXGLAssetLoaderServi - Loading from file system: /assets/textures/horizontalBarrier.png
15:11:10.114 [FXGL Background Thread 2 ] DEBUG FXGLAssetLoaderServi - Loading from cache: /assets/textures/horizontalBarrier.png
15:11:10.115 [FXGL Background Thread 2 ] DEBUG FXGLAssetLoaderServi - Loading from cache: /assets/textures/horizontalBarrier.png
15:11:10.116 [FXGL Background Thread 2 ] DEBUG FXGLAssetLoaderServi - Loading from cache: /assets/textures/horizontalBarrier.png
15:11:10.142 [FXGL Background Thread 2 ] DEBUG FXGLAssetLoaderServi - Loading from cache: /assets/textures/tank.png
15:11:10.162 [FXGL Background Thread 2 ] DEBUG FXGLAssetLoaderServi - Loading from cache: /assets/textures/tank.png
15:11:10.171 [FXGL Background Thread 2 ] INFO  FXGLApplication      - Game initialization took: 0.178 sec
15:11:10.173 [JavaFX Application Thread] DEBUG Input                - Clearing active input actions
15:11:10.195 [JavaFX Application Thread] DEBUG GameApplicationServi - Removing overlay from FXGLLoadingScene and adding to GameScene
15:11:10.196 [JavaFX Application Thread] DEBUG MainWindow           - FXGLLoadingScene -> GameScene
15:11:10.972 [FXGL Background Thread 3 ] DEBUG Engine               - Logging environment variables
15:11:10.975 [FXGL Background Thread 3 ] DEBUG Engine               - achievements: []
15:11:10.975 [FXGL Background Thread 3 ] DEBUG Engine               - actualHeight: 508.0
15:11:10.976 [FXGL Background Thread 3 ] DEBUG Engine               - actualHeightProperty: ReadOnlyDoubleProperty [value: 508.0]
15:11:10.976 [FXGL Background Thread 3 ] DEBUG Engine               - actualWidth: 1017.0
15:11:10.976 [FXGL Background Thread 3 ] DEBUG Engine               - actualWidthProperty: ReadOnlyDoubleProperty [value: 1017.0]
15:11:10.976 [FXGL Background Thread 3 ] DEBUG Engine               - appIcon: tank.png
15:11:10.976 [FXGL Background Thread 3 ] DEBUG Engine               - applicationMode: DEVELOPER
15:11:10.976 [FXGL Background Thread 3 ] DEBUG Engine               - cSSList: [fxgl_dark.css]
15:11:10.976 [FXGL Background Thread 3 ] DEBUG Engine               - configClass: Optional.empty
15:11:10.976 [FXGL Background Thread 3 ] DEBUG Engine               - credits: []
15:11:10.979 [FXGL Background Thread 3 ] DEBUG Engine               - devBBoxColorProperty: ObjectProperty [value: 0xff0000ff]
15:11:10.981 [FXGL Background Thread 3 ] DEBUG Engine               - devEnableDebugCameraProperty: BooleanProperty [value: false]
15:11:10.981 [FXGL Background Thread 3 ] DEBUG Engine               - devSensorColorProperty: ObjectProperty [value: 0xffff00ff]
15:11:10.981 [FXGL Background Thread 3 ] DEBUG Engine               - devShowBBoxProperty: BooleanProperty [value: false]
15:11:10.981 [FXGL Background Thread 3 ] DEBUG Engine               - devShowPositionProperty: BooleanProperty [value: false]
15:11:10.981 [FXGL Background Thread 3 ] DEBUG Engine               - enabledMenuItems: []
15:11:10.981 [FXGL Background Thread 3 ] DEBUG Engine               - engineServices: [class com.almasb.fxgl.app.FXGLApplication$GameApplicationService, class com.almasb.fxgl.app.services.FXGLDialogService, class com.almasb.fxgl.app.services.IOTaskExecutorService, class com.almasb.fxgl.event.EventBusService, class com.almasb.fxgl.io.FileSystemService, class com.almasb.fxgl.localization.LocalizationService, class com.almasb.fxgl.app.services.FXGLAssetLoaderService, class com.almasb.fxgl.app.services.SystemBundleService, class com.almasb.fxgl.profile.SaveLoadService, class com.almasb.fxgl.ui.FXGLUIFactoryServiceProvider, class com.almasb.fxgl.ui.FXGLDialogFactoryServiceProvider, class com.almasb.fxgl.audio.AudioPlayer, class com.almasb.fxgl.notification.impl.NotificationServiceProvider, class com.almasb.fxgl.achievement.AchievementService, class com.almasb.fxgl.cutscene.CutsceneService, class com.almasb.fxgl.minigames.MiniGameService, class com.almasb.fxgl.net.NetService, class com.almasb.fxgl.app.services.UpdaterService, class com.almasb.fxgl.dev.DevService]
15:11:10.981 [FXGL Background Thread 3 ] DEBUG Engine               - fontGame: Abel-Regular.ttf
15:11:10.982 [FXGL Background Thread 3 ] DEBUG Engine               - fontMono: lucida_console.ttf
15:11:10.982 [FXGL Background Thread 3 ] DEBUG Engine               - fontText: Courier-Prime.ttf
15:11:10.982 [FXGL Background Thread 3 ] DEBUG Engine               - fontUI: VarelaRound-Regular.ttf
15:11:10.982 [FXGL Background Thread 3 ] DEBUG Engine               - fullScreen: BooleanProperty [value: false]
15:11:10.983 [FXGL Background Thread 3 ] DEBUG Engine               - gameDifficulty: MEDIUM
15:11:10.983 [FXGL Background Thread 3 ] DEBUG Engine               - gameDifficultyProperty: ObjectProperty [value: MEDIUM]
15:11:10.983 [FXGL Background Thread 3 ] DEBUG Engine               - globalMusicVolume: 0.5
15:11:10.984 [FXGL Background Thread 3 ] DEBUG Engine               - globalMusicVolumeProperty: DoubleProperty [value: 0.5]
15:11:10.984 [FXGL Background Thread 3 ] DEBUG Engine               - globalSoundVolume: 0.5
15:11:10.984 [FXGL Background Thread 3 ] DEBUG Engine               - globalSoundVolumeProperty: DoubleProperty [value: 0.5]
15:11:10.984 [FXGL Background Thread 3 ] DEBUG Engine               - height: 508
15:11:10.985 [FXGL Background Thread 3 ] DEBUG Engine               - isAndroid: false
15:11:10.985 [FXGL Background Thread 3 ] DEBUG Engine               - isBrowser: false
15:11:10.985 [FXGL Background Thread 3 ] DEBUG Engine               - isClickFeedbackEnabled: false
15:11:10.985 [FXGL Background Thread 3 ] DEBUG Engine               - isCloseConfirmation: false
15:11:10.985 [FXGL Background Thread 3 ] DEBUG Engine               - isDesktop: true
15:11:10.985 [FXGL Background Thread 3 ] DEBUG Engine               - isDeveloperMenuEnabled: false
15:11:10.985 [FXGL Background Thread 3 ] DEBUG Engine               - isEntityPreloadEnabled: true
15:11:10.985 [FXGL Background Thread 3 ] DEBUG Engine               - isExperimental3D: false
15:11:10.985 [FXGL Background Thread 3 ] DEBUG Engine               - isExperimentalNative: false
15:11:10.985 [FXGL Background Thread 3 ] DEBUG Engine               - isExperimentalTiledLargeMap: false
15:11:10.986 [FXGL Background Thread 3 ] DEBUG Engine               - isFileSystemWriteAllowed: true
15:11:10.986 [FXGL Background Thread 3 ] DEBUG Engine               - isFullScreenAllowed: true
15:11:10.986 [FXGL Background Thread 3 ] DEBUG Engine               - isFullScreenFromStart: false
15:11:10.986 [FXGL Background Thread 3 ] DEBUG Engine               - isGameMenuEnabled: true
15:11:10.986 [FXGL Background Thread 3 ] DEBUG Engine               - isIOS: false
15:11:10.986 [FXGL Background Thread 3 ] DEBUG Engine               - isIntroEnabled: false
15:11:10.986 [FXGL Background Thread 3 ] DEBUG Engine               - isLinux: false
15:11:10.986 [FXGL Background Thread 3 ] DEBUG Engine               - isMac: true
15:11:10.986 [FXGL Background Thread 3 ] DEBUG Engine               - isMainMenuEnabled: true
15:11:10.986 [FXGL Background Thread 3 ] DEBUG Engine               - isManualResizeEnabled: true
15:11:10.986 [FXGL Background Thread 3 ] DEBUG Engine               - isMobile: false
15:11:10.987 [FXGL Background Thread 3 ] DEBUG Engine               - isPreserveResizeRatio: true
15:11:10.987 [FXGL Background Thread 3 ] DEBUG Engine               - isProfilingEnabled: false
15:11:10.987 [FXGL Background Thread 3 ] DEBUG Engine               - isScaleAffectedOnResize: true
15:11:10.987 [FXGL Background Thread 3 ] DEBUG Engine               - isSingleStep: false
15:11:10.987 [FXGL Background Thread 3 ] DEBUG Engine               - isUserProfileEnabled: false
15:11:10.987 [FXGL Background Thread 3 ] DEBUG Engine               - isWindows: false
15:11:10.989 [FXGL Background Thread 3 ] DEBUG Engine               - language: ObjectProperty [value: ENGLISH]
15:11:10.990 [FXGL Background Thread 3 ] DEBUG Engine               - menuKey: ESCAPE
15:11:10.991 [FXGL Background Thread 3 ] DEBUG Engine               - notificationViewClass: class com.almasb.fxgl.notification.view.XboxNotificationView
15:11:10.991 [FXGL Background Thread 3 ] DEBUG Engine               - pixelsPerMeter: 50.0
15:11:10.991 [FXGL Background Thread 3 ] DEBUG Engine               - platform: MAC
15:11:10.991 [FXGL Background Thread 3 ] DEBUG Engine               - prefHeightProperty: ReadOnlyDoubleProperty [value: 508.0]
15:11:10.991 [FXGL Background Thread 3 ] DEBUG Engine               - prefWidthProperty: ReadOnlyDoubleProperty [value: 1017.0]
15:11:10.991 [FXGL Background Thread 3 ] DEBUG Engine               - profileDir: profiles/
15:11:10.991 [FXGL Background Thread 3 ] DEBUG Engine               - profileName: StringProperty [value: DEFAULT]
15:11:10.991 [FXGL Background Thread 3 ] DEBUG Engine               - randomSeed: -1
15:11:10.992 [FXGL Background Thread 3 ] DEBUG Engine               - runtimeInfo: RuntimeInfo(platform=MAC, version=11.12, build=11.12.2020 08.51)
15:11:10.992 [FXGL Background Thread 3 ] DEBUG Engine               - saveFileExt: sav
15:11:10.992 [FXGL Background Thread 3 ] DEBUG Engine               - scaledHeightProp$fxgl: DoubleProperty [bound, value: 508.0]
15:11:10.992 [FXGL Background Thread 3 ] DEBUG Engine               - scaledWidthProp$fxgl: DoubleProperty [bound, value: 1017.0]
15:11:10.992 [FXGL Background Thread 3 ] DEBUG Engine               - sceneFactory: com.almasb.fxgl.app.scene.SceneFactory@1a720d65
15:11:10.992 [FXGL Background Thread 3 ] DEBUG Engine               - secondsIn24h: 60
15:11:10.992 [FXGL Background Thread 3 ] DEBUG Engine               - soundMenuBack: menu/back.wav
15:11:10.992 [FXGL Background Thread 3 ] DEBUG Engine               - soundMenuPress: menu/press.wav
15:11:10.992 [FXGL Background Thread 3 ] DEBUG Engine               - soundMenuSelect: menu/select.wav
15:11:10.992 [FXGL Background Thread 3 ] DEBUG Engine               - soundNotification: core/notification.wav
15:11:10.992 [FXGL Background Thread 3 ] DEBUG Engine               - stageStyle: DECORATED
15:11:10.992 [FXGL Background Thread 3 ] DEBUG Engine               - supportedLanguages: [ENGLISH, FRENCH, GERMAN, HUNGARIAN, RUSSIAN]
15:11:10.992 [FXGL Background Thread 3 ] DEBUG Engine               - title: TankGame
15:11:10.993 [FXGL Background Thread 3 ] DEBUG Engine               - urlGithub: https://github.com/AlmasB/FXGL
15:11:10.993 [FXGL Background Thread 3 ] DEBUG Engine               - urlLeaderboard: http://fxgl-top.herokuapp.com/
15:11:10.993 [FXGL Background Thread 3 ] DEBUG Engine               - urlPOM: https://raw.githubusercontent.com/AlmasB/FXGL/master/README.md
15:11:10.993 [FXGL Background Thread 3 ] DEBUG Engine               - version: 1.0
15:11:10.993 [FXGL Background Thread 3 ] DEBUG Engine               - versionCheckDays: 7
15:11:10.993 [FXGL Background Thread 3 ] DEBUG Engine               - width: 1017
15:11:10.993 [FXGL Background Thread 3 ] DEBUG Engine               - Logging services
15:11:10.993 [FXGL Background Thread 3 ] DEBUG Engine               - class com.almasb.fxgl.app.FXGLApplication$GameApplicationService
15:11:10.993 [FXGL Background Thread 3 ] DEBUG Engine               - class com.almasb.fxgl.app.services.FXGLDialogService
15:11:10.993 [FXGL Background Thread 3 ] DEBUG Engine               - class com.almasb.fxgl.app.services.IOTaskExecutorService
15:11:10.993 [FXGL Background Thread 3 ] DEBUG Engine               - class com.almasb.fxgl.event.EventBusService
15:11:10.993 [FXGL Background Thread 3 ] DEBUG Engine               - class com.almasb.fxgl.io.FileSystemService
15:11:10.993 [FXGL Background Thread 3 ] DEBUG Engine               - class com.almasb.fxgl.localization.LocalizationService
15:11:10.993 [FXGL Background Thread 3 ] DEBUG Engine               - class com.almasb.fxgl.app.services.FXGLAssetLoaderService
15:11:10.993 [FXGL Background Thread 3 ] DEBUG Engine               - class com.almasb.fxgl.app.services.SystemBundleService
15:11:10.994 [FXGL Background Thread 3 ] DEBUG Engine               - class com.almasb.fxgl.profile.SaveLoadService
15:11:10.994 [FXGL Background Thread 3 ] DEBUG Engine               - class com.almasb.fxgl.ui.FXGLUIFactoryServiceProvider
15:11:10.995 [FXGL Background Thread 3 ] DEBUG Engine               - class com.almasb.fxgl.ui.FXGLDialogFactoryServiceProvider
15:11:10.996 [FXGL Background Thread 3 ] DEBUG Engine               - class com.almasb.fxgl.audio.AudioPlayer
15:11:10.996 [FXGL Background Thread 3 ] DEBUG Engine               - class com.almasb.fxgl.notification.impl.NotificationServiceProvider
15:11:10.997 [FXGL Background Thread 3 ] DEBUG Engine               - class com.almasb.fxgl.achievement.AchievementService
15:11:10.997 [FXGL Background Thread 3 ] DEBUG Engine               - class com.almasb.fxgl.cutscene.CutsceneService
15:11:11.002 [FXGL Background Thread 3 ] DEBUG Engine               - class com.almasb.fxgl.minigames.MiniGameService
15:11:11.002 [FXGL Background Thread 3 ] DEBUG Engine               - class com.almasb.fxgl.net.NetService
15:11:11.002 [FXGL Background Thread 3 ] DEBUG Engine               - class com.almasb.fxgl.app.services.UpdaterService
15:11:11.002 [FXGL Background Thread 3 ] DEBUG Engine               - class com.almasb.fxgl.dev.DevService
15:11:15.012 [JavaFX Application Thread] DEBUG FXGLApplication      - Exiting FXGL
15:11:15.014 [JavaFX Application Thread] DEBUG LoopRunner           - Stopping loop
15:11:15.014 [JavaFX Application Thread] DEBUG SystemBundleService  - Saving FXGL system data
15:11:15.019 [JavaFX Application Thread] DEBUG FileSystemAccess     - Writing to: /Users/Mies/IdeaProjects/BasicGame/system/fxgl.bundle
15:11:15.027 [JavaFX Application Thread] DEBUG Async                - Shutting down background threads
15:11:15.027 [JavaFX Application Thread] DEBUG MainWindow           - Closing main window
15:11:15.039 [JavaFX Application Thread] DEBUG Logger               - Closing Logger
