15:11:40.274 [main                     ] DEBUG Logger               - Configured Logger
15:11:40.312 [main                     ] DEBUG GameApplication      - Logging settings
Title: TankGame
Version: 1.0
Width: 1017
Height: 508
Fullscreen: true
Intro: false
Profiling: false
Single step:false
App Mode: DEVELOPER
Menu Key: ESCAPE
Stage Style: DECORATED
Scene Factory: class com.almasb.fxgl.app.scene.SceneFactory

15:11:41.082 [JavaFX Application Thread] DEBUG FXGLApplication      - Initializing FXGL
15:11:41.089 [JavaFX Application Thread] INFO  Engine               - FXGL-11.12 (11.12.2020 08.51) on MAC (J:14 FX:15)
15:11:41.090 [JavaFX Application Thread] DEBUG Engine               - JRE Vendor Name: Oracle Corporation
15:11:41.090 [JavaFX Application Thread] DEBUG Engine               - Running on OS: Mac OS X version 10.16
15:11:41.090 [JavaFX Application Thread] DEBUG Engine               - Architecture: x86_64
15:11:41.090 [JavaFX Application Thread] INFO  Engine               - Source code and latest versions at: https://github.com/AlmasB/FXGL
15:11:41.091 [JavaFX Application Thread] INFO  Engine               -              Join the FXGL chat at: https://gitter.im/AlmasB/FXGL
15:11:41.237 [JavaFX Application Thread] DEBUG MainWindow           - Creating a JavaFX scene
15:11:41.303 [JavaFX Application Thread] DEBUG MainWindow           - Target settings size: 1017.0 x 508.0
15:11:41.305 [JavaFX Application Thread] DEBUG MainWindow           - Scaled scene size:    1017.0 x 508.0
15:11:41.305 [JavaFX Application Thread] DEBUG MainWindow           - Scaled ratio: (1.0, 1.0)
15:11:41.306 [JavaFX Application Thread] DEBUG MainWindow           - Set initial scene to StartupScene
15:11:41.313 [JavaFX Application Thread] DEBUG MainWindow           - Opening main window
15:11:41.523 [JavaFX Application Thread] DEBUG MainWindow           - Window border size: (0.0, 28.0)
15:11:41.523 [JavaFX Application Thread] DEBUG MainWindow           - Scaled size: 1017.0 x 508.0
15:11:41.524 [JavaFX Application Thread] DEBUG MainWindow           - Scaled ratio: (1.0, 1.0)
15:11:41.524 [JavaFX Application Thread] DEBUG MainWindow           - Scene size: 1017.0 x 508.0
15:11:41.524 [JavaFX Application Thread] DEBUG MainWindow           - Stage size: 1017.0 x 536.0
15:11:41.596 [FXGL Background Thread 1 ] DEBUG Engine               - Initializing environment variables
15:11:41.813 [FXGL Background Thread 1 ] DEBUG GameApplicationServi - Applying CSS: fxgl_dark.css
15:11:41.821 [FXGL Background Thread 1 ] DEBUG FXGLAssetLoaderServi - Loading from file system: /assets/ui/css/fxgl_dark.css
15:11:41.976 [FXGL Background Thread 1 ] DEBUG GameApplicationServi - Initializing application scenes
15:11:42.189 [FXGL Background Thread 1 ] DEBUG GameWorld            - Game world initialized
15:11:42.240 [FXGL Background Thread 1 ] DEBUG PhysicsWorld         - Physics world initialized: appHeight=508, physics.ppm=50.0
15:11:42.248 [FXGL Background Thread 1 ] DEBUG GameScene            - Game scene initialized: 1017x508
15:11:42.290 [FXGL Background Thread 1 ] DEBUG FXGLAssetLoaderServi - Loading from file system: /assets/textures/particles/trace_horizontal.png
15:11:42.342 [FXGL Background Thread 1 ] WARN  FXGL.DefaultMenu     - FXGLDefaultMenu is not designed for resolutions < 800x600
15:11:42.342 [FXGL Background Thread 1 ] DEBUG FXGL.DefaultMenu     - createMenuBodyMainMenu()
15:11:42.365 [FXGL Background Thread 1 ] DEBUG FXGL.DefaultMenu     - createOptionsMenu()
15:11:42.374 [FXGL Background Thread 1 ] DEBUG FXGLAssetLoaderServi - Loading from file system: /assets/textures/particles/smoke.png
15:11:42.469 [FXGL Background Thread 1 ] DEBUG FXGLAssetLoaderServi - Loading from cache: /assets/textures/particles/trace_horizontal.png@64.0x64.0
15:11:42.470 [FXGL Background Thread 1 ] WARN  FXGL.DefaultMenu     - FXGLDefaultMenu is not designed for resolutions < 800x600
15:11:42.470 [FXGL Background Thread 1 ] DEBUG FXGL.DefaultMenu     - createMenuBodyGameMenu()
15:11:42.471 [FXGL Background Thread 1 ] DEBUG FXGL.DefaultMenu     - createOptionsMenu()
15:11:42.477 [FXGL Background Thread 1 ] DEBUG FXGLAssetLoaderServi - Loading from cache: /assets/textures/particles/smoke.png@128.0x128.0
15:11:42.509 [FXGL Background Thread 1 ] DEBUG GameApplicationServi - Application scenes initialized
15:11:42.524 [FXGL Background Thread 1 ] DEBUG SystemBundleService  - Loading FXGL system data
15:11:42.529 [FXGL Background Thread 1 ] DEBUG FileSystemAccess     - Reading from: /Users/Mies/IdeaProjects/BasicGame/system/fxgl.bundle
15:11:42.535 [FXGL Background Thread 1 ] DEBUG SystemBundleService  - Bundle FXGL: {}
15:11:42.535 [FXGL Background Thread 1 ] DEBUG UpdaterService       - Checking for updates
15:11:42.540 [FXGL Background Thread 4 ] DEBUG FXGLApplication      - Loading fonts
15:11:42.541 [FXGL Background Thread 4 ] DEBUG FXGLAssetLoaderServi - Loading from file system: /assets/ui/fonts/VarelaRound-Regular.ttf
15:11:42.541 [FXGL Background Thread 1 ] DEBUG FXGLApplication      - Loading default localization
15:11:42.543 [FXGL Background Thread 1 ] DEBUG FXGLAssetLoaderServi - Loading from file system: /assets/languages/english.lang
15:11:42.573 [FXGL Background Thread 1 ] INFO  FXGLApplication      - FXGL initialization took: 0.974 sec
15:11:42.581 [FXGL Background Thread 4 ] DEBUG FXGLAssetLoaderServi - Loading from file system: /assets/ui/fonts/Abel-Regular.ttf
15:11:42.583 [JavaFX Application Thread] DEBUG Input                - Registered new binding: Player1 Move Forward - W
15:11:42.586 [FXGL Background Thread 4 ] DEBUG FXGLAssetLoaderServi - Loading from file system: /assets/ui/fonts/lucida_console.ttf
15:11:42.586 [JavaFX Application Thread] DEBUG Input                - Registered new binding: Player1 Move Backward - S
15:11:42.587 [JavaFX Application Thread] DEBUG Input                - Registered new binding: Player1 Rotate Left - A
15:11:42.587 [JavaFX Application Thread] DEBUG Input                - Registered new binding: Player1 Rotate Right - D
15:11:42.587 [JavaFX Application Thread] DEBUG Input                - Registered new binding: Player1Shoot - C
15:11:42.587 [JavaFX Application Thread] DEBUG Input                - Registered new binding: Player2 Move Forward - I
15:11:42.587 [JavaFX Application Thread] DEBUG Input                - Registered new binding: Player2 Move Backward - K
15:11:42.588 [JavaFX Application Thread] DEBUG Input                - Registered new binding: Player2 Rotate Left - J
15:11:42.588 [JavaFX Application Thread] DEBUG Input                - Registered new binding: Player2 Rotate Right - L
15:11:42.588 [JavaFX Application Thread] DEBUG Input                - Registered new binding: Player2Shoot - Period
15:11:42.590 [JavaFX Application Thread] DEBUG FXGLAssetLoaderServi - Loading from file system: /assets/textures/tank.png
15:11:42.592 [FXGL Background Thread 4 ] DEBUG FXGLAssetLoaderServi - Loading from file system: /assets/ui/fonts/Courier-Prime.ttf
15:11:42.626 [JavaFX Application Thread] DEBUG FXGLAssetLoaderServi - Loading from file system: /assets/ui/cursors/fxgl_default.png
15:11:42.635 [JavaFX Application Thread] DEBUG Input                - Registered new binding: Screenshot - P
15:11:42.636 [JavaFX Application Thread] DEBUG Input                - Registered new binding: System info dump - CTRL+9
15:11:42.637 [JavaFX Application Thread] DEBUG Input                - Registered new binding: Restart - CTRL+R
15:11:42.639 [JavaFX Application Thread] DEBUG Input                - Registered new binding: Toggle Debug Camera - CTRL+C
15:11:42.642 [JavaFX Application Thread] DEBUG LoopRunner           - Starting loop
15:11:42.645 [JavaFX Application Thread] DEBUG Input                - Clearing active input actions
15:11:42.718 [JavaFX Application Thread] DEBUG GameApplicationServi - Removing overlay from StartupScene and adding to FXGLMainMenuDummyScene
15:11:42.722 [JavaFX Application Thread] DEBUG MainWindow           - StartupScene -> FXGLMainMenuDummyScene
15:11:42.722 [JavaFX Application Thread] DEBUG MainWindow           - Push state: FXGLDefaultMenu
15:11:42.733 [JavaFX Application Thread] DEBUG Input                - Clearing active input actions
15:11:42.744 [JavaFX Application Thread] DEBUG GameApplicationServi - Removing overlay from FXGLMainMenuDummyScene and adding to FXGLDefaultMenu
15:11:42.746 [JavaFX Application Thread] DEBUG MainWindow           - FXGLMainMenuDummyScene -> FXGLDefaultMenu
15:11:42.840 [JavaFX Application Thread] DEBUG FXGLApplication      - Registering font factories with UI factory
15:11:43.368 [FXGL Background Thread 2 ] INFO  UpdaterService       - Your current version:  11.12
15:11:43.373 [FXGL Background Thread 2 ] INFO  UpdaterService       - Latest stable version: 17.3
15:11:45.038 [JavaFX Application Thread] DEBUG Menu                 - fireNewGame()
15:11:45.041 [JavaFX Application Thread] DEBUG GameApplicationServi - Starting new game
15:11:45.047 [JavaFX Application Thread] DEBUG MainWindow           - Pop state: FXGLDefaultMenu
15:11:45.047 [JavaFX Application Thread] DEBUG Input                - Clearing active input actions
15:11:45.052 [JavaFX Application Thread] DEBUG GameApplicationServi - Removing overlay from FXGLDefaultMenu and adding to FXGLMainMenuDummyScene
15:11:45.054 [JavaFX Application Thread] DEBUG MainWindow           - FXGLMainMenuDummyScene <- FXGLDefaultMenu
15:11:45.058 [JavaFX Application Thread] DEBUG Input                - Clearing active input actions
15:11:45.095 [JavaFX Application Thread] DEBUG GameApplicationServi - Removing overlay from FXGLMainMenuDummyScene and adding to FXGLLoadingScene
15:11:45.096 [JavaFX Application Thread] DEBUG MainWindow           - FXGLMainMenuDummyScene -> FXGLLoadingScene
15:11:45.096 [JavaFX Application Thread] DEBUG GameApplicationServi - Clearing previous game
15:11:45.096 [JavaFX Application Thread] DEBUG GameScene            - Clearing game scene
15:11:45.096 [JavaFX Application Thread] DEBUG GameWorld            - Clearing game world
15:11:45.097 [JavaFX Application Thread] DEBUG PhysicsWorld         - Clearing physics world
15:11:45.100 [FXGL Background Thread 2 ] DEBUG FXGLApplication      - Initializing game
15:11:45.130 [FXGL Background Thread 2 ] DEBUG FXGLAssetLoaderServi - Loading from file system: /assets/textures/background.png
15:11:45.171 [FXGL Background Thread 2 ] DEBUG FXGLAssetLoaderServi - Loading from file system: /assets/textures/deadTank.png
15:11:45.187 [FXGL Background Thread 2 ] DEBUG FXGLAssetLoaderServi - Loading from file system: /assets/textures/barrier.png
15:11:45.201 [FXGL Background Thread 2 ] DEBUG FXGLAssetLoaderServi - Loading from cache: /assets/textures/barrier.png
15:11:45.202 [FXGL Background Thread 2 ] DEBUG FXGLAssetLoaderServi - Loading from cache: /assets/textures/barrier.png
15:11:45.205 [FXGL Background Thread 2 ] DEBUG FXGLAssetLoaderServi - Loading from cache: /assets/textures/barrier.png
15:11:45.208 [FXGL Background Thread 2 ] DEBUG FXGLAssetLoaderServi - Loading from file system: /assets/textures/horizontalBarrier.png
15:11:45.209 [FXGL Background Thread 2 ] DEBUG FXGLAssetLoaderServi - Loading from cache: /assets/textures/horizontalBarrier.png
15:11:45.211 [FXGL Background Thread 2 ] DEBUG FXGLAssetLoaderServi - Loading from cache: /assets/textures/horizontalBarrier.png
15:11:45.214 [FXGL Background Thread 2 ] DEBUG FXGLAssetLoaderServi - Loading from cache: /assets/textures/horizontalBarrier.png
15:11:45.269 [FXGL Background Thread 2 ] DEBUG FXGLAssetLoaderServi - Loading from cache: /assets/textures/tank.png
15:11:45.292 [FXGL Background Thread 2 ] DEBUG FXGLAssetLoaderServi - Loading from cache: /assets/textures/tank.png
15:11:45.297 [FXGL Background Thread 2 ] INFO  FXGLApplication      - Game initialization took: 0.197 sec
15:11:45.298 [JavaFX Application Thread] DEBUG Input                - Clearing active input actions
15:11:45.325 [JavaFX Application Thread] DEBUG GameApplicationServi - Removing overlay from FXGLLoadingScene and adding to GameScene
15:11:45.326 [JavaFX Application Thread] DEBUG MainWindow           - FXGLLoadingScene -> GameScene
15:11:45.545 [FXGL Background Thread 3 ] DEBUG Engine               - Logging environment variables
15:11:45.545 [FXGL Background Thread 3 ] DEBUG Engine               - achievements: []
15:11:45.546 [FXGL Background Thread 3 ] DEBUG Engine               - actualHeight: 508.0
15:11:45.546 [FXGL Background Thread 3 ] DEBUG Engine               - actualHeightProperty: ReadOnlyDoubleProperty [value: 508.0]
15:11:45.546 [FXGL Background Thread 3 ] DEBUG Engine               - actualWidth: 1017.0
15:11:45.546 [FXGL Background Thread 3 ] DEBUG Engine               - actualWidthProperty: ReadOnlyDoubleProperty [value: 1017.0]
15:11:45.546 [FXGL Background Thread 3 ] DEBUG Engine               - appIcon: tank.png
15:11:45.546 [FXGL Background Thread 3 ] DEBUG Engine               - applicationMode: DEVELOPER
15:11:45.546 [FXGL Background Thread 3 ] DEBUG Engine               - cSSList: [fxgl_dark.css]
15:11:45.546 [FXGL Background Thread 3 ] DEBUG Engine               - configClass: Optional.empty
15:11:45.546 [FXGL Background Thread 3 ] DEBUG Engine               - credits: []
15:11:45.547 [FXGL Background Thread 3 ] DEBUG Engine               - devBBoxColorProperty: ObjectProperty [value: 0xff0000ff]
15:11:45.547 [FXGL Background Thread 3 ] DEBUG Engine               - devEnableDebugCameraProperty: BooleanProperty [value: false]
15:11:45.548 [FXGL Background Thread 3 ] DEBUG Engine               - devSensorColorProperty: ObjectProperty [value: 0xffff00ff]
15:11:45.548 [FXGL Background Thread 3 ] DEBUG Engine               - devShowBBoxProperty: BooleanProperty [value: false]
15:11:45.548 [FXGL Background Thread 3 ] DEBUG Engine               - devShowPositionProperty: BooleanProperty [value: false]
15:11:45.548 [FXGL Background Thread 3 ] DEBUG Engine               - enabledMenuItems: []
15:11:45.548 [FXGL Background Thread 3 ] DEBUG Engine               - engineServices: [class com.almasb.fxgl.app.FXGLApplication$GameApplicationService, class com.almasb.fxgl.app.services.FXGLDialogService, class com.almasb.fxgl.app.services.IOTaskExecutorService, class com.almasb.fxgl.event.EventBusService, class com.almasb.fxgl.io.FileSystemService, class com.almasb.fxgl.localization.LocalizationService, class com.almasb.fxgl.app.services.FXGLAssetLoaderService, class com.almasb.fxgl.app.services.SystemBundleService, class com.almasb.fxgl.profile.SaveLoadService, class com.almasb.fxgl.ui.FXGLUIFactoryServiceProvider, class com.almasb.fxgl.ui.FXGLDialogFactoryServiceProvider, class com.almasb.fxgl.audio.AudioPlayer, class com.almasb.fxgl.notification.impl.NotificationServiceProvider, class com.almasb.fxgl.achievement.AchievementService, class com.almasb.fxgl.cutscene.CutsceneService, class com.almasb.fxgl.minigames.MiniGameService, class com.almasb.fxgl.net.NetService, class com.almasb.fxgl.app.services.UpdaterService, class com.almasb.fxgl.dev.DevService]
15:11:45.549 [FXGL Background Thread 3 ] DEBUG Engine               - fontGame: Abel-Regular.ttf
15:11:45.549 [FXGL Background Thread 3 ] DEBUG Engine               - fontMono: lucida_console.ttf
15:11:45.549 [FXGL Background Thread 3 ] DEBUG Engine               - fontText: Courier-Prime.ttf
15:11:45.549 [FXGL Background Thread 3 ] DEBUG Engine               - fontUI: VarelaRound-Regular.ttf
15:11:45.549 [FXGL Background Thread 3 ] DEBUG Engine               - fullScreen: BooleanProperty [value: false]
15:11:45.549 [FXGL Background Thread 3 ] DEBUG Engine               - gameDifficulty: MEDIUM
15:11:45.549 [FXGL Background Thread 3 ] DEBUG Engine               - gameDifficultyProperty: ObjectProperty [value: MEDIUM]
15:11:45.549 [FXGL Background Thread 3 ] DEBUG Engine               - globalMusicVolume: 0.5
15:11:45.549 [FXGL Background Thread 3 ] DEBUG Engine               - globalMusicVolumeProperty: DoubleProperty [value: 0.5]
15:11:45.549 [FXGL Background Thread 3 ] DEBUG Engine               - globalSoundVolume: 0.5
15:11:45.549 [FXGL Background Thread 3 ] DEBUG Engine               - globalSoundVolumeProperty: DoubleProperty [value: 0.5]
15:11:45.549 [FXGL Background Thread 3 ] DEBUG Engine               - height: 508
15:11:45.549 [FXGL Background Thread 3 ] DEBUG Engine               - isAndroid: false
15:11:45.549 [FXGL Background Thread 3 ] DEBUG Engine               - isBrowser: false
15:11:45.549 [FXGL Background Thread 3 ] DEBUG Engine               - isClickFeedbackEnabled: false
15:11:45.549 [FXGL Background Thread 3 ] DEBUG Engine               - isCloseConfirmation: false
15:11:45.550 [FXGL Background Thread 3 ] DEBUG Engine               - isDesktop: true
15:11:45.550 [FXGL Background Thread 3 ] DEBUG Engine               - isDeveloperMenuEnabled: false
15:11:45.550 [FXGL Background Thread 3 ] DEBUG Engine               - isEntityPreloadEnabled: true
15:11:45.551 [FXGL Background Thread 3 ] DEBUG Engine               - isExperimental3D: false
15:11:45.551 [FXGL Background Thread 3 ] DEBUG Engine               - isExperimentalNative: false
15:11:45.551 [FXGL Background Thread 3 ] DEBUG Engine               - isExperimentalTiledLargeMap: false
15:11:45.551 [FXGL Background Thread 3 ] DEBUG Engine               - isFileSystemWriteAllowed: true
15:11:45.551 [FXGL Background Thread 3 ] DEBUG Engine               - isFullScreenAllowed: true
15:11:45.551 [FXGL Background Thread 3 ] DEBUG Engine               - isFullScreenFromStart: false
15:11:45.551 [FXGL Background Thread 3 ] DEBUG Engine               - isGameMenuEnabled: true
15:11:45.551 [FXGL Background Thread 3 ] DEBUG Engine               - isIOS: false
15:11:45.551 [FXGL Background Thread 3 ] DEBUG Engine               - isIntroEnabled: false
15:11:45.551 [FXGL Background Thread 3 ] DEBUG Engine               - isLinux: false
15:11:45.551 [FXGL Background Thread 3 ] DEBUG Engine               - isMac: true
15:11:45.551 [FXGL Background Thread 3 ] DEBUG Engine               - isMainMenuEnabled: true
15:11:45.552 [FXGL Background Thread 3 ] DEBUG Engine               - isManualResizeEnabled: true
15:11:45.552 [FXGL Background Thread 3 ] DEBUG Engine               - isMobile: false
15:11:45.552 [FXGL Background Thread 3 ] DEBUG Engine               - isPreserveResizeRatio: true
15:11:45.552 [FXGL Background Thread 3 ] DEBUG Engine               - isProfilingEnabled: false
15:11:45.552 [FXGL Background Thread 3 ] DEBUG Engine               - isScaleAffectedOnResize: true
15:11:45.552 [FXGL Background Thread 3 ] DEBUG Engine               - isSingleStep: false
15:11:45.552 [FXGL Background Thread 3 ] DEBUG Engine               - isUserProfileEnabled: false
15:11:45.552 [FXGL Background Thread 3 ] DEBUG Engine               - isWindows: false
15:11:45.552 [FXGL Background Thread 3 ] DEBUG Engine               - language: ObjectProperty [value: ENGLISH]
15:11:45.552 [FXGL Background Thread 3 ] DEBUG Engine               - menuKey: ESCAPE
15:11:45.553 [FXGL Background Thread 3 ] DEBUG Engine               - notificationViewClass: class com.almasb.fxgl.notification.view.XboxNotificationView
15:11:45.553 [FXGL Background Thread 3 ] DEBUG Engine               - pixelsPerMeter: 50.0
15:11:45.558 [FXGL Background Thread 3 ] DEBUG Engine               - platform: MAC
15:11:45.559 [FXGL Background Thread 3 ] DEBUG Engine               - prefHeightProperty: ReadOnlyDoubleProperty [value: 508.0]
15:11:45.559 [FXGL Background Thread 3 ] DEBUG Engine               - prefWidthProperty: ReadOnlyDoubleProperty [value: 1017.0]
15:11:45.559 [FXGL Background Thread 3 ] DEBUG Engine               - profileDir: profiles/
15:11:45.559 [FXGL Background Thread 3 ] DEBUG Engine               - profileName: StringProperty [value: DEFAULT]
15:11:45.559 [FXGL Background Thread 3 ] DEBUG Engine               - randomSeed: -1
15:11:45.560 [FXGL Background Thread 3 ] DEBUG Engine               - runtimeInfo: RuntimeInfo(platform=MAC, version=11.12, build=11.12.2020 08.51)
15:11:45.560 [FXGL Background Thread 3 ] DEBUG Engine               - saveFileExt: sav
15:11:45.560 [FXGL Background Thread 3 ] DEBUG Engine               - scaledHeightProp$fxgl: DoubleProperty [bound, value: 508.0]
15:11:45.561 [FXGL Background Thread 3 ] DEBUG Engine               - scaledWidthProp$fxgl: DoubleProperty [bound, value: 1017.0]
15:11:45.561 [FXGL Background Thread 3 ] DEBUG Engine               - sceneFactory: com.almasb.fxgl.app.scene.SceneFactory@4d217feb
15:11:45.561 [FXGL Background Thread 3 ] DEBUG Engine               - secondsIn24h: 60
15:11:45.562 [FXGL Background Thread 3 ] DEBUG Engine               - soundMenuBack: menu/back.wav
15:11:45.562 [FXGL Background Thread 3 ] DEBUG Engine               - soundMenuPress: menu/press.wav
15:11:45.565 [FXGL Background Thread 3 ] DEBUG Engine               - soundMenuSelect: menu/select.wav
15:11:45.567 [FXGL Background Thread 3 ] DEBUG Engine               - soundNotification: core/notification.wav
15:11:45.567 [FXGL Background Thread 3 ] DEBUG Engine               - stageStyle: DECORATED
15:11:45.567 [FXGL Background Thread 3 ] DEBUG Engine               - supportedLanguages: [ENGLISH, FRENCH, GERMAN, HUNGARIAN, RUSSIAN]
15:11:45.567 [FXGL Background Thread 3 ] DEBUG Engine               - title: TankGame
15:11:45.567 [FXGL Background Thread 3 ] DEBUG Engine               - urlGithub: https://github.com/AlmasB/FXGL
15:11:45.567 [FXGL Background Thread 3 ] DEBUG Engine               - urlLeaderboard: http://fxgl-top.herokuapp.com/
15:11:45.567 [FXGL Background Thread 3 ] DEBUG Engine               - urlPOM: https://raw.githubusercontent.com/AlmasB/FXGL/master/README.md
15:11:45.567 [FXGL Background Thread 3 ] DEBUG Engine               - version: 1.0
15:11:45.567 [FXGL Background Thread 3 ] DEBUG Engine               - versionCheckDays: 7
15:11:45.567 [FXGL Background Thread 3 ] DEBUG Engine               - width: 1017
15:11:45.567 [FXGL Background Thread 3 ] DEBUG Engine               - Logging services
15:11:45.567 [FXGL Background Thread 3 ] DEBUG Engine               - class com.almasb.fxgl.app.FXGLApplication$GameApplicationService
15:11:45.567 [FXGL Background Thread 3 ] DEBUG Engine               - class com.almasb.fxgl.app.services.FXGLDialogService
15:11:45.568 [FXGL Background Thread 3 ] DEBUG Engine               - class com.almasb.fxgl.app.services.IOTaskExecutorService
15:11:45.568 [FXGL Background Thread 3 ] DEBUG Engine               - class com.almasb.fxgl.event.EventBusService
15:11:45.568 [FXGL Background Thread 3 ] DEBUG Engine               - class com.almasb.fxgl.io.FileSystemService
15:11:45.568 [FXGL Background Thread 3 ] DEBUG Engine               - class com.almasb.fxgl.localization.LocalizationService
15:11:45.568 [FXGL Background Thread 3 ] DEBUG Engine               - class com.almasb.fxgl.app.services.FXGLAssetLoaderService
15:11:45.568 [FXGL Background Thread 3 ] DEBUG Engine               - class com.almasb.fxgl.app.services.SystemBundleService
15:11:45.568 [FXGL Background Thread 3 ] DEBUG Engine               - class com.almasb.fxgl.profile.SaveLoadService
15:11:45.568 [FXGL Background Thread 3 ] DEBUG Engine               - class com.almasb.fxgl.ui.FXGLUIFactoryServiceProvider
15:11:45.568 [FXGL Background Thread 3 ] DEBUG Engine               - class com.almasb.fxgl.ui.FXGLDialogFactoryServiceProvider
15:11:45.568 [FXGL Background Thread 3 ] DEBUG Engine               - class com.almasb.fxgl.audio.AudioPlayer
15:11:45.572 [FXGL Background Thread 3 ] DEBUG Engine               - class com.almasb.fxgl.notification.impl.NotificationServiceProvider
15:11:45.573 [FXGL Background Thread 3 ] DEBUG Engine               - class com.almasb.fxgl.achievement.AchievementService
15:11:45.573 [FXGL Background Thread 3 ] DEBUG Engine               - class com.almasb.fxgl.cutscene.CutsceneService
15:11:45.573 [FXGL Background Thread 3 ] DEBUG Engine               - class com.almasb.fxgl.minigames.MiniGameService
15:11:45.573 [FXGL Background Thread 3 ] DEBUG Engine               - class com.almasb.fxgl.net.NetService
15:11:45.573 [FXGL Background Thread 3 ] DEBUG Engine               - class com.almasb.fxgl.app.services.UpdaterService
15:11:45.573 [FXGL Background Thread 3 ] DEBUG Engine               - class com.almasb.fxgl.dev.DevService
15:11:55.250 [JavaFX Application Thread] DEBUG FXGLAssetLoaderServi - Loading from file system: /assets/textures/bullet.png
15:11:57.726 [JavaFX Application Thread] DEBUG FXGLAssetLoaderServi - Loading from cache: /assets/textures/bullet.png
15:11:58.341 [JavaFX Application Thread] DEBUG FXGLAssetLoaderServi - Loading from cache: /assets/textures/bullet.png
15:12:09.567 [JavaFX Application Thread] DEBUG FXGLAssetLoaderServi - Loading from cache: /assets/textures/bullet.png
15:12:12.639 [JavaFX Application Thread] DEBUG FXGLAssetLoaderServi - Loading from cache: /assets/textures/bullet.png
15:12:14.638 [JavaFX Application Thread] DEBUG FXGLAssetLoaderServi - Loading from cache: /assets/textures/bullet.png
15:12:22.009 [JavaFX Application Thread] DEBUG FXGLAssetLoaderServi - Loading from cache: /assets/textures/bullet.png
15:12:24.047 [JavaFX Application Thread] DEBUG MainWindow           - Push state: FXGLDefaultMenu
15:12:24.049 [JavaFX Application Thread] DEBUG Input                - Clearing active input actions
15:12:24.090 [JavaFX Application Thread] DEBUG GameApplicationServi - Removing overlay from GameScene and adding to FXGLDefaultMenu
15:12:24.091 [JavaFX Application Thread] DEBUG MainWindow           - GameScene -> FXGLDefaultMenu
15:12:25.839 [JavaFX Application Thread] DEBUG Menu                 - fireExitToMainMenu()
15:12:25.844 [JavaFX Application Thread] DEBUG MainWindow           - Push state: DialogSubScene
15:12:25.844 [JavaFX Application Thread] DEBUG Input                - Clearing active input actions
15:12:25.846 [JavaFX Application Thread] DEBUG GameApplicationServi - Removing overlay from FXGLDefaultMenu and adding to DialogSubScene
15:12:25.847 [JavaFX Application Thread] DEBUG MainWindow           - FXGLDefaultMenu -> DialogSubScene
15:12:26.662 [JavaFX Application Thread] DEBUG MainWindow           - Pop state: DialogSubScene
15:12:26.663 [JavaFX Application Thread] DEBUG Input                - Clearing active input actions
15:12:26.676 [JavaFX Application Thread] DEBUG GameApplicationServi - Removing overlay from DialogSubScene and adding to FXGLDefaultMenu
15:12:26.679 [JavaFX Application Thread] DEBUG MainWindow           - FXGLDefaultMenu <- DialogSubScene
15:12:26.681 [JavaFX Application Thread] DEBUG MainWindow           - Pop state: FXGLDefaultMenu
15:12:26.681 [JavaFX Application Thread] DEBUG Input                - Clearing active input actions
15:12:26.682 [JavaFX Application Thread] DEBUG GameApplicationServi - Removing overlay from FXGLDefaultMenu and adding to GameScene
15:12:26.683 [JavaFX Application Thread] DEBUG MainWindow           - GameScene <- FXGLDefaultMenu
15:12:26.683 [JavaFX Application Thread] DEBUG Input                - Clearing active input actions
15:12:26.728 [JavaFX Application Thread] DEBUG GameApplicationServi - Removing overlay from GameScene and adding to FXGLMainMenuDummyScene
15:12:26.730 [JavaFX Application Thread] DEBUG MainWindow           - GameScene -> FXGLMainMenuDummyScene
15:12:26.730 [JavaFX Application Thread] DEBUG MainWindow           - Push state: FXGLDefaultMenu
15:12:26.730 [JavaFX Application Thread] DEBUG Input                - Clearing active input actions
15:12:26.747 [JavaFX Application Thread] DEBUG GameApplicationServi - Removing overlay from FXGLMainMenuDummyScene and adding to FXGLDefaultMenu
15:12:26.748 [JavaFX Application Thread] DEBUG MainWindow           - FXGLMainMenuDummyScene -> FXGLDefaultMenu
15:12:27.521 [JavaFX Application Thread] DEBUG Menu                 - fireNewGame()
15:12:27.522 [JavaFX Application Thread] DEBUG GameApplicationServi - Starting new game
15:12:27.522 [JavaFX Application Thread] DEBUG MainWindow           - Pop state: FXGLDefaultMenu
15:12:27.522 [JavaFX Application Thread] DEBUG Input                - Clearing active input actions
15:12:27.525 [JavaFX Application Thread] DEBUG GameApplicationServi - Removing overlay from FXGLDefaultMenu and adding to FXGLMainMenuDummyScene
15:12:27.526 [JavaFX Application Thread] DEBUG MainWindow           - FXGLMainMenuDummyScene <- FXGLDefaultMenu
15:12:27.526 [JavaFX Application Thread] DEBUG Input                - Clearing active input actions
15:12:27.549 [JavaFX Application Thread] DEBUG GameApplicationServi - Removing overlay from FXGLMainMenuDummyScene and adding to FXGLLoadingScene
15:12:27.549 [JavaFX Application Thread] DEBUG MainWindow           - FXGLMainMenuDummyScene -> FXGLLoadingScene
15:12:27.549 [JavaFX Application Thread] DEBUG GameApplicationServi - Clearing previous game
15:12:27.549 [JavaFX Application Thread] DEBUG GameScene            - Clearing game scene
15:12:27.549 [JavaFX Application Thread] DEBUG GameWorld            - Clearing game world
15:12:27.551 [JavaFX Application Thread] DEBUG PhysicsWorld         - Clearing physics world
15:12:27.554 [FXGL Background Thread 2 ] DEBUG FXGLApplication      - Initializing game
15:12:27.557 [FXGL Background Thread 2 ] DEBUG FXGLAssetLoaderServi - Loading from cache: /assets/textures/background.png
15:12:27.559 [FXGL Background Thread 2 ] DEBUG FXGLAssetLoaderServi - Loading from cache: /assets/textures/deadTank.png
15:12:27.565 [FXGL Background Thread 2 ] DEBUG FXGLAssetLoaderServi - Loading from cache: /assets/textures/barrier.png
15:12:27.568 [FXGL Background Thread 2 ] DEBUG FXGLAssetLoaderServi - Loading from cache: /assets/textures/barrier.png
15:12:27.569 [FXGL Background Thread 2 ] DEBUG FXGLAssetLoaderServi - Loading from cache: /assets/textures/barrier.png
15:12:27.569 [FXGL Background Thread 2 ] DEBUG FXGLAssetLoaderServi - Loading from cache: /assets/textures/barrier.png
15:12:27.569 [FXGL Background Thread 2 ] DEBUG FXGLAssetLoaderServi - Loading from cache: /assets/textures/horizontalBarrier.png
15:12:27.572 [FXGL Background Thread 2 ] DEBUG FXGLAssetLoaderServi - Loading from cache: /assets/textures/horizontalBarrier.png
15:12:27.574 [FXGL Background Thread 2 ] DEBUG FXGLAssetLoaderServi - Loading from cache: /assets/textures/horizontalBarrier.png
15:12:27.577 [FXGL Background Thread 2 ] DEBUG FXGLAssetLoaderServi - Loading from cache: /assets/textures/horizontalBarrier.png
15:12:27.584 [FXGL Background Thread 2 ] DEBUG FXGLAssetLoaderServi - Loading from cache: /assets/textures/tank.png
15:12:27.610 [FXGL Background Thread 2 ] DEBUG FXGLAssetLoaderServi - Loading from cache: /assets/textures/tank.png
15:12:27.615 [FXGL Background Thread 2 ] INFO  FXGLApplication      - Game initialization took: 0.060 sec
15:12:27.618 [JavaFX Application Thread] DEBUG Input                - Clearing active input actions
15:12:27.623 [JavaFX Application Thread] DEBUG GameApplicationServi - Removing overlay from FXGLLoadingScene and adding to GameScene
15:12:27.623 [JavaFX Application Thread] DEBUG MainWindow           - FXGLLoadingScene -> GameScene
15:12:40.710 [JavaFX Application Thread] DEBUG FXGLAssetLoaderServi - Loading from cache: /assets/textures/bullet.png
15:12:51.600 [JavaFX Application Thread] DEBUG FXGLAssetLoaderServi - Loading from cache: /assets/textures/bullet.png
15:13:02.372 [JavaFX Application Thread] DEBUG FXGLAssetLoaderServi - Loading from cache: /assets/textures/bullet.png
15:13:08.555 [JavaFX Application Thread] DEBUG FXGLAssetLoaderServi - Loading from cache: /assets/textures/bullet.png
15:13:10.592 [JavaFX Application Thread] DEBUG FXGLAssetLoaderServi - Loading from cache: /assets/textures/bullet.png
15:13:12.548 [JavaFX Application Thread] DEBUG FXGLAssetLoaderServi - Loading from cache: /assets/textures/bullet.png
15:13:14.113 [JavaFX Application Thread] DEBUG FXGLAssetLoaderServi - Loading from cache: /assets/textures/bullet.png
15:13:16.753 [JavaFX Application Thread] DEBUG MainWindow           - Push state: FXGLDefaultMenu
15:13:16.755 [JavaFX Application Thread] DEBUG Input                - Clearing active input actions
15:13:16.758 [JavaFX Application Thread] DEBUG GameApplicationServi - Removing overlay from GameScene and adding to FXGLDefaultMenu
15:13:16.758 [JavaFX Application Thread] DEBUG MainWindow           - GameScene -> FXGLDefaultMenu
15:13:18.022 [JavaFX Application Thread] DEBUG Menu                 - fireExitToMainMenu()
15:13:18.026 [JavaFX Application Thread] DEBUG MainWindow           - Push state: DialogSubScene
15:13:18.026 [JavaFX Application Thread] DEBUG Input                - Clearing active input actions
15:13:18.027 [JavaFX Application Thread] DEBUG GameApplicationServi - Removing overlay from FXGLDefaultMenu and adding to DialogSubScene
15:13:18.027 [JavaFX Application Thread] DEBUG MainWindow           - FXGLDefaultMenu -> DialogSubScene
15:13:18.827 [JavaFX Application Thread] DEBUG MainWindow           - Pop state: DialogSubScene
15:13:18.828 [JavaFX Application Thread] DEBUG Input                - Clearing active input actions
15:13:18.832 [JavaFX Application Thread] DEBUG GameApplicationServi - Removing overlay from DialogSubScene and adding to FXGLDefaultMenu
15:13:18.833 [JavaFX Application Thread] DEBUG MainWindow           - FXGLDefaultMenu <- DialogSubScene
15:13:18.835 [JavaFX Application Thread] DEBUG MainWindow           - Pop state: FXGLDefaultMenu
15:13:18.835 [JavaFX Application Thread] DEBUG Input                - Clearing active input actions
15:13:18.836 [JavaFX Application Thread] DEBUG GameApplicationServi - Removing overlay from FXGLDefaultMenu and adding to GameScene
15:13:18.837 [JavaFX Application Thread] DEBUG MainWindow           - GameScene <- FXGLDefaultMenu
15:13:18.837 [JavaFX Application Thread] DEBUG Input                - Clearing active input actions
15:13:18.867 [JavaFX Application Thread] DEBUG GameApplicationServi - Removing overlay from GameScene and adding to FXGLMainMenuDummyScene
15:13:18.868 [JavaFX Application Thread] DEBUG MainWindow           - GameScene -> FXGLMainMenuDummyScene
15:13:18.868 [JavaFX Application Thread] DEBUG MainWindow           - Push state: FXGLDefaultMenu
15:13:18.868 [JavaFX Application Thread] DEBUG Input                - Clearing active input actions
15:13:18.874 [JavaFX Application Thread] DEBUG GameApplicationServi - Removing overlay from FXGLMainMenuDummyScene and adding to FXGLDefaultMenu
15:13:18.877 [JavaFX Application Thread] DEBUG MainWindow           - FXGLMainMenuDummyScene -> FXGLDefaultMenu
15:13:19.487 [JavaFX Application Thread] DEBUG Menu                 - fireNewGame()
15:13:19.489 [JavaFX Application Thread] DEBUG GameApplicationServi - Starting new game
15:13:19.490 [JavaFX Application Thread] DEBUG MainWindow           - Pop state: FXGLDefaultMenu
15:13:19.490 [JavaFX Application Thread] DEBUG Input                - Clearing active input actions
15:13:19.491 [JavaFX Application Thread] DEBUG GameApplicationServi - Removing overlay from FXGLDefaultMenu and adding to FXGLMainMenuDummyScene
15:13:19.491 [JavaFX Application Thread] DEBUG MainWindow           - FXGLMainMenuDummyScene <- FXGLDefaultMenu
15:13:19.491 [JavaFX Application Thread] DEBUG Input                - Clearing active input actions
15:13:19.499 [JavaFX Application Thread] DEBUG GameApplicationServi - Removing overlay from FXGLMainMenuDummyScene and adding to FXGLLoadingScene
15:13:19.500 [JavaFX Application Thread] DEBUG MainWindow           - FXGLMainMenuDummyScene -> FXGLLoadingScene
15:13:19.500 [JavaFX Application Thread] DEBUG GameApplicationServi - Clearing previous game
15:13:19.500 [JavaFX Application Thread] DEBUG GameScene            - Clearing game scene
15:13:19.500 [JavaFX Application Thread] DEBUG GameWorld            - Clearing game world
15:13:19.501 [JavaFX Application Thread] DEBUG PhysicsWorld         - Clearing physics world
15:13:19.503 [FXGL Background Thread 2 ] DEBUG FXGLApplication      - Initializing game
15:13:19.507 [FXGL Background Thread 2 ] DEBUG FXGLAssetLoaderServi - Loading from cache: /assets/textures/background.png
15:13:19.508 [FXGL Background Thread 2 ] DEBUG FXGLAssetLoaderServi - Loading from cache: /assets/textures/deadTank.png
15:13:19.509 [FXGL Background Thread 2 ] DEBUG FXGLAssetLoaderServi - Loading from cache: /assets/textures/barrier.png
15:13:19.510 [FXGL Background Thread 2 ] DEBUG FXGLAssetLoaderServi - Loading from cache: /assets/textures/barrier.png
15:13:19.511 [FXGL Background Thread 2 ] DEBUG FXGLAssetLoaderServi - Loading from cache: /assets/textures/barrier.png
15:13:19.517 [FXGL Background Thread 2 ] DEBUG FXGLAssetLoaderServi - Loading from cache: /assets/textures/barrier.png
15:13:19.518 [FXGL Background Thread 2 ] DEBUG FXGLAssetLoaderServi - Loading from cache: /assets/textures/horizontalBarrier.png
15:13:19.518 [FXGL Background Thread 2 ] DEBUG FXGLAssetLoaderServi - Loading from cache: /assets/textures/horizontalBarrier.png
15:13:19.519 [FXGL Background Thread 2 ] DEBUG FXGLAssetLoaderServi - Loading from cache: /assets/textures/horizontalBarrier.png
15:13:19.519 [FXGL Background Thread 2 ] DEBUG FXGLAssetLoaderServi - Loading from cache: /assets/textures/horizontalBarrier.png
15:13:19.523 [FXGL Background Thread 2 ] DEBUG FXGLAssetLoaderServi - Loading from cache: /assets/textures/tank.png
15:13:19.527 [FXGL Background Thread 2 ] DEBUG FXGLAssetLoaderServi - Loading from cache: /assets/textures/tank.png
15:13:19.529 [FXGL Background Thread 2 ] INFO  FXGLApplication      - Game initialization took: 0.026 sec
15:13:19.529 [JavaFX Application Thread] DEBUG Input                - Clearing active input actions
15:13:19.536 [JavaFX Application Thread] DEBUG GameApplicationServi - Removing overlay from FXGLLoadingScene and adding to GameScene
15:13:19.536 [JavaFX Application Thread] DEBUG MainWindow           - FXGLLoadingScene -> GameScene
15:13:27.996 [JavaFX Application Thread] DEBUG FXGLAssetLoaderServi - Loading from cache: /assets/textures/bullet.png
15:13:31.014 [JavaFX Application Thread] DEBUG FXGLAssetLoaderServi - Loading from cache: /assets/textures/bullet.png
15:13:34.308 [JavaFX Application Thread] DEBUG FXGLAssetLoaderServi - Loading from cache: /assets/textures/bullet.png
15:13:42.671 [JavaFX Application Thread] DEBUG FXGLAssetLoaderServi - Loading from cache: /assets/textures/bullet.png
15:13:49.126 [JavaFX Application Thread] DEBUG FXGLAssetLoaderServi - Loading from cache: /assets/textures/bullet.png
15:13:50.110 [JavaFX Application Thread] DEBUG FXGLAssetLoaderServi - Loading from cache: /assets/textures/bullet.png
15:13:52.308 [JavaFX Application Thread] DEBUG MainWindow           - Push state: FXGLDefaultMenu
15:13:52.311 [JavaFX Application Thread] DEBUG Input                - Clearing active input actions
15:13:52.327 [JavaFX Application Thread] DEBUG GameApplicationServi - Removing overlay from GameScene and adding to FXGLDefaultMenu
15:13:52.329 [JavaFX Application Thread] DEBUG MainWindow           - GameScene -> FXGLDefaultMenu
15:13:54.727 [JavaFX Application Thread] DEBUG MainWindow           - Pop state: FXGLDefaultMenu
15:13:54.727 [JavaFX Application Thread] DEBUG Input                - Clearing active input actions
15:13:54.729 [JavaFX Application Thread] DEBUG GameApplicationServi - Removing overlay from FXGLDefaultMenu and adding to GameScene
15:13:54.729 [JavaFX Application Thread] DEBUG MainWindow           - GameScene <- FXGLDefaultMenu
15:13:55.388 [JavaFX Application Thread] DEBUG MainWindow           - Push state: FXGLDefaultMenu
15:13:55.389 [JavaFX Application Thread] DEBUG Input                - Clearing active input actions
15:13:55.397 [JavaFX Application Thread] DEBUG GameApplicationServi - Removing overlay from GameScene and adding to FXGLDefaultMenu
15:13:55.397 [JavaFX Application Thread] DEBUG MainWindow           - GameScene -> FXGLDefaultMenu
15:13:56.238 [JavaFX Application Thread] DEBUG Menu                 - fireExitToMainMenu()
15:13:56.239 [JavaFX Application Thread] DEBUG MainWindow           - Push state: DialogSubScene
15:13:56.239 [JavaFX Application Thread] DEBUG Input                - Clearing active input actions
15:13:56.243 [JavaFX Application Thread] DEBUG GameApplicationServi - Removing overlay from FXGLDefaultMenu and adding to DialogSubScene
15:13:56.243 [JavaFX Application Thread] DEBUG MainWindow           - FXGLDefaultMenu -> DialogSubScene
15:13:57.140 [JavaFX Application Thread] DEBUG MainWindow           - Pop state: DialogSubScene
15:13:57.140 [JavaFX Application Thread] DEBUG Input                - Clearing active input actions
15:13:57.144 [JavaFX Application Thread] DEBUG GameApplicationServi - Removing overlay from DialogSubScene and adding to FXGLDefaultMenu
15:13:57.145 [JavaFX Application Thread] DEBUG MainWindow           - FXGLDefaultMenu <- DialogSubScene
15:13:57.145 [JavaFX Application Thread] DEBUG MainWindow           - Pop state: FXGLDefaultMenu
15:13:57.146 [JavaFX Application Thread] DEBUG Input                - Clearing active input actions
15:13:57.147 [JavaFX Application Thread] DEBUG GameApplicationServi - Removing overlay from FXGLDefaultMenu and adding to GameScene
15:13:57.147 [JavaFX Application Thread] DEBUG MainWindow           - GameScene <- FXGLDefaultMenu
15:13:57.156 [JavaFX Application Thread] DEBUG Input                - Clearing active input actions
15:13:57.183 [JavaFX Application Thread] DEBUG GameApplicationServi - Removing overlay from GameScene and adding to FXGLMainMenuDummyScene
15:13:57.184 [JavaFX Application Thread] DEBUG MainWindow           - GameScene -> FXGLMainMenuDummyScene
15:13:57.184 [JavaFX Application Thread] DEBUG MainWindow           - Push state: FXGLDefaultMenu
15:13:57.185 [JavaFX Application Thread] DEBUG Input                - Clearing active input actions
15:13:57.188 [JavaFX Application Thread] DEBUG GameApplicationServi - Removing overlay from FXGLMainMenuDummyScene and adding to FXGLDefaultMenu
15:13:57.188 [JavaFX Application Thread] DEBUG MainWindow           - FXGLMainMenuDummyScene -> FXGLDefaultMenu
15:13:58.990 [JavaFX Application Thread] DEBUG Menu                 - fireNewGame()
15:13:58.990 [JavaFX Application Thread] DEBUG GameApplicationServi - Starting new game
15:13:58.990 [JavaFX Application Thread] DEBUG MainWindow           - Pop state: FXGLDefaultMenu
15:13:58.991 [JavaFX Application Thread] DEBUG Input                - Clearing active input actions
15:13:58.991 [JavaFX Application Thread] DEBUG GameApplicationServi - Removing overlay from FXGLDefaultMenu and adding to FXGLMainMenuDummyScene
15:13:58.991 [JavaFX Application Thread] DEBUG MainWindow           - FXGLMainMenuDummyScene <- FXGLDefaultMenu
15:13:58.992 [JavaFX Application Thread] DEBUG Input                - Clearing active input actions
15:13:58.998 [JavaFX Application Thread] DEBUG GameApplicationServi - Removing overlay from FXGLMainMenuDummyScene and adding to FXGLLoadingScene
15:13:58.998 [JavaFX Application Thread] DEBUG MainWindow           - FXGLMainMenuDummyScene -> FXGLLoadingScene
15:13:58.998 [JavaFX Application Thread] DEBUG GameApplicationServi - Clearing previous game
15:13:58.998 [JavaFX Application Thread] DEBUG GameScene            - Clearing game scene
15:13:58.998 [JavaFX Application Thread] DEBUG GameWorld            - Clearing game world
15:13:58.999 [JavaFX Application Thread] DEBUG PhysicsWorld         - Clearing physics world
15:13:59.000 [FXGL Background Thread 2 ] DEBUG FXGLApplication      - Initializing game
15:13:59.002 [FXGL Background Thread 2 ] DEBUG FXGLAssetLoaderServi - Loading from cache: /assets/textures/background.png
15:13:59.003 [FXGL Background Thread 2 ] DEBUG FXGLAssetLoaderServi - Loading from cache: /assets/textures/deadTank.png
15:13:59.003 [FXGL Background Thread 2 ] DEBUG FXGLAssetLoaderServi - Loading from cache: /assets/textures/barrier.png
15:13:59.004 [FXGL Background Thread 2 ] DEBUG FXGLAssetLoaderServi - Loading from cache: /assets/textures/barrier.png
15:13:59.004 [FXGL Background Thread 2 ] DEBUG FXGLAssetLoaderServi - Loading from cache: /assets/textures/barrier.png
15:13:59.007 [FXGL Background Thread 2 ] DEBUG FXGLAssetLoaderServi - Loading from cache: /assets/textures/barrier.png
15:13:59.008 [FXGL Background Thread 2 ] DEBUG FXGLAssetLoaderServi - Loading from cache: /assets/textures/horizontalBarrier.png
15:13:59.008 [FXGL Background Thread 2 ] DEBUG FXGLAssetLoaderServi - Loading from cache: /assets/textures/horizontalBarrier.png
15:13:59.008 [FXGL Background Thread 2 ] DEBUG FXGLAssetLoaderServi - Loading from cache: /assets/textures/horizontalBarrier.png
15:13:59.009 [FXGL Background Thread 2 ] DEBUG FXGLAssetLoaderServi - Loading from cache: /assets/textures/horizontalBarrier.png
15:13:59.012 [FXGL Background Thread 2 ] DEBUG FXGLAssetLoaderServi - Loading from cache: /assets/textures/tank.png
15:13:59.015 [FXGL Background Thread 2 ] DEBUG FXGLAssetLoaderServi - Loading from cache: /assets/textures/tank.png
15:13:59.016 [FXGL Background Thread 2 ] INFO  FXGLApplication      - Game initialization took: 0.016 sec
15:13:59.017 [JavaFX Application Thread] DEBUG Input                - Clearing active input actions
15:13:59.021 [JavaFX Application Thread] DEBUG GameApplicationServi - Removing overlay from FXGLLoadingScene and adding to GameScene
15:13:59.021 [JavaFX Application Thread] DEBUG MainWindow           - FXGLLoadingScene -> GameScene
15:14:06.711 [JavaFX Application Thread] DEBUG FXGLAssetLoaderServi - Loading from cache: /assets/textures/bullet.png
15:14:07.583 [JavaFX Application Thread] DEBUG FXGLAssetLoaderServi - Loading from cache: /assets/textures/bullet.png
15:14:10.490 [JavaFX Application Thread] DEBUG FXGLAssetLoaderServi - Loading from cache: /assets/textures/bullet.png
15:14:23.779 [JavaFX Application Thread] DEBUG FXGLAssetLoaderServi - Loading from cache: /assets/textures/bullet.png
15:14:24.709 [JavaFX Application Thread] DEBUG FXGLAssetLoaderServi - Loading from cache: /assets/textures/bullet.png
15:14:28.480 [JavaFX Application Thread] DEBUG FXGLAssetLoaderServi - Loading from cache: /assets/textures/bullet.png
15:14:29.442 [JavaFX Application Thread] DEBUG FXGLAssetLoaderServi - Loading from cache: /assets/textures/bullet.png
15:14:30.243 [JavaFX Application Thread] DEBUG FXGLAssetLoaderServi - Loading from cache: /assets/textures/bullet.png
15:14:35.448 [JavaFX Application Thread] DEBUG FXGLAssetLoaderServi - Loading from cache: /assets/textures/bullet.png
15:14:37.031 [JavaFX Application Thread] DEBUG MainWindow           - Push state: FXGLDefaultMenu
15:14:37.032 [JavaFX Application Thread] DEBUG Input                - Clearing active input actions
15:14:37.035 [JavaFX Application Thread] DEBUG GameApplicationServi - Removing overlay from GameScene and adding to FXGLDefaultMenu
15:14:37.040 [JavaFX Application Thread] DEBUG MainWindow           - GameScene -> FXGLDefaultMenu
15:14:38.229 [JavaFX Application Thread] DEBUG Menu                 - fireResume()
15:14:38.231 [JavaFX Application Thread] DEBUG MainWindow           - Pop state: FXGLDefaultMenu
15:14:38.231 [JavaFX Application Thread] DEBUG Input                - Clearing active input actions
15:14:38.232 [JavaFX Application Thread] DEBUG GameApplicationServi - Removing overlay from FXGLDefaultMenu and adding to GameScene
15:14:38.232 [JavaFX Application Thread] DEBUG MainWindow           - GameScene <- FXGLDefaultMenu
15:14:38.949 [JavaFX Application Thread] DEBUG MainWindow           - Push state: FXGLDefaultMenu
15:14:38.951 [JavaFX Application Thread] DEBUG Input                - Clearing active input actions
15:14:38.954 [JavaFX Application Thread] DEBUG GameApplicationServi - Removing overlay from GameScene and adding to FXGLDefaultMenu
15:14:38.955 [JavaFX Application Thread] DEBUG MainWindow           - GameScene -> FXGLDefaultMenu
15:14:39.712 [JavaFX Application Thread] DEBUG Menu                 - fireExitToMainMenu()
15:14:39.713 [JavaFX Application Thread] DEBUG MainWindow           - Push state: DialogSubScene
15:14:39.713 [JavaFX Application Thread] DEBUG Input                - Clearing active input actions
15:14:39.715 [JavaFX Application Thread] DEBUG GameApplicationServi - Removing overlay from FXGLDefaultMenu and adding to DialogSubScene
15:14:39.715 [JavaFX Application Thread] DEBUG MainWindow           - FXGLDefaultMenu -> DialogSubScene
15:14:40.492 [JavaFX Application Thread] DEBUG MainWindow           - Pop state: DialogSubScene
15:14:40.492 [JavaFX Application Thread] DEBUG Input                - Clearing active input actions
15:14:40.495 [JavaFX Application Thread] DEBUG GameApplicationServi - Removing overlay from DialogSubScene and adding to FXGLDefaultMenu
15:14:40.495 [JavaFX Application Thread] DEBUG MainWindow           - FXGLDefaultMenu <- DialogSubScene
15:14:40.499 [JavaFX Application Thread] DEBUG MainWindow           - Pop state: FXGLDefaultMenu
15:14:40.499 [JavaFX Application Thread] DEBUG Input                - Clearing active input actions
15:14:40.500 [JavaFX Application Thread] DEBUG GameApplicationServi - Removing overlay from FXGLDefaultMenu and adding to GameScene
15:14:40.500 [JavaFX Application Thread] DEBUG MainWindow           - GameScene <- FXGLDefaultMenu
15:14:40.500 [JavaFX Application Thread] DEBUG Input                - Clearing active input actions
15:14:40.512 [JavaFX Application Thread] DEBUG GameApplicationServi - Removing overlay from GameScene and adding to FXGLMainMenuDummyScene
15:14:40.514 [JavaFX Application Thread] DEBUG MainWindow           - GameScene -> FXGLMainMenuDummyScene
15:14:40.514 [JavaFX Application Thread] DEBUG MainWindow           - Push state: FXGLDefaultMenu
15:14:40.514 [JavaFX Application Thread] DEBUG Input                - Clearing active input actions
15:14:40.516 [JavaFX Application Thread] DEBUG GameApplicationServi - Removing overlay from FXGLMainMenuDummyScene and adding to FXGLDefaultMenu
15:14:40.516 [JavaFX Application Thread] DEBUG MainWindow           - FXGLMainMenuDummyScene -> FXGLDefaultMenu
15:14:41.788 [JavaFX Application Thread] DEBUG Menu                 - fireNewGame()
15:14:41.789 [JavaFX Application Thread] DEBUG GameApplicationServi - Starting new game
15:14:41.789 [JavaFX Application Thread] DEBUG MainWindow           - Pop state: FXGLDefaultMenu
15:14:41.789 [JavaFX Application Thread] DEBUG Input                - Clearing active input actions
15:14:41.789 [JavaFX Application Thread] DEBUG GameApplicationServi - Removing overlay from FXGLDefaultMenu and adding to FXGLMainMenuDummyScene
15:14:41.789 [JavaFX Application Thread] DEBUG MainWindow           - FXGLMainMenuDummyScene <- FXGLDefaultMenu
15:14:41.789 [JavaFX Application Thread] DEBUG Input                - Clearing active input actions
15:14:41.794 [JavaFX Application Thread] DEBUG GameApplicationServi - Removing overlay from FXGLMainMenuDummyScene and adding to FXGLLoadingScene
15:14:41.794 [JavaFX Application Thread] DEBUG MainWindow           - FXGLMainMenuDummyScene -> FXGLLoadingScene
15:14:41.794 [JavaFX Application Thread] DEBUG GameApplicationServi - Clearing previous game
15:14:41.794 [JavaFX Application Thread] DEBUG GameScene            - Clearing game scene
15:14:41.794 [JavaFX Application Thread] DEBUG GameWorld            - Clearing game world
15:14:41.794 [JavaFX Application Thread] DEBUG PhysicsWorld         - Clearing physics world
15:14:41.795 [FXGL Background Thread 2 ] DEBUG FXGLApplication      - Initializing game
15:14:41.797 [FXGL Background Thread 2 ] DEBUG FXGLAssetLoaderServi - Loading from cache: /assets/textures/background.png
15:14:41.797 [FXGL Background Thread 2 ] DEBUG FXGLAssetLoaderServi - Loading from cache: /assets/textures/deadTank.png
15:14:41.798 [FXGL Background Thread 2 ] DEBUG FXGLAssetLoaderServi - Loading from cache: /assets/textures/barrier.png
15:14:41.798 [FXGL Background Thread 2 ] DEBUG FXGLAssetLoaderServi - Loading from cache: /assets/textures/barrier.png
15:14:41.799 [FXGL Background Thread 2 ] DEBUG FXGLAssetLoaderServi - Loading from cache: /assets/textures/barrier.png
15:14:41.799 [FXGL Background Thread 2 ] DEBUG FXGLAssetLoaderServi - Loading from cache: /assets/textures/barrier.png
15:14:41.800 [FXGL Background Thread 2 ] DEBUG FXGLAssetLoaderServi - Loading from cache: /assets/textures/horizontalBarrier.png
15:14:41.800 [FXGL Background Thread 2 ] DEBUG FXGLAssetLoaderServi - Loading from cache: /assets/textures/horizontalBarrier.png
15:14:41.800 [FXGL Background Thread 2 ] DEBUG FXGLAssetLoaderServi - Loading from cache: /assets/textures/horizontalBarrier.png
15:14:41.800 [FXGL Background Thread 2 ] DEBUG FXGLAssetLoaderServi - Loading from cache: /assets/textures/horizontalBarrier.png
15:14:41.803 [FXGL Background Thread 2 ] DEBUG FXGLAssetLoaderServi - Loading from cache: /assets/textures/tank.png
15:14:41.809 [FXGL Background Thread 2 ] DEBUG FXGLAssetLoaderServi - Loading from cache: /assets/textures/tank.png
15:14:41.815 [FXGL Background Thread 2 ] INFO  FXGLApplication      - Game initialization took: 0.019 sec
15:14:41.815 [JavaFX Application Thread] DEBUG Input                - Clearing active input actions
15:14:41.820 [JavaFX Application Thread] DEBUG GameApplicationServi - Removing overlay from FXGLLoadingScene and adding to GameScene
15:14:41.821 [JavaFX Application Thread] DEBUG MainWindow           - FXGLLoadingScene -> GameScene
15:14:50.617 [JavaFX Application Thread] DEBUG FXGLAssetLoaderServi - Loading from cache: /assets/textures/bullet.png
15:14:56.929 [JavaFX Application Thread] DEBUG FXGLAssetLoaderServi - Loading from cache: /assets/textures/bullet.png
15:15:00.759 [JavaFX Application Thread] DEBUG FXGLAssetLoaderServi - Loading from cache: /assets/textures/bullet.png
15:15:06.681 [JavaFX Application Thread] DEBUG FXGLAssetLoaderServi - Loading from cache: /assets/textures/bullet.png
15:15:15.044 [JavaFX Application Thread] DEBUG FXGLAssetLoaderServi - Loading from cache: /assets/textures/bullet.png
15:15:16.177 [JavaFX Application Thread] DEBUG FXGLAssetLoaderServi - Loading from cache: /assets/textures/bullet.png
15:15:17.656 [JavaFX Application Thread] DEBUG MainWindow           - Push state: FXGLDefaultMenu
15:15:17.658 [JavaFX Application Thread] DEBUG Input                - Clearing active input actions
15:15:17.673 [JavaFX Application Thread] DEBUG GameApplicationServi - Removing overlay from GameScene and adding to FXGLDefaultMenu
15:15:17.674 [JavaFX Application Thread] DEBUG MainWindow           - GameScene -> FXGLDefaultMenu
15:15:18.551 [JavaFX Application Thread] DEBUG Menu                 - fireExitToMainMenu()
15:15:18.553 [JavaFX Application Thread] DEBUG MainWindow           - Push state: DialogSubScene
15:15:18.553 [JavaFX Application Thread] DEBUG Input                - Clearing active input actions
15:15:18.554 [JavaFX Application Thread] DEBUG GameApplicationServi - Removing overlay from FXGLDefaultMenu and adding to DialogSubScene
15:15:18.554 [JavaFX Application Thread] DEBUG MainWindow           - FXGLDefaultMenu -> DialogSubScene
15:15:19.357 [JavaFX Application Thread] DEBUG MainWindow           - Pop state: DialogSubScene
15:15:19.357 [JavaFX Application Thread] DEBUG Input                - Clearing active input actions
15:15:19.359 [JavaFX Application Thread] DEBUG GameApplicationServi - Removing overlay from DialogSubScene and adding to FXGLDefaultMenu
15:15:19.359 [JavaFX Application Thread] DEBUG MainWindow           - FXGLDefaultMenu <- DialogSubScene
15:15:19.360 [JavaFX Application Thread] DEBUG MainWindow           - Pop state: FXGLDefaultMenu
15:15:19.360 [JavaFX Application Thread] DEBUG Input                - Clearing active input actions
15:15:19.360 [JavaFX Application Thread] DEBUG GameApplicationServi - Removing overlay from FXGLDefaultMenu and adding to GameScene
15:15:19.361 [JavaFX Application Thread] DEBUG MainWindow           - GameScene <- FXGLDefaultMenu
15:15:19.361 [JavaFX Application Thread] DEBUG Input                - Clearing active input actions
15:15:19.378 [JavaFX Application Thread] DEBUG GameApplicationServi - Removing overlay from GameScene and adding to FXGLMainMenuDummyScene
15:15:19.378 [JavaFX Application Thread] DEBUG MainWindow           - GameScene -> FXGLMainMenuDummyScene
15:15:19.378 [JavaFX Application Thread] DEBUG MainWindow           - Push state: FXGLDefaultMenu
15:15:19.378 [JavaFX Application Thread] DEBUG Input                - Clearing active input actions
15:15:19.381 [JavaFX Application Thread] DEBUG GameApplicationServi - Removing overlay from FXGLMainMenuDummyScene and adding to FXGLDefaultMenu
15:15:19.381 [JavaFX Application Thread] DEBUG MainWindow           - FXGLMainMenuDummyScene -> FXGLDefaultMenu
15:15:21.779 [JavaFX Application Thread] DEBUG Menu                 - fireNewGame()
15:15:21.779 [JavaFX Application Thread] DEBUG GameApplicationServi - Starting new game
15:15:21.779 [JavaFX Application Thread] DEBUG MainWindow           - Pop state: FXGLDefaultMenu
15:15:21.779 [JavaFX Application Thread] DEBUG Input                - Clearing active input actions
15:15:21.780 [JavaFX Application Thread] DEBUG GameApplicationServi - Removing overlay from FXGLDefaultMenu and adding to FXGLMainMenuDummyScene
15:15:21.780 [JavaFX Application Thread] DEBUG MainWindow           - FXGLMainMenuDummyScene <- FXGLDefaultMenu
15:15:21.780 [JavaFX Application Thread] DEBUG Input                - Clearing active input actions
15:15:21.786 [JavaFX Application Thread] DEBUG GameApplicationServi - Removing overlay from FXGLMainMenuDummyScene and adding to FXGLLoadingScene
15:15:21.787 [JavaFX Application Thread] DEBUG MainWindow           - FXGLMainMenuDummyScene -> FXGLLoadingScene
15:15:21.789 [JavaFX Application Thread] DEBUG GameApplicationServi - Clearing previous game
15:15:21.789 [JavaFX Application Thread] DEBUG GameScene            - Clearing game scene
15:15:21.789 [JavaFX Application Thread] DEBUG GameWorld            - Clearing game world
15:15:21.790 [JavaFX Application Thread] DEBUG PhysicsWorld         - Clearing physics world
15:15:21.791 [FXGL Background Thread 2 ] DEBUG FXGLApplication      - Initializing game
15:15:21.792 [FXGL Background Thread 2 ] DEBUG FXGLAssetLoaderServi - Loading from cache: /assets/textures/background.png
15:15:21.792 [FXGL Background Thread 2 ] DEBUG FXGLAssetLoaderServi - Loading from cache: /assets/textures/deadTank.png
15:15:21.793 [FXGL Background Thread 2 ] DEBUG FXGLAssetLoaderServi - Loading from cache: /assets/textures/barrier.png
15:15:21.793 [FXGL Background Thread 2 ] DEBUG FXGLAssetLoaderServi - Loading from cache: /assets/textures/barrier.png
15:15:21.794 [FXGL Background Thread 2 ] DEBUG FXGLAssetLoaderServi - Loading from cache: /assets/textures/barrier.png
15:15:21.794 [FXGL Background Thread 2 ] DEBUG FXGLAssetLoaderServi - Loading from cache: /assets/textures/barrier.png
15:15:21.794 [FXGL Background Thread 2 ] DEBUG FXGLAssetLoaderServi - Loading from cache: /assets/textures/horizontalBarrier.png
15:15:21.794 [FXGL Background Thread 2 ] DEBUG FXGLAssetLoaderServi - Loading from cache: /assets/textures/horizontalBarrier.png
15:15:21.795 [FXGL Background Thread 2 ] DEBUG FXGLAssetLoaderServi - Loading from cache: /assets/textures/horizontalBarrier.png
15:15:21.795 [FXGL Background Thread 2 ] DEBUG FXGLAssetLoaderServi - Loading from cache: /assets/textures/horizontalBarrier.png
15:15:21.797 [FXGL Background Thread 2 ] DEBUG FXGLAssetLoaderServi - Loading from cache: /assets/textures/tank.png
15:15:21.799 [FXGL Background Thread 2 ] DEBUG FXGLAssetLoaderServi - Loading from cache: /assets/textures/tank.png
15:15:21.801 [FXGL Background Thread 2 ] INFO  FXGLApplication      - Game initialization took: 0.010 sec
15:15:21.807 [JavaFX Application Thread] DEBUG Input                - Clearing active input actions
15:15:21.814 [JavaFX Application Thread] DEBUG GameApplicationServi - Removing overlay from FXGLLoadingScene and adding to GameScene
15:15:21.814 [JavaFX Application Thread] DEBUG MainWindow           - FXGLLoadingScene -> GameScene
15:15:30.520 [JavaFX Application Thread] DEBUG FXGLAssetLoaderServi - Loading from cache: /assets/textures/bullet.png
15:15:36.347 [JavaFX Application Thread] DEBUG FXGLAssetLoaderServi - Loading from cache: /assets/textures/bullet.png
15:15:39.537 [JavaFX Application Thread] DEBUG FXGLAssetLoaderServi - Loading from cache: /assets/textures/bullet.png
15:15:40.609 [JavaFX Application Thread] DEBUG FXGLAssetLoaderServi - Loading from cache: /assets/textures/bullet.png
15:15:45.400 [JavaFX Application Thread] DEBUG FXGLAssetLoaderServi - Loading from cache: /assets/textures/bullet.png
15:15:46.541 [JavaFX Application Thread] DEBUG FXGLAssetLoaderServi - Loading from cache: /assets/textures/bullet.png
15:15:48.644 [JavaFX Application Thread] DEBUG FXGLAssetLoaderServi - Loading from cache: /assets/textures/bullet.png
15:15:50.585 [JavaFX Application Thread] DEBUG MainWindow           - Push state: FXGLDefaultMenu
15:15:50.587 [JavaFX Application Thread] DEBUG Input                - Clearing active input actions
15:15:50.604 [JavaFX Application Thread] DEBUG GameApplicationServi - Removing overlay from GameScene and adding to FXGLDefaultMenu
15:15:50.606 [JavaFX Application Thread] DEBUG MainWindow           - GameScene -> FXGLDefaultMenu
15:15:54.592 [JavaFX Application Thread] DEBUG Menu                 - fireResume()
15:15:54.592 [JavaFX Application Thread] DEBUG MainWindow           - Pop state: FXGLDefaultMenu
15:15:54.592 [JavaFX Application Thread] DEBUG Input                - Clearing active input actions
15:15:54.592 [JavaFX Application Thread] DEBUG GameApplicationServi - Removing overlay from FXGLDefaultMenu and adding to GameScene
15:15:54.592 [JavaFX Application Thread] DEBUG MainWindow           - GameScene <- FXGLDefaultMenu
15:15:56.426 [JavaFX Application Thread] DEBUG MainWindow           - Push state: FXGLDefaultMenu
15:15:56.427 [JavaFX Application Thread] DEBUG Input                - Clearing active input actions
15:15:56.430 [JavaFX Application Thread] DEBUG GameApplicationServi - Removing overlay from GameScene and adding to FXGLDefaultMenu
15:15:56.431 [JavaFX Application Thread] DEBUG MainWindow           - GameScene -> FXGLDefaultMenu
15:15:57.774 [JavaFX Application Thread] DEBUG MainWindow           - Pop state: FXGLDefaultMenu
15:15:57.774 [JavaFX Application Thread] DEBUG Input                - Clearing active input actions
15:15:57.775 [JavaFX Application Thread] DEBUG GameApplicationServi - Removing overlay from FXGLDefaultMenu and adding to GameScene
15:15:57.775 [JavaFX Application Thread] DEBUG MainWindow           - GameScene <- FXGLDefaultMenu
15:15:58.296 [JavaFX Application Thread] DEBUG MainWindow           - Push state: FXGLDefaultMenu
15:15:58.297 [JavaFX Application Thread] DEBUG Input                - Clearing active input actions
15:15:58.301 [JavaFX Application Thread] DEBUG GameApplicationServi - Removing overlay from GameScene and adding to FXGLDefaultMenu
15:15:58.301 [JavaFX Application Thread] DEBUG MainWindow           - GameScene -> FXGLDefaultMenu
15:16:02.537 [JavaFX Application Thread] DEBUG Menu                 - fireExitToMainMenu()
15:16:02.541 [JavaFX Application Thread] DEBUG MainWindow           - Push state: DialogSubScene
15:16:02.541 [JavaFX Application Thread] DEBUG Input                - Clearing active input actions
15:16:02.545 [JavaFX Application Thread] DEBUG GameApplicationServi - Removing overlay from FXGLDefaultMenu and adding to DialogSubScene
15:16:02.545 [JavaFX Application Thread] DEBUG MainWindow           - FXGLDefaultMenu -> DialogSubScene
15:16:04.273 [JavaFX Application Thread] DEBUG MainWindow           - Pop state: DialogSubScene
15:16:04.274 [JavaFX Application Thread] DEBUG Input                - Clearing active input actions
15:16:04.275 [JavaFX Application Thread] DEBUG GameApplicationServi - Removing overlay from DialogSubScene and adding to FXGLDefaultMenu
15:16:04.275 [JavaFX Application Thread] DEBUG MainWindow           - FXGLDefaultMenu <- DialogSubScene
15:16:04.276 [JavaFX Application Thread] DEBUG MainWindow           - Pop state: FXGLDefaultMenu
15:16:04.276 [JavaFX Application Thread] DEBUG Input                - Clearing active input actions
15:16:04.277 [JavaFX Application Thread] DEBUG GameApplicationServi - Removing overlay from FXGLDefaultMenu and adding to GameScene
15:16:04.277 [JavaFX Application Thread] DEBUG MainWindow           - GameScene <- FXGLDefaultMenu
15:16:04.277 [JavaFX Application Thread] DEBUG Input                - Clearing active input actions
15:16:04.297 [JavaFX Application Thread] DEBUG GameApplicationServi - Removing overlay from GameScene and adding to FXGLMainMenuDummyScene
15:16:04.297 [JavaFX Application Thread] DEBUG MainWindow           - GameScene -> FXGLMainMenuDummyScene
15:16:04.297 [JavaFX Application Thread] DEBUG MainWindow           - Push state: FXGLDefaultMenu
15:16:04.297 [JavaFX Application Thread] DEBUG Input                - Clearing active input actions
15:16:04.301 [JavaFX Application Thread] DEBUG GameApplicationServi - Removing overlay from FXGLMainMenuDummyScene and adding to FXGLDefaultMenu
15:16:04.301 [JavaFX Application Thread] DEBUG MainWindow           - FXGLMainMenuDummyScene -> FXGLDefaultMenu
15:16:05.387 [JavaFX Application Thread] DEBUG Menu                 - fireNewGame()
15:16:05.387 [JavaFX Application Thread] DEBUG GameApplicationServi - Starting new game
15:16:05.387 [JavaFX Application Thread] DEBUG MainWindow           - Pop state: FXGLDefaultMenu
15:16:05.387 [JavaFX Application Thread] DEBUG Input                - Clearing active input actions
15:16:05.388 [JavaFX Application Thread] DEBUG GameApplicationServi - Removing overlay from FXGLDefaultMenu and adding to FXGLMainMenuDummyScene
15:16:05.388 [JavaFX Application Thread] DEBUG MainWindow           - FXGLMainMenuDummyScene <- FXGLDefaultMenu
15:16:05.388 [JavaFX Application Thread] DEBUG Input                - Clearing active input actions
15:16:05.392 [JavaFX Application Thread] DEBUG GameApplicationServi - Removing overlay from FXGLMainMenuDummyScene and adding to FXGLLoadingScene
15:16:05.392 [JavaFX Application Thread] DEBUG MainWindow           - FXGLMainMenuDummyScene -> FXGLLoadingScene
15:16:05.392 [JavaFX Application Thread] DEBUG GameApplicationServi - Clearing previous game
15:16:05.392 [JavaFX Application Thread] DEBUG GameScene            - Clearing game scene
15:16:05.393 [JavaFX Application Thread] DEBUG GameWorld            - Clearing game world
15:16:05.393 [JavaFX Application Thread] DEBUG PhysicsWorld         - Clearing physics world
15:16:05.394 [FXGL Background Thread 2 ] DEBUG FXGLApplication      - Initializing game
15:16:05.395 [FXGL Background Thread 2 ] DEBUG FXGLAssetLoaderServi - Loading from cache: /assets/textures/background.png
15:16:05.395 [FXGL Background Thread 2 ] DEBUG FXGLAssetLoaderServi - Loading from cache: /assets/textures/deadTank.png
15:16:05.396 [FXGL Background Thread 2 ] DEBUG FXGLAssetLoaderServi - Loading from cache: /assets/textures/barrier.png
15:16:05.396 [FXGL Background Thread 2 ] DEBUG FXGLAssetLoaderServi - Loading from cache: /assets/textures/barrier.png
15:16:05.397 [FXGL Background Thread 2 ] DEBUG FXGLAssetLoaderServi - Loading from cache: /assets/textures/barrier.png
15:16:05.397 [FXGL Background Thread 2 ] DEBUG FXGLAssetLoaderServi - Loading from cache: /assets/textures/barrier.png
15:16:05.397 [FXGL Background Thread 2 ] DEBUG FXGLAssetLoaderServi - Loading from cache: /assets/textures/horizontalBarrier.png
15:16:05.397 [FXGL Background Thread 2 ] DEBUG FXGLAssetLoaderServi - Loading from cache: /assets/textures/horizontalBarrier.png
15:16:05.397 [FXGL Background Thread 2 ] DEBUG FXGLAssetLoaderServi - Loading from cache: /assets/textures/horizontalBarrier.png
15:16:05.397 [FXGL Background Thread 2 ] DEBUG FXGLAssetLoaderServi - Loading from cache: /assets/textures/horizontalBarrier.png
15:16:05.398 [FXGL Background Thread 2 ] DEBUG FXGLAssetLoaderServi - Loading from cache: /assets/textures/tank.png
15:16:05.403 [FXGL Background Thread 2 ] DEBUG FXGLAssetLoaderServi - Loading from cache: /assets/textures/tank.png
15:16:05.404 [FXGL Background Thread 2 ] INFO  FXGLApplication      - Game initialization took: 0.010 sec
15:16:05.408 [JavaFX Application Thread] DEBUG Input                - Clearing active input actions
15:16:05.411 [JavaFX Application Thread] DEBUG GameApplicationServi - Removing overlay from FXGLLoadingScene and adding to GameScene
15:16:05.412 [JavaFX Application Thread] DEBUG MainWindow           - FXGLLoadingScene -> GameScene
15:16:14.373 [JavaFX Application Thread] DEBUG FXGLAssetLoaderServi - Loading from cache: /assets/textures/bullet.png
15:16:17.271 [JavaFX Application Thread] DEBUG FXGLAssetLoaderServi - Loading from cache: /assets/textures/bullet.png
15:16:22.525 [JavaFX Application Thread] DEBUG FXGLAssetLoaderServi - Loading from cache: /assets/textures/bullet.png
15:16:26.796 [JavaFX Application Thread] DEBUG FXGLAssetLoaderServi - Loading from cache: /assets/textures/bullet.png
15:16:29.292 [JavaFX Application Thread] DEBUG FXGLAssetLoaderServi - Loading from cache: /assets/textures/bullet.png
15:16:43.068 [JavaFX Application Thread] DEBUG FXGLAssetLoaderServi - Loading from cache: /assets/textures/bullet.png
15:16:43.929 [JavaFX Application Thread] DEBUG FXGLAssetLoaderServi - Loading from cache: /assets/textures/bullet.png
15:16:48.616 [JavaFX Application Thread] DEBUG FXGLAssetLoaderServi - Loading from cache: /assets/textures/bullet.png
15:16:50.521 [JavaFX Application Thread] DEBUG MainWindow           - Push state: FXGLDefaultMenu
15:16:50.526 [JavaFX Application Thread] DEBUG Input                - Clearing active input actions
15:16:50.538 [JavaFX Application Thread] DEBUG GameApplicationServi - Removing overlay from GameScene and adding to FXGLDefaultMenu
15:16:50.540 [JavaFX Application Thread] DEBUG MainWindow           - GameScene -> FXGLDefaultMenu
15:16:53.194 [JavaFX Application Thread] DEBUG Menu                 - fireExitToMainMenu()
15:16:53.200 [JavaFX Application Thread] DEBUG MainWindow           - Push state: DialogSubScene
15:16:53.200 [JavaFX Application Thread] DEBUG Input                - Clearing active input actions
15:16:53.202 [JavaFX Application Thread] DEBUG GameApplicationServi - Removing overlay from FXGLDefaultMenu and adding to DialogSubScene
15:16:53.203 [JavaFX Application Thread] DEBUG MainWindow           - FXGLDefaultMenu -> DialogSubScene
15:16:56.140 [JavaFX Application Thread] DEBUG MainWindow           - Pop state: DialogSubScene
15:16:56.141 [JavaFX Application Thread] DEBUG Input                - Clearing active input actions
15:16:56.142 [JavaFX Application Thread] DEBUG GameApplicationServi - Removing overlay from DialogSubScene and adding to FXGLDefaultMenu
15:16:56.142 [JavaFX Application Thread] DEBUG MainWindow           - FXGLDefaultMenu <- DialogSubScene
15:16:56.143 [JavaFX Application Thread] DEBUG MainWindow           - Pop state: FXGLDefaultMenu
15:16:56.143 [JavaFX Application Thread] DEBUG Input                - Clearing active input actions
15:16:56.144 [JavaFX Application Thread] DEBUG GameApplicationServi - Removing overlay from FXGLDefaultMenu and adding to GameScene
15:16:56.144 [JavaFX Application Thread] DEBUG MainWindow           - GameScene <- FXGLDefaultMenu
15:16:56.144 [JavaFX Application Thread] DEBUG Input                - Clearing active input actions
15:16:56.189 [JavaFX Application Thread] DEBUG GameApplicationServi - Removing overlay from GameScene and adding to FXGLMainMenuDummyScene
15:16:56.189 [JavaFX Application Thread] DEBUG MainWindow           - GameScene -> FXGLMainMenuDummyScene
15:16:56.190 [JavaFX Application Thread] DEBUG MainWindow           - Push state: FXGLDefaultMenu
15:16:56.190 [JavaFX Application Thread] DEBUG Input                - Clearing active input actions
15:16:56.192 [JavaFX Application Thread] DEBUG GameApplicationServi - Removing overlay from FXGLMainMenuDummyScene and adding to FXGLDefaultMenu
15:16:56.194 [JavaFX Application Thread] DEBUG MainWindow           - FXGLMainMenuDummyScene -> FXGLDefaultMenu
15:16:57.139 [JavaFX Application Thread] DEBUG Menu                 - fireNewGame()
15:16:57.142 [JavaFX Application Thread] DEBUG GameApplicationServi - Starting new game
15:16:57.143 [JavaFX Application Thread] DEBUG MainWindow           - Pop state: FXGLDefaultMenu
15:16:57.143 [JavaFX Application Thread] DEBUG Input                - Clearing active input actions
15:16:57.143 [JavaFX Application Thread] DEBUG GameApplicationServi - Removing overlay from FXGLDefaultMenu and adding to FXGLMainMenuDummyScene
15:16:57.143 [JavaFX Application Thread] DEBUG MainWindow           - FXGLMainMenuDummyScene <- FXGLDefaultMenu
15:16:57.143 [JavaFX Application Thread] DEBUG Input                - Clearing active input actions
15:16:57.152 [JavaFX Application Thread] DEBUG GameApplicationServi - Removing overlay from FXGLMainMenuDummyScene and adding to FXGLLoadingScene
15:16:57.153 [JavaFX Application Thread] DEBUG MainWindow           - FXGLMainMenuDummyScene -> FXGLLoadingScene
15:16:57.153 [JavaFX Application Thread] DEBUG GameApplicationServi - Clearing previous game
15:16:57.153 [JavaFX Application Thread] DEBUG GameScene            - Clearing game scene
15:16:57.153 [JavaFX Application Thread] DEBUG GameWorld            - Clearing game world
15:16:57.153 [JavaFX Application Thread] DEBUG PhysicsWorld         - Clearing physics world
15:16:57.155 [FXGL Background Thread 2 ] DEBUG FXGLApplication      - Initializing game
15:16:57.157 [FXGL Background Thread 2 ] DEBUG FXGLAssetLoaderServi - Loading from cache: /assets/textures/background.png
15:16:57.158 [FXGL Background Thread 2 ] DEBUG FXGLAssetLoaderServi - Loading from cache: /assets/textures/deadTank.png
15:16:57.159 [FXGL Background Thread 2 ] DEBUG FXGLAssetLoaderServi - Loading from cache: /assets/textures/barrier.png
15:16:57.160 [FXGL Background Thread 2 ] DEBUG FXGLAssetLoaderServi - Loading from cache: /assets/textures/barrier.png
15:16:57.161 [FXGL Background Thread 2 ] DEBUG FXGLAssetLoaderServi - Loading from cache: /assets/textures/barrier.png
15:16:57.161 [FXGL Background Thread 2 ] DEBUG FXGLAssetLoaderServi - Loading from cache: /assets/textures/barrier.png
15:16:57.161 [FXGL Background Thread 2 ] DEBUG FXGLAssetLoaderServi - Loading from cache: /assets/textures/horizontalBarrier.png
15:16:57.161 [FXGL Background Thread 2 ] DEBUG FXGLAssetLoaderServi - Loading from cache: /assets/textures/horizontalBarrier.png
15:16:57.162 [FXGL Background Thread 2 ] DEBUG FXGLAssetLoaderServi - Loading from cache: /assets/textures/horizontalBarrier.png
15:16:57.162 [FXGL Background Thread 2 ] DEBUG FXGLAssetLoaderServi - Loading from cache: /assets/textures/horizontalBarrier.png
15:16:57.167 [FXGL Background Thread 2 ] DEBUG FXGLAssetLoaderServi - Loading from cache: /assets/textures/tank.png
15:16:57.174 [FXGL Background Thread 2 ] DEBUG FXGLAssetLoaderServi - Loading from cache: /assets/textures/tank.png
15:16:57.178 [FXGL Background Thread 2 ] INFO  FXGLApplication      - Game initialization took: 0.023 sec
15:16:57.178 [JavaFX Application Thread] DEBUG Input                - Clearing active input actions
15:16:57.181 [JavaFX Application Thread] DEBUG GameApplicationServi - Removing overlay from FXGLLoadingScene and adding to GameScene
15:16:57.182 [JavaFX Application Thread] DEBUG MainWindow           - FXGLLoadingScene -> GameScene
15:17:04.990 [JavaFX Application Thread] DEBUG FXGLAssetLoaderServi - Loading from cache: /assets/textures/bullet.png
15:17:09.158 [JavaFX Application Thread] DEBUG FXGLAssetLoaderServi - Loading from cache: /assets/textures/bullet.png
15:17:09.862 [JavaFX Application Thread] DEBUG FXGLAssetLoaderServi - Loading from cache: /assets/textures/bullet.png
15:17:18.425 [JavaFX Application Thread] DEBUG FXGLAssetLoaderServi - Loading from cache: /assets/textures/bullet.png
15:17:19.685 [JavaFX Application Thread] DEBUG FXGLAssetLoaderServi - Loading from cache: /assets/textures/bullet.png
15:17:23.573 [JavaFX Application Thread] DEBUG FXGLAssetLoaderServi - Loading from cache: /assets/textures/bullet.png
15:17:25.097 [JavaFX Application Thread] DEBUG MainWindow           - Push state: FXGLDefaultMenu
15:17:25.099 [JavaFX Application Thread] DEBUG Input                - Clearing active input actions
15:17:25.101 [JavaFX Application Thread] DEBUG GameApplicationServi - Removing overlay from GameScene and adding to FXGLDefaultMenu
15:17:25.101 [JavaFX Application Thread] DEBUG MainWindow           - GameScene -> FXGLDefaultMenu
15:17:26.085 [JavaFX Application Thread] DEBUG Menu                 - fireExitToMainMenu()
15:17:26.086 [JavaFX Application Thread] DEBUG MainWindow           - Push state: DialogSubScene
15:17:26.086 [JavaFX Application Thread] DEBUG Input                - Clearing active input actions
15:17:26.086 [JavaFX Application Thread] DEBUG GameApplicationServi - Removing overlay from FXGLDefaultMenu and adding to DialogSubScene
15:17:26.086 [JavaFX Application Thread] DEBUG MainWindow           - FXGLDefaultMenu -> DialogSubScene
15:17:29.609 [JavaFX Application Thread] DEBUG MainWindow           - Pop state: DialogSubScene
15:17:29.610 [JavaFX Application Thread] DEBUG Input                - Clearing active input actions
15:17:29.614 [JavaFX Application Thread] DEBUG GameApplicationServi - Removing overlay from DialogSubScene and adding to FXGLDefaultMenu
15:17:29.619 [JavaFX Application Thread] DEBUG MainWindow           - FXGLDefaultMenu <- DialogSubScene
15:17:29.621 [JavaFX Application Thread] DEBUG MainWindow           - Pop state: FXGLDefaultMenu
15:17:29.621 [JavaFX Application Thread] DEBUG Input                - Clearing active input actions
15:17:29.625 [JavaFX Application Thread] DEBUG GameApplicationServi - Removing overlay from FXGLDefaultMenu and adding to GameScene
15:17:29.627 [JavaFX Application Thread] DEBUG MainWindow           - GameScene <- FXGLDefaultMenu
15:17:29.627 [JavaFX Application Thread] DEBUG Input                - Clearing active input actions
15:17:29.635 [JavaFX Application Thread] DEBUG GameApplicationServi - Removing overlay from GameScene and adding to FXGLMainMenuDummyScene
15:17:29.636 [JavaFX Application Thread] DEBUG MainWindow           - GameScene -> FXGLMainMenuDummyScene
15:17:29.637 [JavaFX Application Thread] DEBUG MainWindow           - Push state: FXGLDefaultMenu
15:17:29.637 [JavaFX Application Thread] DEBUG Input                - Clearing active input actions
15:17:29.642 [JavaFX Application Thread] DEBUG GameApplicationServi - Removing overlay from FXGLMainMenuDummyScene and adding to FXGLDefaultMenu
15:17:29.643 [JavaFX Application Thread] DEBUG MainWindow           - FXGLMainMenuDummyScene -> FXGLDefaultMenu
15:17:30.473 [JavaFX Application Thread] DEBUG Menu                 - fireNewGame()
15:17:30.473 [JavaFX Application Thread] DEBUG GameApplicationServi - Starting new game
15:17:30.473 [JavaFX Application Thread] DEBUG MainWindow           - Pop state: FXGLDefaultMenu
15:17:30.473 [JavaFX Application Thread] DEBUG Input                - Clearing active input actions
15:17:30.474 [JavaFX Application Thread] DEBUG GameApplicationServi - Removing overlay from FXGLDefaultMenu and adding to FXGLMainMenuDummyScene
15:17:30.474 [JavaFX Application Thread] DEBUG MainWindow           - FXGLMainMenuDummyScene <- FXGLDefaultMenu
15:17:30.474 [JavaFX Application Thread] DEBUG Input                - Clearing active input actions
15:17:30.478 [JavaFX Application Thread] DEBUG GameApplicationServi - Removing overlay from FXGLMainMenuDummyScene and adding to FXGLLoadingScene
15:17:30.478 [JavaFX Application Thread] DEBUG MainWindow           - FXGLMainMenuDummyScene -> FXGLLoadingScene
15:17:30.478 [JavaFX Application Thread] DEBUG GameApplicationServi - Clearing previous game
15:17:30.478 [JavaFX Application Thread] DEBUG GameScene            - Clearing game scene
15:17:30.478 [JavaFX Application Thread] DEBUG GameWorld            - Clearing game world
15:17:30.479 [JavaFX Application Thread] DEBUG PhysicsWorld         - Clearing physics world
15:17:30.479 [FXGL Background Thread 2 ] DEBUG FXGLApplication      - Initializing game
15:17:30.480 [FXGL Background Thread 2 ] DEBUG FXGLAssetLoaderServi - Loading from cache: /assets/textures/background.png
15:17:30.481 [FXGL Background Thread 2 ] DEBUG FXGLAssetLoaderServi - Loading from cache: /assets/textures/deadTank.png
15:17:30.481 [FXGL Background Thread 2 ] DEBUG FXGLAssetLoaderServi - Loading from cache: /assets/textures/barrier.png
15:17:30.482 [FXGL Background Thread 2 ] DEBUG FXGLAssetLoaderServi - Loading from cache: /assets/textures/barrier.png
15:17:30.486 [FXGL Background Thread 2 ] DEBUG FXGLAssetLoaderServi - Loading from cache: /assets/textures/barrier.png
15:17:30.488 [FXGL Background Thread 2 ] DEBUG FXGLAssetLoaderServi - Loading from cache: /assets/textures/barrier.png
15:17:30.489 [FXGL Background Thread 2 ] DEBUG FXGLAssetLoaderServi - Loading from cache: /assets/textures/horizontalBarrier.png
15:17:30.489 [FXGL Background Thread 2 ] DEBUG FXGLAssetLoaderServi - Loading from cache: /assets/textures/horizontalBarrier.png
15:17:30.489 [FXGL Background Thread 2 ] DEBUG FXGLAssetLoaderServi - Loading from cache: /assets/textures/horizontalBarrier.png
15:17:30.489 [FXGL Background Thread 2 ] DEBUG FXGLAssetLoaderServi - Loading from cache: /assets/textures/horizontalBarrier.png
15:17:30.491 [FXGL Background Thread 2 ] DEBUG FXGLAssetLoaderServi - Loading from cache: /assets/textures/tank.png
15:17:30.497 [FXGL Background Thread 2 ] DEBUG FXGLAssetLoaderServi - Loading from cache: /assets/textures/tank.png
15:17:30.498 [FXGL Background Thread 2 ] INFO  FXGLApplication      - Game initialization took: 0.019 sec
15:17:30.499 [JavaFX Application Thread] DEBUG Input                - Clearing active input actions
15:17:30.504 [JavaFX Application Thread] DEBUG GameApplicationServi - Removing overlay from FXGLLoadingScene and adding to GameScene
15:17:30.504 [JavaFX Application Thread] DEBUG MainWindow           - FXGLLoadingScene -> GameScene
15:17:39.151 [JavaFX Application Thread] DEBUG FXGLAssetLoaderServi - Loading from cache: /assets/textures/bullet.png
15:17:39.864 [JavaFX Application Thread] DEBUG FXGLAssetLoaderServi - Loading from cache: /assets/textures/bullet.png
15:17:48.062 [JavaFX Application Thread] DEBUG FXGLAssetLoaderServi - Loading from cache: /assets/textures/bullet.png
15:17:51.543 [JavaFX Application Thread] DEBUG FXGLAssetLoaderServi - Loading from cache: /assets/textures/bullet.png
15:17:53.039 [JavaFX Application Thread] DEBUG FXGLAssetLoaderServi - Loading from cache: /assets/textures/bullet.png
15:17:53.858 [JavaFX Application Thread] DEBUG FXGLAssetLoaderServi - Loading from cache: /assets/textures/bullet.png
15:18:04.193 [JavaFX Application Thread] DEBUG FXGLAssetLoaderServi - Loading from cache: /assets/textures/bullet.png
15:18:10.742 [JavaFX Application Thread] DEBUG FXGLAssetLoaderServi - Loading from cache: /assets/textures/bullet.png
15:18:12.006 [JavaFX Application Thread] DEBUG MainWindow           - Push state: FXGLDefaultMenu
15:18:12.007 [JavaFX Application Thread] DEBUG Input                - Clearing active input actions
15:18:12.008 [JavaFX Application Thread] DEBUG GameApplicationServi - Removing overlay from GameScene and adding to FXGLDefaultMenu
15:18:12.009 [JavaFX Application Thread] DEBUG MainWindow           - GameScene -> FXGLDefaultMenu
15:18:13.424 [JavaFX Application Thread] DEBUG Menu                 - fireExitToMainMenu()
15:18:13.427 [JavaFX Application Thread] DEBUG MainWindow           - Push state: DialogSubScene
15:18:13.427 [JavaFX Application Thread] DEBUG Input                - Clearing active input actions
15:18:13.428 [JavaFX Application Thread] DEBUG GameApplicationServi - Removing overlay from FXGLDefaultMenu and adding to DialogSubScene
15:18:13.428 [JavaFX Application Thread] DEBUG MainWindow           - FXGLDefaultMenu -> DialogSubScene
15:18:16.740 [JavaFX Application Thread] DEBUG MainWindow           - Pop state: DialogSubScene
15:18:16.741 [JavaFX Application Thread] DEBUG Input                - Clearing active input actions
15:18:16.746 [JavaFX Application Thread] DEBUG GameApplicationServi - Removing overlay from DialogSubScene and adding to FXGLDefaultMenu
15:18:16.747 [JavaFX Application Thread] DEBUG MainWindow           - FXGLDefaultMenu <- DialogSubScene
15:18:16.747 [JavaFX Application Thread] DEBUG MainWindow           - Pop state: FXGLDefaultMenu
15:18:16.747 [JavaFX Application Thread] DEBUG Input                - Clearing active input actions
15:18:16.749 [JavaFX Application Thread] DEBUG GameApplicationServi - Removing overlay from FXGLDefaultMenu and adding to GameScene
15:18:16.749 [JavaFX Application Thread] DEBUG MainWindow           - GameScene <- FXGLDefaultMenu
15:18:16.749 [JavaFX Application Thread] DEBUG Input                - Clearing active input actions
15:18:16.760 [JavaFX Application Thread] DEBUG GameApplicationServi - Removing overlay from GameScene and adding to FXGLMainMenuDummyScene
15:18:16.760 [JavaFX Application Thread] DEBUG MainWindow           - GameScene -> FXGLMainMenuDummyScene
15:18:16.760 [JavaFX Application Thread] DEBUG MainWindow           - Push state: FXGLDefaultMenu
15:18:16.761 [JavaFX Application Thread] DEBUG Input                - Clearing active input actions
15:18:16.762 [JavaFX Application Thread] DEBUG GameApplicationServi - Removing overlay from FXGLMainMenuDummyScene and adding to FXGLDefaultMenu
15:18:16.762 [JavaFX Application Thread] DEBUG MainWindow           - FXGLMainMenuDummyScene -> FXGLDefaultMenu
15:18:17.873 [JavaFX Application Thread] DEBUG Menu                 - fireNewGame()
15:18:17.873 [JavaFX Application Thread] DEBUG GameApplicationServi - Starting new game
15:18:17.874 [JavaFX Application Thread] DEBUG MainWindow           - Pop state: FXGLDefaultMenu
15:18:17.874 [JavaFX Application Thread] DEBUG Input                - Clearing active input actions
15:18:17.877 [JavaFX Application Thread] DEBUG GameApplicationServi - Removing overlay from FXGLDefaultMenu and adding to FXGLMainMenuDummyScene
15:18:17.878 [JavaFX Application Thread] DEBUG MainWindow           - FXGLMainMenuDummyScene <- FXGLDefaultMenu
15:18:17.880 [JavaFX Application Thread] DEBUG Input                - Clearing active input actions
15:18:17.886 [JavaFX Application Thread] DEBUG GameApplicationServi - Removing overlay from FXGLMainMenuDummyScene and adding to FXGLLoadingScene
15:18:17.886 [JavaFX Application Thread] DEBUG MainWindow           - FXGLMainMenuDummyScene -> FXGLLoadingScene
15:18:17.886 [JavaFX Application Thread] DEBUG GameApplicationServi - Clearing previous game
15:18:17.886 [JavaFX Application Thread] DEBUG GameScene            - Clearing game scene
15:18:17.886 [JavaFX Application Thread] DEBUG GameWorld            - Clearing game world
15:18:17.888 [JavaFX Application Thread] DEBUG PhysicsWorld         - Clearing physics world
15:18:17.889 [FXGL Background Thread 2 ] DEBUG FXGLApplication      - Initializing game
15:18:17.892 [FXGL Background Thread 2 ] DEBUG FXGLAssetLoaderServi - Loading from cache: /assets/textures/background.png
15:18:17.895 [FXGL Background Thread 2 ] DEBUG FXGLAssetLoaderServi - Loading from cache: /assets/textures/deadTank.png
15:18:17.897 [FXGL Background Thread 2 ] DEBUG FXGLAssetLoaderServi - Loading from cache: /assets/textures/barrier.png
15:18:17.898 [FXGL Background Thread 2 ] DEBUG FXGLAssetLoaderServi - Loading from cache: /assets/textures/barrier.png
15:18:17.898 [FXGL Background Thread 2 ] DEBUG FXGLAssetLoaderServi - Loading from cache: /assets/textures/barrier.png
15:18:17.898 [FXGL Background Thread 2 ] DEBUG FXGLAssetLoaderServi - Loading from cache: /assets/textures/barrier.png
15:18:17.899 [FXGL Background Thread 2 ] DEBUG FXGLAssetLoaderServi - Loading from cache: /assets/textures/horizontalBarrier.png
15:18:17.899 [FXGL Background Thread 2 ] DEBUG FXGLAssetLoaderServi - Loading from cache: /assets/textures/horizontalBarrier.png
15:18:17.899 [FXGL Background Thread 2 ] DEBUG FXGLAssetLoaderServi - Loading from cache: /assets/textures/horizontalBarrier.png
15:18:17.899 [FXGL Background Thread 2 ] DEBUG FXGLAssetLoaderServi - Loading from cache: /assets/textures/horizontalBarrier.png
15:18:17.903 [FXGL Background Thread 2 ] DEBUG FXGLAssetLoaderServi - Loading from cache: /assets/textures/tank.png
15:18:17.914 [FXGL Background Thread 2 ] DEBUG FXGLAssetLoaderServi - Loading from cache: /assets/textures/tank.png
15:18:17.917 [FXGL Background Thread 2 ] INFO  FXGLApplication      - Game initialization took: 0.028 sec
15:18:17.919 [JavaFX Application Thread] DEBUG Input                - Clearing active input actions
15:18:17.928 [JavaFX Application Thread] DEBUG GameApplicationServi - Removing overlay from FXGLLoadingScene and adding to GameScene
15:18:17.928 [JavaFX Application Thread] DEBUG MainWindow           - FXGLLoadingScene -> GameScene
15:18:27.549 [JavaFX Application Thread] DEBUG FXGLAssetLoaderServi - Loading from cache: /assets/textures/bullet.png
15:18:34.715 [JavaFX Application Thread] DEBUG FXGLAssetLoaderServi - Loading from cache: /assets/textures/bullet.png
15:18:38.284 [JavaFX Application Thread] DEBUG FXGLAssetLoaderServi - Loading from cache: /assets/textures/bullet.png
15:18:39.374 [JavaFX Application Thread] DEBUG FXGLAssetLoaderServi - Loading from cache: /assets/textures/bullet.png
15:18:50.540 [JavaFX Application Thread] DEBUG FXGLAssetLoaderServi - Loading from cache: /assets/textures/bullet.png
15:18:54.429 [JavaFX Application Thread] DEBUG FXGLAssetLoaderServi - Loading from cache: /assets/textures/bullet.png
15:18:56.273 [JavaFX Application Thread] DEBUG FXGLAssetLoaderServi - Loading from cache: /assets/textures/bullet.png
15:19:11.534 [JavaFX Application Thread] DEBUG FXGLApplication      - Exiting FXGL
15:19:11.535 [JavaFX Application Thread] DEBUG LoopRunner           - Stopping loop
15:19:11.535 [JavaFX Application Thread] DEBUG SystemBundleService  - Saving FXGL system data
15:19:11.559 [JavaFX Application Thread] DEBUG FileSystemAccess     - Writing to: /Users/Mies/IdeaProjects/BasicGame/system/fxgl.bundle
15:19:11.577 [JavaFX Application Thread] DEBUG Async                - Shutting down background threads
15:19:11.578 [JavaFX Application Thread] DEBUG MainWindow           - Closing main window
15:19:11.647 [JavaFX Application Thread] DEBUG Logger               - Closing Logger
