15:05:50.993 [main                     ] DEBUG Logger               - Configured Logger
15:05:51.020 [main                     ] DEBUG GameApplication      - Logging settings
Title: TankGame
Version: 1.0
Width: 1017
Height: 508
Fullscreen: true
Intro: false
Profiling: false
Single step:false
App Mode: DEVELOPER
Menu Key: ESCAPE
Stage Style: DECORATED
Scene Factory: class com.almasb.fxgl.app.scene.SceneFactory

15:05:52.188 [JavaFX Application Thread] DEBUG FXGLApplication      - Initializing FXGL
15:05:52.195 [JavaFX Application Thread] INFO  Engine               - FXGL-11.12 (11.12.2020 08.51) on MAC (J:14 FX:15)
15:05:52.196 [JavaFX Application Thread] DEBUG Engine               - JRE Vendor Name: Oracle Corporation
15:05:52.196 [JavaFX Application Thread] DEBUG Engine               - Running on OS: Mac OS X version 10.16
15:05:52.196 [JavaFX Application Thread] DEBUG Engine               - Architecture: x86_64
15:05:52.197 [JavaFX Application Thread] INFO  Engine               - Source code and latest versions at: https://github.com/AlmasB/FXGL
15:05:52.197 [JavaFX Application Thread] INFO  Engine               -              Join the FXGL chat at: https://gitter.im/AlmasB/FXGL
15:05:52.330 [JavaFX Application Thread] DEBUG MainWindow           - Creating a JavaFX scene
15:05:52.388 [JavaFX Application Thread] DEBUG MainWindow           - Target settings size: 1017.0 x 508.0
15:05:52.389 [JavaFX Application Thread] DEBUG MainWindow           - Scaled scene size:    1017.0 x 508.0
15:05:52.389 [JavaFX Application Thread] DEBUG MainWindow           - Scaled ratio: (1.0, 1.0)
15:05:52.390 [JavaFX Application Thread] DEBUG MainWindow           - Set initial scene to StartupScene
15:05:52.397 [JavaFX Application Thread] DEBUG MainWindow           - Opening main window
15:05:52.552 [JavaFX Application Thread] DEBUG MainWindow           - Window border size: (0.0, 28.0)
15:05:52.552 [JavaFX Application Thread] DEBUG MainWindow           - Scaled size: 1017.0 x 508.0
15:05:52.552 [JavaFX Application Thread] DEBUG MainWindow           - Scaled ratio: (1.0, 1.0)
15:05:52.553 [JavaFX Application Thread] DEBUG MainWindow           - Scene size: 1017.0 x 508.0
15:05:52.553 [JavaFX Application Thread] DEBUG MainWindow           - Stage size: 1017.0 x 536.0
15:05:52.573 [FXGL Background Thread 1 ] DEBUG Engine               - Initializing environment variables
15:05:52.747 [FXGL Background Thread 1 ] DEBUG GameApplicationServi - Applying CSS: fxgl_dark.css
15:05:52.781 [FXGL Background Thread 1 ] DEBUG FXGLAssetLoaderServi - Loading from file system: /assets/ui/css/fxgl_dark.css
15:05:53.302 [FXGL Background Thread 1 ] DEBUG GameApplicationServi - Initializing application scenes
15:05:53.680 [FXGL Background Thread 1 ] DEBUG GameWorld            - Game world initialized
15:05:53.733 [FXGL Background Thread 1 ] DEBUG PhysicsWorld         - Physics world initialized: appHeight=508, physics.ppm=50.0
15:05:53.737 [FXGL Background Thread 1 ] DEBUG GameScene            - Game scene initialized: 1017x508
15:05:53.784 [FXGL Background Thread 1 ] DEBUG FXGLAssetLoaderServi - Loading from file system: /assets/textures/particles/trace_horizontal.png
15:05:53.846 [FXGL Background Thread 1 ] WARN  FXGL.DefaultMenu     - FXGLDefaultMenu is not designed for resolutions < 800x600
15:05:53.847 [FXGL Background Thread 1 ] DEBUG FXGL.DefaultMenu     - createMenuBodyMainMenu()
15:05:53.871 [FXGL Background Thread 1 ] DEBUG FXGL.DefaultMenu     - createOptionsMenu()
15:05:53.884 [FXGL Background Thread 1 ] DEBUG FXGLAssetLoaderServi - Loading from file system: /assets/textures/particles/smoke.png
15:05:53.995 [FXGL Background Thread 1 ] DEBUG FXGLAssetLoaderServi - Loading from cache: /assets/textures/particles/trace_horizontal.png@64.0x64.0
15:05:53.997 [FXGL Background Thread 1 ] WARN  FXGL.DefaultMenu     - FXGLDefaultMenu is not designed for resolutions < 800x600
15:05:53.997 [FXGL Background Thread 1 ] DEBUG FXGL.DefaultMenu     - createMenuBodyGameMenu()
15:05:54.000 [FXGL Background Thread 1 ] DEBUG FXGL.DefaultMenu     - createOptionsMenu()
15:05:54.005 [FXGL Background Thread 1 ] DEBUG FXGLAssetLoaderServi - Loading from cache: /assets/textures/particles/smoke.png@128.0x128.0
15:05:54.042 [FXGL Background Thread 1 ] DEBUG GameApplicationServi - Application scenes initialized
15:05:54.060 [FXGL Background Thread 1 ] DEBUG SystemBundleService  - Loading FXGL system data
15:05:54.070 [FXGL Background Thread 1 ] DEBUG FileSystemAccess     - Reading from: /Users/Mies/IdeaProjects/BasicGame/system/fxgl.bundle
15:05:54.077 [FXGL Background Thread 1 ] DEBUG SystemBundleService  - Bundle FXGL: {}
15:05:54.078 [FXGL Background Thread 1 ] DEBUG UpdaterService       - Checking for updates
15:05:54.090 [FXGL Background Thread 4 ] DEBUG FXGLApplication      - Loading fonts
15:05:54.092 [FXGL Background Thread 4 ] DEBUG FXGLAssetLoaderServi - Loading from file system: /assets/ui/fonts/VarelaRound-Regular.ttf
15:05:54.095 [FXGL Background Thread 1 ] DEBUG FXGLApplication      - Loading default localization
15:05:54.096 [FXGL Background Thread 1 ] DEBUG FXGLAssetLoaderServi - Loading from file system: /assets/languages/english.lang
15:05:54.131 [FXGL Background Thread 1 ] INFO  FXGLApplication      - FXGL initialization took: 1.555 sec
15:05:54.147 [JavaFX Application Thread] DEBUG Input                - Registered new binding: Player1 Move Forward - W
15:05:54.152 [JavaFX Application Thread] DEBUG Input                - Registered new binding: Player1 Move Backward - S
15:05:54.154 [JavaFX Application Thread] DEBUG Input                - Registered new binding: Player1 Rotate Left - A
15:05:54.154 [JavaFX Application Thread] DEBUG Input                - Registered new binding: Player1 Rotate Right - D
15:05:54.155 [JavaFX Application Thread] DEBUG Input                - Registered new binding: Player1Shoot - C
15:05:54.158 [JavaFX Application Thread] DEBUG Input                - Registered new binding: Player2 Move Forward - I
15:05:54.162 [JavaFX Application Thread] DEBUG Input                - Registered new binding: Player2 Move Backward - K
15:05:54.164 [JavaFX Application Thread] DEBUG Input                - Registered new binding: Player2 Rotate Left - J
15:05:54.164 [FXGL Background Thread 4 ] DEBUG FXGLAssetLoaderServi - Loading from file system: /assets/ui/fonts/Abel-Regular.ttf
15:05:54.165 [JavaFX Application Thread] DEBUG Input                - Registered new binding: Player2 Rotate Right - L
15:05:54.166 [JavaFX Application Thread] DEBUG Input                - Registered new binding: Player2Shoot - Period
15:05:54.166 [JavaFX Application Thread] DEBUG FXGLAssetLoaderServi - Loading from file system: /assets/textures/tank.png
15:05:54.174 [FXGL Background Thread 4 ] DEBUG FXGLAssetLoaderServi - Loading from file system: /assets/ui/fonts/lucida_console.ttf
15:05:54.180 [FXGL Background Thread 4 ] DEBUG FXGLAssetLoaderServi - Loading from file system: /assets/ui/fonts/Courier-Prime.ttf
15:05:54.194 [JavaFX Application Thread] DEBUG FXGLAssetLoaderServi - Loading from file system: /assets/ui/cursors/fxgl_default.png
15:05:54.200 [JavaFX Application Thread] DEBUG Input                - Registered new binding: Screenshot - P
15:05:54.200 [JavaFX Application Thread] DEBUG Input                - Registered new binding: System info dump - CTRL+9
15:05:54.200 [JavaFX Application Thread] DEBUG Input                - Registered new binding: Restart - CTRL+R
15:05:54.201 [JavaFX Application Thread] DEBUG Input                - Registered new binding: Toggle Debug Camera - CTRL+C
15:05:54.203 [JavaFX Application Thread] DEBUG LoopRunner           - Starting loop
15:05:54.208 [JavaFX Application Thread] DEBUG Input                - Clearing active input actions
15:05:54.264 [JavaFX Application Thread] DEBUG GameApplicationServi - Removing overlay from StartupScene and adding to FXGLMainMenuDummyScene
15:05:54.265 [JavaFX Application Thread] DEBUG MainWindow           - StartupScene -> FXGLMainMenuDummyScene
15:05:54.266 [JavaFX Application Thread] DEBUG MainWindow           - Push state: FXGLDefaultMenu
15:05:54.275 [JavaFX Application Thread] DEBUG Input                - Clearing active input actions
15:05:54.295 [JavaFX Application Thread] DEBUG GameApplicationServi - Removing overlay from FXGLMainMenuDummyScene and adding to FXGLDefaultMenu
15:05:54.297 [JavaFX Application Thread] DEBUG MainWindow           - FXGLMainMenuDummyScene -> FXGLDefaultMenu
15:05:54.386 [JavaFX Application Thread] DEBUG FXGLApplication      - Registering font factories with UI factory
15:05:56.404 [FXGL Background Thread 2 ] INFO  UpdaterService       - Your current version:  11.12
15:05:56.431 [FXGL Background Thread 2 ] INFO  UpdaterService       - Latest stable version: 17.3
15:05:57.093 [FXGL Background Thread 3 ] DEBUG Engine               - Logging environment variables
15:05:57.097 [FXGL Background Thread 3 ] DEBUG Engine               - achievements: []
15:05:57.097 [FXGL Background Thread 3 ] DEBUG Engine               - actualHeight: 508.0
15:05:57.097 [FXGL Background Thread 3 ] DEBUG Engine               - actualHeightProperty: ReadOnlyDoubleProperty [value: 508.0]
15:05:57.097 [FXGL Background Thread 3 ] DEBUG Engine               - actualWidth: 1017.0
15:05:57.097 [FXGL Background Thread 3 ] DEBUG Engine               - actualWidthProperty: ReadOnlyDoubleProperty [value: 1017.0]
15:05:57.097 [FXGL Background Thread 3 ] DEBUG Engine               - appIcon: tank.png
15:05:57.097 [FXGL Background Thread 3 ] DEBUG Engine               - applicationMode: DEVELOPER
15:05:57.097 [FXGL Background Thread 3 ] DEBUG Engine               - cSSList: [fxgl_dark.css]
15:05:57.097 [FXGL Background Thread 3 ] DEBUG Engine               - configClass: Optional.empty
15:05:57.097 [FXGL Background Thread 3 ] DEBUG Engine               - credits: []
15:05:57.099 [FXGL Background Thread 3 ] DEBUG Engine               - devBBoxColorProperty: ObjectProperty [value: 0xff0000ff]
15:05:57.101 [FXGL Background Thread 3 ] DEBUG Engine               - devEnableDebugCameraProperty: BooleanProperty [value: false]
15:05:57.103 [FXGL Background Thread 3 ] DEBUG Engine               - devSensorColorProperty: ObjectProperty [value: 0xffff00ff]
15:05:57.103 [FXGL Background Thread 3 ] DEBUG Engine               - devShowBBoxProperty: BooleanProperty [value: false]
15:05:57.103 [FXGL Background Thread 3 ] DEBUG Engine               - devShowPositionProperty: BooleanProperty [value: false]
15:05:57.103 [FXGL Background Thread 3 ] DEBUG Engine               - enabledMenuItems: []
15:05:57.103 [FXGL Background Thread 3 ] DEBUG Engine               - engineServices: [class com.almasb.fxgl.app.FXGLApplication$GameApplicationService, class com.almasb.fxgl.app.services.FXGLDialogService, class com.almasb.fxgl.app.services.IOTaskExecutorService, class com.almasb.fxgl.event.EventBusService, class com.almasb.fxgl.io.FileSystemService, class com.almasb.fxgl.localization.LocalizationService, class com.almasb.fxgl.app.services.FXGLAssetLoaderService, class com.almasb.fxgl.app.services.SystemBundleService, class com.almasb.fxgl.profile.SaveLoadService, class com.almasb.fxgl.ui.FXGLUIFactoryServiceProvider, class com.almasb.fxgl.ui.FXGLDialogFactoryServiceProvider, class com.almasb.fxgl.audio.AudioPlayer, class com.almasb.fxgl.notification.impl.NotificationServiceProvider, class com.almasb.fxgl.achievement.AchievementService, class com.almasb.fxgl.cutscene.CutsceneService, class com.almasb.fxgl.minigames.MiniGameService, class com.almasb.fxgl.net.NetService, class com.almasb.fxgl.app.services.UpdaterService, class com.almasb.fxgl.dev.DevService]
15:05:57.104 [FXGL Background Thread 3 ] DEBUG Engine               - fontGame: Abel-Regular.ttf
15:05:57.104 [FXGL Background Thread 3 ] DEBUG Engine               - fontMono: lucida_console.ttf
15:05:57.104 [FXGL Background Thread 3 ] DEBUG Engine               - fontText: Courier-Prime.ttf
15:05:57.105 [FXGL Background Thread 3 ] DEBUG Engine               - fontUI: VarelaRound-Regular.ttf
15:05:57.105 [FXGL Background Thread 3 ] DEBUG Engine               - fullScreen: BooleanProperty [value: false]
15:05:57.106 [FXGL Background Thread 3 ] DEBUG Engine               - gameDifficulty: MEDIUM
15:05:57.108 [FXGL Background Thread 3 ] DEBUG Engine               - gameDifficultyProperty: ObjectProperty [value: MEDIUM]
15:05:57.111 [FXGL Background Thread 3 ] DEBUG Engine               - globalMusicVolume: 0.5
15:05:57.111 [FXGL Background Thread 3 ] DEBUG Engine               - globalMusicVolumeProperty: DoubleProperty [value: 0.5]
15:05:57.111 [FXGL Background Thread 3 ] DEBUG Engine               - globalSoundVolume: 0.5
15:05:57.111 [FXGL Background Thread 3 ] DEBUG Engine               - globalSoundVolumeProperty: DoubleProperty [value: 0.5]
15:05:57.111 [FXGL Background Thread 3 ] DEBUG Engine               - height: 508
15:05:57.112 [FXGL Background Thread 3 ] DEBUG Engine               - isAndroid: false
15:05:57.113 [FXGL Background Thread 3 ] DEBUG Engine               - isBrowser: false
15:05:57.114 [FXGL Background Thread 3 ] DEBUG Engine               - isClickFeedbackEnabled: false
15:05:57.115 [FXGL Background Thread 3 ] DEBUG Engine               - isCloseConfirmation: false
15:05:57.116 [FXGL Background Thread 3 ] DEBUG Engine               - isDesktop: true
15:05:57.116 [FXGL Background Thread 3 ] DEBUG Engine               - isDeveloperMenuEnabled: false
15:05:57.116 [FXGL Background Thread 3 ] DEBUG Engine               - isEntityPreloadEnabled: true
15:05:57.116 [FXGL Background Thread 3 ] DEBUG Engine               - isExperimental3D: false
15:05:57.116 [FXGL Background Thread 3 ] DEBUG Engine               - isExperimentalNative: false
15:05:57.116 [FXGL Background Thread 3 ] DEBUG Engine               - isExperimentalTiledLargeMap: false
15:05:57.117 [FXGL Background Thread 3 ] DEBUG Engine               - isFileSystemWriteAllowed: true
15:05:57.118 [FXGL Background Thread 3 ] DEBUG Engine               - isFullScreenAllowed: true
15:05:57.118 [FXGL Background Thread 3 ] DEBUG Engine               - isFullScreenFromStart: false
15:05:57.118 [FXGL Background Thread 3 ] DEBUG Engine               - isGameMenuEnabled: true
15:05:57.118 [FXGL Background Thread 3 ] DEBUG Engine               - isIOS: false
15:05:57.119 [FXGL Background Thread 3 ] DEBUG Engine               - isIntroEnabled: false
15:05:57.119 [FXGL Background Thread 3 ] DEBUG Engine               - isLinux: false
15:05:57.119 [FXGL Background Thread 3 ] DEBUG Engine               - isMac: true
15:05:57.119 [FXGL Background Thread 3 ] DEBUG Engine               - isMainMenuEnabled: true
15:05:57.119 [FXGL Background Thread 3 ] DEBUG Engine               - isManualResizeEnabled: true
15:05:57.119 [FXGL Background Thread 3 ] DEBUG Engine               - isMobile: false
15:05:57.119 [FXGL Background Thread 3 ] DEBUG Engine               - isPreserveResizeRatio: true
15:05:57.119 [FXGL Background Thread 3 ] DEBUG Engine               - isProfilingEnabled: false
15:05:57.119 [FXGL Background Thread 3 ] DEBUG Engine               - isScaleAffectedOnResize: true
15:05:57.119 [FXGL Background Thread 3 ] DEBUG Engine               - isSingleStep: false
15:05:57.119 [FXGL Background Thread 3 ] DEBUG Engine               - isUserProfileEnabled: false
15:05:57.122 [FXGL Background Thread 3 ] DEBUG Engine               - isWindows: false
15:05:57.123 [FXGL Background Thread 3 ] DEBUG Engine               - language: ObjectProperty [value: ENGLISH]
15:05:57.123 [FXGL Background Thread 3 ] DEBUG Engine               - menuKey: ESCAPE
15:05:57.123 [FXGL Background Thread 3 ] DEBUG Engine               - notificationViewClass: class com.almasb.fxgl.notification.view.XboxNotificationView
15:05:57.123 [FXGL Background Thread 3 ] DEBUG Engine               - pixelsPerMeter: 50.0
15:05:57.123 [FXGL Background Thread 3 ] DEBUG Engine               - platform: MAC
15:05:57.123 [FXGL Background Thread 3 ] DEBUG Engine               - prefHeightProperty: ReadOnlyDoubleProperty [value: 508.0]
15:05:57.123 [FXGL Background Thread 3 ] DEBUG Engine               - prefWidthProperty: ReadOnlyDoubleProperty [value: 1017.0]
15:05:57.123 [FXGL Background Thread 3 ] DEBUG Engine               - profileDir: profiles/
15:05:57.123 [FXGL Background Thread 3 ] DEBUG Engine               - profileName: StringProperty [value: DEFAULT]
15:05:57.123 [FXGL Background Thread 3 ] DEBUG Engine               - randomSeed: -1
15:05:57.123 [FXGL Background Thread 3 ] DEBUG Engine               - runtimeInfo: RuntimeInfo(platform=MAC, version=11.12, build=11.12.2020 08.51)
15:05:57.123 [FXGL Background Thread 3 ] DEBUG Engine               - saveFileExt: sav
15:05:57.123 [FXGL Background Thread 3 ] DEBUG Engine               - scaledHeightProp$fxgl: DoubleProperty [bound, value: 508.0]
15:05:57.123 [FXGL Background Thread 3 ] DEBUG Engine               - scaledWidthProp$fxgl: DoubleProperty [bound, value: 1017.0]
15:05:57.123 [FXGL Background Thread 3 ] DEBUG Engine               - sceneFactory: com.almasb.fxgl.app.scene.SceneFactory@52821183
15:05:57.123 [FXGL Background Thread 3 ] DEBUG Engine               - secondsIn24h: 60
15:05:57.124 [FXGL Background Thread 3 ] DEBUG Engine               - soundMenuBack: menu/back.wav
15:05:57.124 [FXGL Background Thread 3 ] DEBUG Engine               - soundMenuPress: menu/press.wav
15:05:57.124 [FXGL Background Thread 3 ] DEBUG Engine               - soundMenuSelect: menu/select.wav
15:05:57.124 [FXGL Background Thread 3 ] DEBUG Engine               - soundNotification: core/notification.wav
15:05:57.124 [FXGL Background Thread 3 ] DEBUG Engine               - stageStyle: DECORATED
15:05:57.124 [FXGL Background Thread 3 ] DEBUG Engine               - supportedLanguages: [ENGLISH, FRENCH, GERMAN, HUNGARIAN, RUSSIAN]
15:05:57.124 [FXGL Background Thread 3 ] DEBUG Engine               - title: TankGame
15:05:57.124 [FXGL Background Thread 3 ] DEBUG Engine               - urlGithub: https://github.com/AlmasB/FXGL
15:05:57.124 [FXGL Background Thread 3 ] DEBUG Engine               - urlLeaderboard: http://fxgl-top.herokuapp.com/
15:05:57.124 [FXGL Background Thread 3 ] DEBUG Engine               - urlPOM: https://raw.githubusercontent.com/AlmasB/FXGL/master/README.md
15:05:57.124 [FXGL Background Thread 3 ] DEBUG Engine               - version: 1.0
15:05:57.124 [FXGL Background Thread 3 ] DEBUG Engine               - versionCheckDays: 7
15:05:57.124 [FXGL Background Thread 3 ] DEBUG Engine               - width: 1017
15:05:57.124 [FXGL Background Thread 3 ] DEBUG Engine               - Logging services
15:05:57.124 [FXGL Background Thread 3 ] DEBUG Engine               - class com.almasb.fxgl.app.FXGLApplication$GameApplicationService
15:05:57.126 [FXGL Background Thread 3 ] DEBUG Engine               - class com.almasb.fxgl.app.services.FXGLDialogService
15:05:57.126 [FXGL Background Thread 3 ] DEBUG Engine               - class com.almasb.fxgl.app.services.IOTaskExecutorService
15:05:57.126 [FXGL Background Thread 3 ] DEBUG Engine               - class com.almasb.fxgl.event.EventBusService
15:05:57.126 [FXGL Background Thread 3 ] DEBUG Engine               - class com.almasb.fxgl.io.FileSystemService
15:05:57.126 [FXGL Background Thread 3 ] DEBUG Engine               - class com.almasb.fxgl.localization.LocalizationService
15:05:57.126 [FXGL Background Thread 3 ] DEBUG Engine               - class com.almasb.fxgl.app.services.FXGLAssetLoaderService
15:05:57.128 [FXGL Background Thread 3 ] DEBUG Engine               - class com.almasb.fxgl.app.services.SystemBundleService
15:05:57.129 [FXGL Background Thread 3 ] DEBUG Engine               - class com.almasb.fxgl.profile.SaveLoadService
15:05:57.129 [FXGL Background Thread 3 ] DEBUG Engine               - class com.almasb.fxgl.ui.FXGLUIFactoryServiceProvider
15:05:57.134 [FXGL Background Thread 3 ] DEBUG Engine               - class com.almasb.fxgl.ui.FXGLDialogFactoryServiceProvider
15:05:57.135 [FXGL Background Thread 3 ] DEBUG Engine               - class com.almasb.fxgl.audio.AudioPlayer
15:05:57.135 [FXGL Background Thread 3 ] DEBUG Engine               - class com.almasb.fxgl.notification.impl.NotificationServiceProvider
15:05:57.135 [FXGL Background Thread 3 ] DEBUG Engine               - class com.almasb.fxgl.achievement.AchievementService
15:05:57.135 [FXGL Background Thread 3 ] DEBUG Engine               - class com.almasb.fxgl.cutscene.CutsceneService
15:05:57.135 [FXGL Background Thread 3 ] DEBUG Engine               - class com.almasb.fxgl.minigames.MiniGameService
15:05:57.135 [FXGL Background Thread 3 ] DEBUG Engine               - class com.almasb.fxgl.net.NetService
15:05:57.135 [FXGL Background Thread 3 ] DEBUG Engine               - class com.almasb.fxgl.app.services.UpdaterService
15:05:57.135 [FXGL Background Thread 3 ] DEBUG Engine               - class com.almasb.fxgl.dev.DevService
15:06:01.215 [JavaFX Application Thread] DEBUG Menu                 - fireNewGame()
15:06:01.218 [JavaFX Application Thread] DEBUG GameApplicationServi - Starting new game
15:06:01.221 [JavaFX Application Thread] DEBUG MainWindow           - Pop state: FXGLDefaultMenu
15:06:01.221 [JavaFX Application Thread] DEBUG Input                - Clearing active input actions
15:06:01.229 [JavaFX Application Thread] DEBUG GameApplicationServi - Removing overlay from FXGLDefaultMenu and adding to FXGLMainMenuDummyScene
15:06:01.232 [JavaFX Application Thread] DEBUG MainWindow           - FXGLMainMenuDummyScene <- FXGLDefaultMenu
15:06:01.234 [JavaFX Application Thread] DEBUG Input                - Clearing active input actions
15:06:01.272 [JavaFX Application Thread] DEBUG GameApplicationServi - Removing overlay from FXGLMainMenuDummyScene and adding to FXGLLoadingScene
15:06:01.273 [JavaFX Application Thread] DEBUG MainWindow           - FXGLMainMenuDummyScene -> FXGLLoadingScene
15:06:01.273 [JavaFX Application Thread] DEBUG GameApplicationServi - Clearing previous game
15:06:01.273 [JavaFX Application Thread] DEBUG GameScene            - Clearing game scene
15:06:01.273 [JavaFX Application Thread] DEBUG GameWorld            - Clearing game world
15:06:01.273 [JavaFX Application Thread] DEBUG PhysicsWorld         - Clearing physics world
15:06:01.276 [FXGL Background Thread 2 ] DEBUG FXGLApplication      - Initializing game
15:06:01.299 [FXGL Background Thread 2 ] DEBUG FXGLAssetLoaderServi - Loading from file system: /assets/textures/background.png
15:06:01.338 [FXGL Background Thread 2 ] DEBUG FXGLAssetLoaderServi - Loading from file system: /assets/textures/deadTank.png
15:06:01.354 [FXGL Background Thread 2 ] DEBUG FXGLAssetLoaderServi - Loading from file system: /assets/textures/barrier.png
15:06:01.367 [FXGL Background Thread 2 ] DEBUG FXGLAssetLoaderServi - Loading from cache: /assets/textures/barrier.png
15:06:01.377 [FXGL Background Thread 2 ] DEBUG FXGLAssetLoaderServi - Loading from cache: /assets/textures/barrier.png
15:06:01.402 [FXGL Background Thread 2 ] DEBUG FXGLAssetLoaderServi - Loading from cache: /assets/textures/barrier.png
15:06:01.414 [FXGL Background Thread 2 ] DEBUG FXGLAssetLoaderServi - Loading from file system: /assets/textures/horizontalBarrier.png
15:06:01.424 [FXGL Background Thread 2 ] DEBUG FXGLAssetLoaderServi - Loading from cache: /assets/textures/horizontalBarrier.png
15:06:01.428 [FXGL Background Thread 2 ] DEBUG FXGLAssetLoaderServi - Loading from cache: /assets/textures/horizontalBarrier.png
15:06:01.430 [FXGL Background Thread 2 ] DEBUG FXGLAssetLoaderServi - Loading from cache: /assets/textures/horizontalBarrier.png
15:06:01.486 [FXGL Background Thread 2 ] DEBUG FXGLAssetLoaderServi - Loading from cache: /assets/textures/tank.png
15:06:01.532 [FXGL Background Thread 2 ] DEBUG FXGLAssetLoaderServi - Loading from cache: /assets/textures/tank.png
15:06:01.547 [FXGL Background Thread 2 ] INFO  FXGLApplication      - Game initialization took: 0.270 sec
15:06:01.550 [JavaFX Application Thread] DEBUG Input                - Clearing active input actions
15:06:01.594 [JavaFX Application Thread] DEBUG GameApplicationServi - Removing overlay from FXGLLoadingScene and adding to GameScene
15:06:01.598 [JavaFX Application Thread] DEBUG MainWindow           - FXGLLoadingScene -> GameScene
15:06:10.865 [JavaFX Application Thread] DEBUG FXGLAssetLoaderServi - Loading from file system: /assets/textures/bullet.png
15:06:11.880 [JavaFX Application Thread] DEBUG FXGLAssetLoaderServi - Loading from cache: /assets/textures/bullet.png
15:06:14.324 [JavaFX Application Thread] DEBUG FXGLAssetLoaderServi - Loading from cache: /assets/textures/bullet.png
15:06:16.063 [JavaFX Application Thread] DEBUG FXGLAssetLoaderServi - Loading from cache: /assets/textures/bullet.png
15:06:22.764 [JavaFX Application Thread] DEBUG FXGLAssetLoaderServi - Loading from cache: /assets/textures/bullet.png
15:06:24.274 [JavaFX Application Thread] DEBUG FXGLAssetLoaderServi - Loading from cache: /assets/textures/bullet.png
15:06:32.762 [JavaFX Application Thread] DEBUG FXGLAssetLoaderServi - Loading from cache: /assets/textures/bullet.png
15:06:33.565 [JavaFX Application Thread] DEBUG FXGLAssetLoaderServi - Loading from cache: /assets/textures/bullet.png
15:06:42.835 [JavaFX Application Thread] DEBUG FXGLAssetLoaderServi - Loading from cache: /assets/textures/bullet.png
15:06:45.279 [JavaFX Application Thread] DEBUG MainWindow           - Push state: FXGLDefaultMenu
15:06:45.281 [JavaFX Application Thread] DEBUG Input                - Clearing active input actions
15:06:45.313 [JavaFX Application Thread] DEBUG GameApplicationServi - Removing overlay from GameScene and adding to FXGLDefaultMenu
15:06:45.314 [JavaFX Application Thread] DEBUG MainWindow           - GameScene -> FXGLDefaultMenu
15:06:46.703 [JavaFX Application Thread] DEBUG Menu                 - fireExitToMainMenu()
15:06:46.710 [JavaFX Application Thread] DEBUG MainWindow           - Push state: DialogSubScene
15:06:46.710 [JavaFX Application Thread] DEBUG Input                - Clearing active input actions
15:06:46.711 [JavaFX Application Thread] DEBUG GameApplicationServi - Removing overlay from FXGLDefaultMenu and adding to DialogSubScene
15:06:46.711 [JavaFX Application Thread] DEBUG MainWindow           - FXGLDefaultMenu -> DialogSubScene
15:06:47.716 [JavaFX Application Thread] DEBUG MainWindow           - Pop state: DialogSubScene
15:06:47.723 [JavaFX Application Thread] DEBUG Input                - Clearing active input actions
15:06:47.734 [JavaFX Application Thread] DEBUG GameApplicationServi - Removing overlay from DialogSubScene and adding to FXGLDefaultMenu
15:06:47.737 [JavaFX Application Thread] DEBUG MainWindow           - FXGLDefaultMenu <- DialogSubScene
15:06:47.739 [JavaFX Application Thread] DEBUG MainWindow           - Pop state: FXGLDefaultMenu
15:06:47.739 [JavaFX Application Thread] DEBUG Input                - Clearing active input actions
15:06:47.740 [JavaFX Application Thread] DEBUG GameApplicationServi - Removing overlay from FXGLDefaultMenu and adding to GameScene
15:06:47.740 [JavaFX Application Thread] DEBUG MainWindow           - GameScene <- FXGLDefaultMenu
15:06:47.741 [JavaFX Application Thread] DEBUG Input                - Clearing active input actions
15:06:47.797 [JavaFX Application Thread] DEBUG GameApplicationServi - Removing overlay from GameScene and adding to FXGLMainMenuDummyScene
15:06:47.801 [JavaFX Application Thread] DEBUG MainWindow           - GameScene -> FXGLMainMenuDummyScene
15:06:47.801 [JavaFX Application Thread] DEBUG MainWindow           - Push state: FXGLDefaultMenu
15:06:47.802 [JavaFX Application Thread] DEBUG Input                - Clearing active input actions
15:06:47.817 [JavaFX Application Thread] DEBUG GameApplicationServi - Removing overlay from FXGLMainMenuDummyScene and adding to FXGLDefaultMenu
15:06:47.819 [JavaFX Application Thread] DEBUG MainWindow           - FXGLMainMenuDummyScene -> FXGLDefaultMenu
15:06:48.739 [JavaFX Application Thread] DEBUG Menu                 - fireNewGame()
15:06:48.742 [JavaFX Application Thread] DEBUG GameApplicationServi - Starting new game
15:06:48.742 [JavaFX Application Thread] DEBUG MainWindow           - Pop state: FXGLDefaultMenu
15:06:48.742 [JavaFX Application Thread] DEBUG Input                - Clearing active input actions
15:06:48.745 [JavaFX Application Thread] DEBUG GameApplicationServi - Removing overlay from FXGLDefaultMenu and adding to FXGLMainMenuDummyScene
15:06:48.745 [JavaFX Application Thread] DEBUG MainWindow           - FXGLMainMenuDummyScene <- FXGLDefaultMenu
15:06:48.745 [JavaFX Application Thread] DEBUG Input                - Clearing active input actions
15:06:48.761 [JavaFX Application Thread] DEBUG GameApplicationServi - Removing overlay from FXGLMainMenuDummyScene and adding to FXGLLoadingScene
15:06:48.761 [JavaFX Application Thread] DEBUG MainWindow           - FXGLMainMenuDummyScene -> FXGLLoadingScene
15:06:48.761 [JavaFX Application Thread] DEBUG GameApplicationServi - Clearing previous game
15:06:48.761 [JavaFX Application Thread] DEBUG GameScene            - Clearing game scene
15:06:48.761 [JavaFX Application Thread] DEBUG GameWorld            - Clearing game world
15:06:48.765 [JavaFX Application Thread] DEBUG PhysicsWorld         - Clearing physics world
15:06:48.768 [FXGL Background Thread 2 ] DEBUG FXGLApplication      - Initializing game
15:06:48.778 [FXGL Background Thread 2 ] DEBUG FXGLAssetLoaderServi - Loading from cache: /assets/textures/background.png
15:06:48.781 [FXGL Background Thread 2 ] DEBUG FXGLAssetLoaderServi - Loading from cache: /assets/textures/deadTank.png
15:06:48.782 [FXGL Background Thread 2 ] DEBUG FXGLAssetLoaderServi - Loading from cache: /assets/textures/barrier.png
15:06:48.785 [FXGL Background Thread 2 ] DEBUG FXGLAssetLoaderServi - Loading from cache: /assets/textures/barrier.png
15:06:48.788 [FXGL Background Thread 2 ] DEBUG FXGLAssetLoaderServi - Loading from cache: /assets/textures/barrier.png
15:06:48.788 [FXGL Background Thread 2 ] DEBUG FXGLAssetLoaderServi - Loading from cache: /assets/textures/barrier.png
15:06:48.788 [FXGL Background Thread 2 ] DEBUG FXGLAssetLoaderServi - Loading from cache: /assets/textures/horizontalBarrier.png
15:06:48.792 [FXGL Background Thread 2 ] DEBUG FXGLAssetLoaderServi - Loading from cache: /assets/textures/horizontalBarrier.png
15:06:48.800 [FXGL Background Thread 2 ] DEBUG FXGLAssetLoaderServi - Loading from cache: /assets/textures/horizontalBarrier.png
15:06:48.801 [FXGL Background Thread 2 ] DEBUG FXGLAssetLoaderServi - Loading from cache: /assets/textures/horizontalBarrier.png
15:06:48.811 [FXGL Background Thread 2 ] DEBUG FXGLAssetLoaderServi - Loading from cache: /assets/textures/tank.png
15:06:48.828 [FXGL Background Thread 2 ] DEBUG FXGLAssetLoaderServi - Loading from cache: /assets/textures/tank.png
15:06:48.835 [FXGL Background Thread 2 ] INFO  FXGLApplication      - Game initialization took: 0.067 sec
15:06:48.837 [JavaFX Application Thread] DEBUG Input                - Clearing active input actions
15:06:48.850 [JavaFX Application Thread] DEBUG GameApplicationServi - Removing overlay from FXGLLoadingScene and adding to GameScene
15:06:48.851 [JavaFX Application Thread] DEBUG MainWindow           - FXGLLoadingScene -> GameScene
15:06:58.548 [JavaFX Application Thread] DEBUG FXGLAssetLoaderServi - Loading from cache: /assets/textures/bullet.png
15:07:12.360 [JavaFX Application Thread] DEBUG FXGLAssetLoaderServi - Loading from cache: /assets/textures/bullet.png
15:07:13.758 [JavaFX Application Thread] DEBUG FXGLAssetLoaderServi - Loading from cache: /assets/textures/bullet.png
15:07:15.319 [JavaFX Application Thread] DEBUG FXGLAssetLoaderServi - Loading from cache: /assets/textures/bullet.png
15:07:16.389 [JavaFX Application Thread] DEBUG FXGLAssetLoaderServi - Loading from cache: /assets/textures/bullet.png
15:07:25.062 [JavaFX Application Thread] DEBUG FXGLAssetLoaderServi - Loading from cache: /assets/textures/bullet.png
15:07:26.014 [JavaFX Application Thread] DEBUG FXGLAssetLoaderServi - Loading from cache: /assets/textures/bullet.png
15:07:43.438 [JavaFX Application Thread] DEBUG FXGLAssetLoaderServi - Loading from cache: /assets/textures/bullet.png
15:07:55.856 [JavaFX Application Thread] DEBUG FXGLApplication      - Exiting FXGL
15:07:55.858 [JavaFX Application Thread] DEBUG LoopRunner           - Stopping loop
15:07:55.859 [JavaFX Application Thread] DEBUG SystemBundleService  - Saving FXGL system data
15:07:55.871 [JavaFX Application Thread] DEBUG FileSystemAccess     - Writing to: /Users/Mies/IdeaProjects/BasicGame/system/fxgl.bundle
15:07:55.877 [JavaFX Application Thread] DEBUG Async                - Shutting down background threads
15:07:55.878 [JavaFX Application Thread] DEBUG MainWindow           - Closing main window
15:07:56.478 [JavaFX Application Thread] DEBUG Logger               - Closing Logger
