15:09:59.448 [main                     ] DEBUG Logger               - Configured Logger
15:09:59.476 [main                     ] DEBUG GameApplication      - Logging settings
Title: TankGame
Version: 1.0
Width: 1017
Height: 508
Fullscreen: true
Intro: false
Profiling: false
Single step:false
App Mode: DEVELOPER
Menu Key: ESCAPE
Stage Style: DECORATED
Scene Factory: class com.almasb.fxgl.app.scene.SceneFactory

15:09:59.851 [JavaFX Application Thread] DEBUG FXGLApplication      - Initializing FXGL
15:09:59.858 [JavaFX Application Thread] INFO  Engine               - FXGL-11.12 (11.12.2020 08.51) on MAC (J:14 FX:15)
15:09:59.858 [JavaFX Application Thread] DEBUG Engine               - JRE Vendor Name: Oracle Corporation
15:09:59.859 [JavaFX Application Thread] DEBUG Engine               - Running on OS: Mac OS X version 10.16
15:09:59.859 [JavaFX Application Thread] DEBUG Engine               - Architecture: x86_64
15:09:59.859 [JavaFX Application Thread] INFO  Engine               - Source code and latest versions at: https://github.com/AlmasB/FXGL
15:09:59.859 [JavaFX Application Thread] INFO  Engine               -              Join the FXGL chat at: https://gitter.im/AlmasB/FXGL
15:09:59.970 [JavaFX Application Thread] DEBUG MainWindow           - Creating a JavaFX scene
15:10:00.020 [JavaFX Application Thread] DEBUG MainWindow           - Target settings size: 1017.0 x 508.0
15:10:00.021 [JavaFX Application Thread] DEBUG MainWindow           - Scaled scene size:    1017.0 x 508.0
15:10:00.022 [JavaFX Application Thread] DEBUG MainWindow           - Scaled ratio: (1.0, 1.0)
15:10:00.023 [JavaFX Application Thread] DEBUG MainWindow           - Set initial scene to StartupScene
15:10:00.028 [JavaFX Application Thread] DEBUG MainWindow           - Opening main window
15:10:00.112 [JavaFX Application Thread] DEBUG MainWindow           - Window border size: (0.0, 28.0)
15:10:00.112 [JavaFX Application Thread] DEBUG MainWindow           - Scaled size: 1017.0 x 508.0
15:10:00.113 [JavaFX Application Thread] DEBUG MainWindow           - Scaled ratio: (1.0, 1.0)
15:10:00.113 [JavaFX Application Thread] DEBUG MainWindow           - Scene size: 1017.0 x 508.0
15:10:00.113 [JavaFX Application Thread] DEBUG MainWindow           - Stage size: 1017.0 x 536.0
15:10:00.117 [FXGL Background Thread 1 ] DEBUG Engine               - Initializing environment variables
15:10:00.219 [FXGL Background Thread 1 ] DEBUG GameApplicationServi - Applying CSS: fxgl_dark.css
15:10:00.229 [FXGL Background Thread 1 ] DEBUG FXGLAssetLoaderServi - Loading from file system: /assets/ui/css/fxgl_dark.css
15:10:00.472 [FXGL Background Thread 1 ] DEBUG GameApplicationServi - Initializing application scenes
15:10:00.739 [FXGL Background Thread 1 ] DEBUG GameWorld            - Game world initialized
15:10:00.782 [FXGL Background Thread 1 ] DEBUG PhysicsWorld         - Physics world initialized: appHeight=508, physics.ppm=50.0
15:10:00.788 [FXGL Background Thread 1 ] DEBUG GameScene            - Game scene initialized: 1017x508
15:10:00.828 [FXGL Background Thread 1 ] DEBUG FXGLAssetLoaderServi - Loading from file system: /assets/textures/particles/trace_horizontal.png
15:10:00.882 [FXGL Background Thread 1 ] WARN  FXGL.DefaultMenu     - FXGLDefaultMenu is not designed for resolutions < 800x600
15:10:00.883 [FXGL Background Thread 1 ] DEBUG FXGL.DefaultMenu     - createMenuBodyMainMenu()
15:10:00.902 [FXGL Background Thread 1 ] DEBUG FXGL.DefaultMenu     - createOptionsMenu()
15:10:00.912 [FXGL Background Thread 1 ] DEBUG FXGLAssetLoaderServi - Loading from file system: /assets/textures/particles/smoke.png
15:10:01.012 [FXGL Background Thread 1 ] DEBUG FXGLAssetLoaderServi - Loading from cache: /assets/textures/particles/trace_horizontal.png@64.0x64.0
15:10:01.013 [FXGL Background Thread 1 ] WARN  FXGL.DefaultMenu     - FXGLDefaultMenu is not designed for resolutions < 800x600
15:10:01.013 [FXGL Background Thread 1 ] DEBUG FXGL.DefaultMenu     - createMenuBodyGameMenu()
15:10:01.015 [FXGL Background Thread 1 ] DEBUG FXGL.DefaultMenu     - createOptionsMenu()
15:10:01.021 [FXGL Background Thread 1 ] DEBUG FXGLAssetLoaderServi - Loading from cache: /assets/textures/particles/smoke.png@128.0x128.0
15:10:01.067 [FXGL Background Thread 1 ] DEBUG GameApplicationServi - Application scenes initialized
15:10:01.082 [FXGL Background Thread 1 ] DEBUG SystemBundleService  - Loading FXGL system data
15:10:01.093 [FXGL Background Thread 1 ] DEBUG FileSystemAccess     - Reading from: /Users/Mies/IdeaProjects/BasicGame/system/fxgl.bundle
15:10:01.100 [FXGL Background Thread 1 ] DEBUG SystemBundleService  - Bundle FXGL: {}
15:10:01.100 [FXGL Background Thread 1 ] DEBUG UpdaterService       - Checking for updates
15:10:01.109 [FXGL Background Thread 4 ] DEBUG FXGLApplication      - Loading fonts
15:10:01.110 [FXGL Background Thread 4 ] DEBUG FXGLAssetLoaderServi - Loading from file system: /assets/ui/fonts/VarelaRound-Regular.ttf
15:10:01.113 [FXGL Background Thread 1 ] DEBUG FXGLApplication      - Loading default localization
15:10:01.116 [FXGL Background Thread 1 ] DEBUG FXGLAssetLoaderServi - Loading from file system: /assets/languages/english.lang
15:10:01.145 [FXGL Background Thread 4 ] DEBUG FXGLAssetLoaderServi - Loading from file system: /assets/ui/fonts/Abel-Regular.ttf
15:10:01.148 [FXGL Background Thread 1 ] INFO  FXGLApplication      - FXGL initialization took: 1.030 sec
15:10:01.159 [JavaFX Application Thread] DEBUG Input                - Registered new binding: Player1 Move Forward - W
15:10:01.154 [FXGL Background Thread 4 ] DEBUG FXGLAssetLoaderServi - Loading from file system: /assets/ui/fonts/lucida_console.ttf
15:10:01.165 [JavaFX Application Thread] DEBUG Input                - Registered new binding: Player1 Move Backward - S
15:10:01.166 [JavaFX Application Thread] DEBUG Input                - Registered new binding: Player1 Rotate Left - A
15:10:01.172 [FXGL Background Thread 4 ] DEBUG FXGLAssetLoaderServi - Loading from file system: /assets/ui/fonts/Courier-Prime.ttf
15:10:01.178 [JavaFX Application Thread] DEBUG Input                - Registered new binding: Player1 Rotate Right - D
15:10:01.180 [JavaFX Application Thread] DEBUG Input                - Registered new binding: Player1Shoot - C
15:10:01.184 [JavaFX Application Thread] DEBUG Input                - Registered new binding: Player2 Move Forward - I
15:10:01.186 [JavaFX Application Thread] DEBUG Input                - Registered new binding: Player2 Move Backward - K
15:10:01.186 [JavaFX Application Thread] DEBUG Input                - Registered new binding: Player2 Rotate Left - J
15:10:01.188 [JavaFX Application Thread] DEBUG Input                - Registered new binding: Player2 Rotate Right - L
15:10:01.190 [JavaFX Application Thread] DEBUG Input                - Registered new binding: Player2Shoot - Period
15:10:01.190 [JavaFX Application Thread] DEBUG FXGLAssetLoaderServi - Loading from file system: /assets/textures/tank.png
15:10:01.231 [JavaFX Application Thread] DEBUG FXGLAssetLoaderServi - Loading from file system: /assets/ui/cursors/fxgl_default.png
15:10:01.242 [JavaFX Application Thread] DEBUG Input                - Registered new binding: Screenshot - P
15:10:01.243 [JavaFX Application Thread] DEBUG Input                - Registered new binding: System info dump - CTRL+9
15:10:01.245 [JavaFX Application Thread] DEBUG Input                - Registered new binding: Restart - CTRL+R
15:10:01.246 [JavaFX Application Thread] DEBUG Input                - Registered new binding: Toggle Debug Camera - CTRL+C
15:10:01.248 [JavaFX Application Thread] DEBUG LoopRunner           - Starting loop
15:10:01.252 [JavaFX Application Thread] DEBUG Input                - Clearing active input actions
15:10:01.301 [JavaFX Application Thread] DEBUG GameApplicationServi - Removing overlay from StartupScene and adding to FXGLMainMenuDummyScene
15:10:01.305 [JavaFX Application Thread] DEBUG MainWindow           - StartupScene -> FXGLMainMenuDummyScene
15:10:01.306 [JavaFX Application Thread] DEBUG MainWindow           - Push state: FXGLDefaultMenu
15:10:01.315 [JavaFX Application Thread] DEBUG Input                - Clearing active input actions
15:10:01.337 [JavaFX Application Thread] DEBUG GameApplicationServi - Removing overlay from FXGLMainMenuDummyScene and adding to FXGLDefaultMenu
15:10:01.339 [JavaFX Application Thread] DEBUG MainWindow           - FXGLMainMenuDummyScene -> FXGLDefaultMenu
15:10:01.375 [JavaFX Application Thread] DEBUG FXGLApplication      - Registering font factories with UI factory
15:10:02.165 [FXGL Background Thread 2 ] INFO  UpdaterService       - Your current version:  11.12
15:10:02.173 [FXGL Background Thread 2 ] INFO  UpdaterService       - Latest stable version: 17.3
15:10:03.021 [JavaFX Application Thread] DEBUG Menu                 - fireNewGame()
15:10:03.022 [JavaFX Application Thread] DEBUG GameApplicationServi - Starting new game
15:10:03.025 [JavaFX Application Thread] DEBUG MainWindow           - Pop state: FXGLDefaultMenu
15:10:03.025 [JavaFX Application Thread] DEBUG Input                - Clearing active input actions
15:10:03.028 [JavaFX Application Thread] DEBUG GameApplicationServi - Removing overlay from FXGLDefaultMenu and adding to FXGLMainMenuDummyScene
15:10:03.029 [JavaFX Application Thread] DEBUG MainWindow           - FXGLMainMenuDummyScene <- FXGLDefaultMenu
15:10:03.032 [JavaFX Application Thread] DEBUG Input                - Clearing active input actions
15:10:03.070 [JavaFX Application Thread] DEBUG GameApplicationServi - Removing overlay from FXGLMainMenuDummyScene and adding to FXGLLoadingScene
15:10:03.073 [JavaFX Application Thread] DEBUG MainWindow           - FXGLMainMenuDummyScene -> FXGLLoadingScene
15:10:03.073 [JavaFX Application Thread] DEBUG GameApplicationServi - Clearing previous game
15:10:03.073 [JavaFX Application Thread] DEBUG GameScene            - Clearing game scene
15:10:03.073 [JavaFX Application Thread] DEBUG GameWorld            - Clearing game world
15:10:03.073 [JavaFX Application Thread] DEBUG PhysicsWorld         - Clearing physics world
15:10:03.076 [FXGL Background Thread 2 ] DEBUG FXGLApplication      - Initializing game
15:10:03.098 [FXGL Background Thread 2 ] DEBUG FXGLAssetLoaderServi - Loading from file system: /assets/textures/background.png
15:10:03.131 [FXGL Background Thread 2 ] DEBUG FXGLAssetLoaderServi - Loading from file system: /assets/textures/deadTank.png
15:10:03.152 [FXGL Background Thread 2 ] DEBUG FXGLAssetLoaderServi - Loading from file system: /assets/textures/barrier.png
15:10:03.162 [FXGL Background Thread 2 ] DEBUG FXGLAssetLoaderServi - Loading from cache: /assets/textures/barrier.png
15:10:03.163 [FXGL Background Thread 2 ] DEBUG FXGLAssetLoaderServi - Loading from cache: /assets/textures/barrier.png
15:10:03.164 [FXGL Background Thread 2 ] DEBUG FXGLAssetLoaderServi - Loading from cache: /assets/textures/barrier.png
15:10:03.169 [FXGL Background Thread 2 ] DEBUG FXGLAssetLoaderServi - Loading from file system: /assets/textures/horizontalBarrier.png
15:10:03.172 [FXGL Background Thread 2 ] DEBUG FXGLAssetLoaderServi - Loading from cache: /assets/textures/horizontalBarrier.png
15:10:03.172 [FXGL Background Thread 2 ] DEBUG FXGLAssetLoaderServi - Loading from cache: /assets/textures/horizontalBarrier.png
15:10:03.174 [FXGL Background Thread 2 ] DEBUG FXGLAssetLoaderServi - Loading from cache: /assets/textures/horizontalBarrier.png
15:10:03.195 [FXGL Background Thread 2 ] DEBUG FXGLAssetLoaderServi - Loading from cache: /assets/textures/tank.png
15:10:03.229 [FXGL Background Thread 2 ] DEBUG FXGLAssetLoaderServi - Loading from cache: /assets/textures/tank.png
15:10:03.235 [FXGL Background Thread 2 ] INFO  FXGLApplication      - Game initialization took: 0.159 sec
15:10:03.236 [JavaFX Application Thread] DEBUG Input                - Clearing active input actions
15:10:03.259 [JavaFX Application Thread] DEBUG GameApplicationServi - Removing overlay from FXGLLoadingScene and adding to GameScene
15:10:03.266 [JavaFX Application Thread] DEBUG MainWindow           - FXGLLoadingScene -> GameScene
15:10:04.111 [FXGL Background Thread 3 ] DEBUG Engine               - Logging environment variables
15:10:04.113 [FXGL Background Thread 3 ] DEBUG Engine               - achievements: []
15:10:04.114 [FXGL Background Thread 3 ] DEBUG Engine               - actualHeight: 508.0
15:10:04.114 [FXGL Background Thread 3 ] DEBUG Engine               - actualHeightProperty: ReadOnlyDoubleProperty [value: 508.0]
15:10:04.114 [FXGL Background Thread 3 ] DEBUG Engine               - actualWidth: 1017.0
15:10:04.114 [FXGL Background Thread 3 ] DEBUG Engine               - actualWidthProperty: ReadOnlyDoubleProperty [value: 1017.0]
15:10:04.115 [FXGL Background Thread 3 ] DEBUG Engine               - appIcon: tank.png
15:10:04.115 [FXGL Background Thread 3 ] DEBUG Engine               - applicationMode: DEVELOPER
15:10:04.115 [FXGL Background Thread 3 ] DEBUG Engine               - cSSList: [fxgl_dark.css]
15:10:04.115 [FXGL Background Thread 3 ] DEBUG Engine               - configClass: Optional.empty
15:10:04.115 [FXGL Background Thread 3 ] DEBUG Engine               - credits: []
15:10:04.118 [FXGL Background Thread 3 ] DEBUG Engine               - devBBoxColorProperty: ObjectProperty [value: 0xff0000ff]
15:10:04.120 [FXGL Background Thread 3 ] DEBUG Engine               - devEnableDebugCameraProperty: BooleanProperty [value: false]
15:10:04.122 [FXGL Background Thread 3 ] DEBUG Engine               - devSensorColorProperty: ObjectProperty [value: 0xffff00ff]
15:10:04.123 [FXGL Background Thread 3 ] DEBUG Engine               - devShowBBoxProperty: BooleanProperty [value: false]
15:10:04.123 [FXGL Background Thread 3 ] DEBUG Engine               - devShowPositionProperty: BooleanProperty [value: false]
15:10:04.123 [FXGL Background Thread 3 ] DEBUG Engine               - enabledMenuItems: []
15:10:04.123 [FXGL Background Thread 3 ] DEBUG Engine               - engineServices: [class com.almasb.fxgl.app.FXGLApplication$GameApplicationService, class com.almasb.fxgl.app.services.FXGLDialogService, class com.almasb.fxgl.app.services.IOTaskExecutorService, class com.almasb.fxgl.event.EventBusService, class com.almasb.fxgl.io.FileSystemService, class com.almasb.fxgl.localization.LocalizationService, class com.almasb.fxgl.app.services.FXGLAssetLoaderService, class com.almasb.fxgl.app.services.SystemBundleService, class com.almasb.fxgl.profile.SaveLoadService, class com.almasb.fxgl.ui.FXGLUIFactoryServiceProvider, class com.almasb.fxgl.ui.FXGLDialogFactoryServiceProvider, class com.almasb.fxgl.audio.AudioPlayer, class com.almasb.fxgl.notification.impl.NotificationServiceProvider, class com.almasb.fxgl.achievement.AchievementService, class com.almasb.fxgl.cutscene.CutsceneService, class com.almasb.fxgl.minigames.MiniGameService, class com.almasb.fxgl.net.NetService, class com.almasb.fxgl.app.services.UpdaterService, class com.almasb.fxgl.dev.DevService]
15:10:04.123 [FXGL Background Thread 3 ] DEBUG Engine               - fontGame: Abel-Regular.ttf
15:10:04.123 [FXGL Background Thread 3 ] DEBUG Engine               - fontMono: lucida_console.ttf
15:10:04.123 [FXGL Background Thread 3 ] DEBUG Engine               - fontText: Courier-Prime.ttf
15:10:04.124 [FXGL Background Thread 3 ] DEBUG Engine               - fontUI: VarelaRound-Regular.ttf
15:10:04.126 [FXGL Background Thread 3 ] DEBUG Engine               - fullScreen: BooleanProperty [value: false]
15:10:04.126 [FXGL Background Thread 3 ] DEBUG Engine               - gameDifficulty: MEDIUM
15:10:04.126 [FXGL Background Thread 3 ] DEBUG Engine               - gameDifficultyProperty: ObjectProperty [value: MEDIUM]
15:10:04.126 [FXGL Background Thread 3 ] DEBUG Engine               - globalMusicVolume: 0.5
15:10:04.126 [FXGL Background Thread 3 ] DEBUG Engine               - globalMusicVolumeProperty: DoubleProperty [value: 0.5]
15:10:04.126 [FXGL Background Thread 3 ] DEBUG Engine               - globalSoundVolume: 0.5
15:10:04.127 [FXGL Background Thread 3 ] DEBUG Engine               - globalSoundVolumeProperty: DoubleProperty [value: 0.5]
15:10:04.127 [FXGL Background Thread 3 ] DEBUG Engine               - height: 508
15:10:04.127 [FXGL Background Thread 3 ] DEBUG Engine               - isAndroid: false
15:10:04.127 [FXGL Background Thread 3 ] DEBUG Engine               - isBrowser: false
15:10:04.127 [FXGL Background Thread 3 ] DEBUG Engine               - isClickFeedbackEnabled: false
15:10:04.127 [FXGL Background Thread 3 ] DEBUG Engine               - isCloseConfirmation: false
15:10:04.127 [FXGL Background Thread 3 ] DEBUG Engine               - isDesktop: true
15:10:04.127 [FXGL Background Thread 3 ] DEBUG Engine               - isDeveloperMenuEnabled: false
15:10:04.127 [FXGL Background Thread 3 ] DEBUG Engine               - isEntityPreloadEnabled: true
15:10:04.127 [FXGL Background Thread 3 ] DEBUG Engine               - isExperimental3D: false
15:10:04.127 [FXGL Background Thread 3 ] DEBUG Engine               - isExperimentalNative: false
15:10:04.128 [FXGL Background Thread 3 ] DEBUG Engine               - isExperimentalTiledLargeMap: false
15:10:04.128 [FXGL Background Thread 3 ] DEBUG Engine               - isFileSystemWriteAllowed: true
15:10:04.128 [FXGL Background Thread 3 ] DEBUG Engine               - isFullScreenAllowed: true
15:10:04.128 [FXGL Background Thread 3 ] DEBUG Engine               - isFullScreenFromStart: false
15:10:04.128 [FXGL Background Thread 3 ] DEBUG Engine               - isGameMenuEnabled: true
15:10:04.128 [FXGL Background Thread 3 ] DEBUG Engine               - isIOS: false
15:10:04.128 [FXGL Background Thread 3 ] DEBUG Engine               - isIntroEnabled: false
15:10:04.128 [FXGL Background Thread 3 ] DEBUG Engine               - isLinux: false
15:10:04.128 [FXGL Background Thread 3 ] DEBUG Engine               - isMac: true
15:10:04.128 [FXGL Background Thread 3 ] DEBUG Engine               - isMainMenuEnabled: true
15:10:04.128 [FXGL Background Thread 3 ] DEBUG Engine               - isManualResizeEnabled: true
15:10:04.128 [FXGL Background Thread 3 ] DEBUG Engine               - isMobile: false
15:10:04.128 [FXGL Background Thread 3 ] DEBUG Engine               - isPreserveResizeRatio: true
15:10:04.129 [FXGL Background Thread 3 ] DEBUG Engine               - isProfilingEnabled: false
15:10:04.129 [FXGL Background Thread 3 ] DEBUG Engine               - isScaleAffectedOnResize: true
15:10:04.131 [FXGL Background Thread 3 ] DEBUG Engine               - isSingleStep: false
15:10:04.133 [FXGL Background Thread 3 ] DEBUG Engine               - isUserProfileEnabled: false
15:10:04.134 [FXGL Background Thread 3 ] DEBUG Engine               - isWindows: false
15:10:04.134 [FXGL Background Thread 3 ] DEBUG Engine               - language: ObjectProperty [value: ENGLISH]
15:10:04.134 [FXGL Background Thread 3 ] DEBUG Engine               - menuKey: ESCAPE
15:10:04.134 [FXGL Background Thread 3 ] DEBUG Engine               - notificationViewClass: class com.almasb.fxgl.notification.view.XboxNotificationView
15:10:04.135 [FXGL Background Thread 3 ] DEBUG Engine               - pixelsPerMeter: 50.0
15:10:04.135 [FXGL Background Thread 3 ] DEBUG Engine               - platform: MAC
15:10:04.135 [FXGL Background Thread 3 ] DEBUG Engine               - prefHeightProperty: ReadOnlyDoubleProperty [value: 508.0]
15:10:04.135 [FXGL Background Thread 3 ] DEBUG Engine               - prefWidthProperty: ReadOnlyDoubleProperty [value: 1017.0]
15:10:04.135 [FXGL Background Thread 3 ] DEBUG Engine               - profileDir: profiles/
15:10:04.135 [FXGL Background Thread 3 ] DEBUG Engine               - profileName: StringProperty [value: DEFAULT]
15:10:04.135 [FXGL Background Thread 3 ] DEBUG Engine               - randomSeed: -1
15:10:04.135 [FXGL Background Thread 3 ] DEBUG Engine               - runtimeInfo: RuntimeInfo(platform=MAC, version=11.12, build=11.12.2020 08.51)
15:10:04.135 [FXGL Background Thread 3 ] DEBUG Engine               - saveFileExt: sav
15:10:04.135 [FXGL Background Thread 3 ] DEBUG Engine               - scaledHeightProp$fxgl: DoubleProperty [bound, value: 508.0]
15:10:04.135 [FXGL Background Thread 3 ] DEBUG Engine               - scaledWidthProp$fxgl: DoubleProperty [bound, value: 1017.0]
15:10:04.136 [FXGL Background Thread 3 ] DEBUG Engine               - sceneFactory: com.almasb.fxgl.app.scene.SceneFactory@52821183
15:10:04.137 [FXGL Background Thread 3 ] DEBUG Engine               - secondsIn24h: 60
15:10:04.139 [FXGL Background Thread 3 ] DEBUG Engine               - soundMenuBack: menu/back.wav
15:10:04.142 [FXGL Background Thread 3 ] DEBUG Engine               - soundMenuPress: menu/press.wav
15:10:04.142 [FXGL Background Thread 3 ] DEBUG Engine               - soundMenuSelect: menu/select.wav
15:10:04.142 [FXGL Background Thread 3 ] DEBUG Engine               - soundNotification: core/notification.wav
15:10:04.142 [FXGL Background Thread 3 ] DEBUG Engine               - stageStyle: DECORATED
15:10:04.142 [FXGL Background Thread 3 ] DEBUG Engine               - supportedLanguages: [ENGLISH, FRENCH, GERMAN, HUNGARIAN, RUSSIAN]
15:10:04.142 [FXGL Background Thread 3 ] DEBUG Engine               - title: TankGame
15:10:04.142 [FXGL Background Thread 3 ] DEBUG Engine               - urlGithub: https://github.com/AlmasB/FXGL
15:10:04.142 [FXGL Background Thread 3 ] DEBUG Engine               - urlLeaderboard: http://fxgl-top.herokuapp.com/
15:10:04.142 [FXGL Background Thread 3 ] DEBUG Engine               - urlPOM: https://raw.githubusercontent.com/AlmasB/FXGL/master/README.md
15:10:04.142 [FXGL Background Thread 3 ] DEBUG Engine               - version: 1.0
15:10:04.142 [FXGL Background Thread 3 ] DEBUG Engine               - versionCheckDays: 7
15:10:04.142 [FXGL Background Thread 3 ] DEBUG Engine               - width: 1017
15:10:04.142 [FXGL Background Thread 3 ] DEBUG Engine               - Logging services
15:10:04.142 [FXGL Background Thread 3 ] DEBUG Engine               - class com.almasb.fxgl.app.FXGLApplication$GameApplicationService
15:10:04.142 [FXGL Background Thread 3 ] DEBUG Engine               - class com.almasb.fxgl.app.services.FXGLDialogService
15:10:04.142 [FXGL Background Thread 3 ] DEBUG Engine               - class com.almasb.fxgl.app.services.IOTaskExecutorService
15:10:04.142 [FXGL Background Thread 3 ] DEBUG Engine               - class com.almasb.fxgl.event.EventBusService
15:10:04.143 [FXGL Background Thread 3 ] DEBUG Engine               - class com.almasb.fxgl.io.FileSystemService
15:10:04.145 [FXGL Background Thread 3 ] DEBUG Engine               - class com.almasb.fxgl.localization.LocalizationService
15:10:04.145 [FXGL Background Thread 3 ] DEBUG Engine               - class com.almasb.fxgl.app.services.FXGLAssetLoaderService
15:10:04.145 [FXGL Background Thread 3 ] DEBUG Engine               - class com.almasb.fxgl.app.services.SystemBundleService
15:10:04.145 [FXGL Background Thread 3 ] DEBUG Engine               - class com.almasb.fxgl.profile.SaveLoadService
15:10:04.145 [FXGL Background Thread 3 ] DEBUG Engine               - class com.almasb.fxgl.ui.FXGLUIFactoryServiceProvider
15:10:04.145 [FXGL Background Thread 3 ] DEBUG Engine               - class com.almasb.fxgl.ui.FXGLDialogFactoryServiceProvider
15:10:04.145 [FXGL Background Thread 3 ] DEBUG Engine               - class com.almasb.fxgl.audio.AudioPlayer
15:10:04.147 [FXGL Background Thread 3 ] DEBUG Engine               - class com.almasb.fxgl.notification.impl.NotificationServiceProvider
15:10:04.148 [FXGL Background Thread 3 ] DEBUG Engine               - class com.almasb.fxgl.achievement.AchievementService
15:10:04.148 [FXGL Background Thread 3 ] DEBUG Engine               - class com.almasb.fxgl.cutscene.CutsceneService
15:10:04.148 [FXGL Background Thread 3 ] DEBUG Engine               - class com.almasb.fxgl.minigames.MiniGameService
15:10:04.148 [FXGL Background Thread 3 ] DEBUG Engine               - class com.almasb.fxgl.net.NetService
15:10:04.148 [FXGL Background Thread 3 ] DEBUG Engine               - class com.almasb.fxgl.app.services.UpdaterService
15:10:04.148 [FXGL Background Thread 3 ] DEBUG Engine               - class com.almasb.fxgl.dev.DevService
15:10:06.172 [JavaFX Application Thread] DEBUG FXGLApplication      - Exiting FXGL
15:10:06.175 [JavaFX Application Thread] DEBUG LoopRunner           - Stopping loop
15:10:06.175 [JavaFX Application Thread] DEBUG SystemBundleService  - Saving FXGL system data
15:10:06.180 [JavaFX Application Thread] DEBUG FileSystemAccess     - Writing to: /Users/Mies/IdeaProjects/BasicGame/system/fxgl.bundle
15:10:06.187 [JavaFX Application Thread] DEBUG Async                - Shutting down background threads
15:10:06.188 [JavaFX Application Thread] DEBUG MainWindow           - Closing main window
15:10:06.209 [JavaFX Application Thread] DEBUG Logger               - Closing Logger
