15:10:51.600 [main                     ] DEBUG Logger               - Configured Logger
15:10:51.630 [main                     ] DEBUG GameApplication      - Logging settings
Title: TankGame
Version: 1.0
Width: 1017
Height: 508
Fullscreen: true
Intro: false
Profiling: false
Single step:false
App Mode: DEVELOPER
Menu Key: ESCAPE
Stage Style: DECORATED
Scene Factory: class com.almasb.fxgl.app.scene.SceneFactory

15:10:51.995 [JavaFX Application Thread] DEBUG FXGLApplication      - Initializing FXGL
15:10:52.003 [JavaFX Application Thread] INFO  Engine               - FXGL-11.12 (11.12.2020 08.51) on MAC (J:14 FX:15)
15:10:52.004 [JavaFX Application Thread] DEBUG Engine               - JRE Vendor Name: Oracle Corporation
15:10:52.004 [JavaFX Application Thread] DEBUG Engine               - Running on OS: Mac OS X version 10.16
15:10:52.004 [JavaFX Application Thread] DEBUG Engine               - Architecture: x86_64
15:10:52.004 [JavaFX Application Thread] INFO  Engine               - Source code and latest versions at: https://github.com/AlmasB/FXGL
15:10:52.004 [JavaFX Application Thread] INFO  Engine               -              Join the FXGL chat at: https://gitter.im/AlmasB/FXGL
15:10:52.119 [JavaFX Application Thread] DEBUG MainWindow           - Creating a JavaFX scene
15:10:52.168 [JavaFX Application Thread] DEBUG MainWindow           - Target settings size: 1017.0 x 508.0
15:10:52.169 [JavaFX Application Thread] DEBUG MainWindow           - Scaled scene size:    1017.0 x 508.0
15:10:52.169 [JavaFX Application Thread] DEBUG MainWindow           - Scaled ratio: (1.0, 1.0)
15:10:52.170 [JavaFX Application Thread] DEBUG MainWindow           - Set initial scene to StartupScene
15:10:52.175 [JavaFX Application Thread] DEBUG MainWindow           - Opening main window
15:10:52.253 [JavaFX Application Thread] DEBUG MainWindow           - Window border size: (0.0, 28.0)
15:10:52.253 [JavaFX Application Thread] DEBUG MainWindow           - Scaled size: 1017.0 x 508.0
15:10:52.253 [JavaFX Application Thread] DEBUG MainWindow           - Scaled ratio: (1.0, 1.0)
15:10:52.254 [JavaFX Application Thread] DEBUG MainWindow           - Scene size: 1017.0 x 508.0
15:10:52.254 [JavaFX Application Thread] DEBUG MainWindow           - Stage size: 1017.0 x 536.0
15:10:52.258 [FXGL Background Thread 1 ] DEBUG Engine               - Initializing environment variables
15:10:52.378 [FXGL Background Thread 1 ] DEBUG GameApplicationServi - Applying CSS: fxgl_dark.css
15:10:52.383 [FXGL Background Thread 1 ] DEBUG FXGLAssetLoaderServi - Loading from file system: /assets/ui/css/fxgl_dark.css
15:10:52.577 [FXGL Background Thread 1 ] DEBUG GameApplicationServi - Initializing application scenes
15:10:52.753 [FXGL Background Thread 1 ] DEBUG GameWorld            - Game world initialized
15:10:52.806 [FXGL Background Thread 1 ] DEBUG PhysicsWorld         - Physics world initialized: appHeight=508, physics.ppm=50.0
15:10:52.811 [FXGL Background Thread 1 ] DEBUG GameScene            - Game scene initialized: 1017x508
15:10:52.869 [FXGL Background Thread 1 ] DEBUG FXGLAssetLoaderServi - Loading from file system: /assets/textures/particles/trace_horizontal.png
15:10:53.015 [FXGL Background Thread 1 ] WARN  FXGL.DefaultMenu     - FXGLDefaultMenu is not designed for resolutions < 800x600
15:10:53.015 [FXGL Background Thread 1 ] DEBUG FXGL.DefaultMenu     - createMenuBodyMainMenu()
15:10:53.039 [FXGL Background Thread 1 ] DEBUG FXGL.DefaultMenu     - createOptionsMenu()
15:10:53.045 [FXGL Background Thread 1 ] DEBUG FXGLAssetLoaderServi - Loading from file system: /assets/textures/particles/smoke.png
15:10:53.157 [FXGL Background Thread 1 ] DEBUG FXGLAssetLoaderServi - Loading from cache: /assets/textures/particles/trace_horizontal.png@64.0x64.0
15:10:53.159 [FXGL Background Thread 1 ] WARN  FXGL.DefaultMenu     - FXGLDefaultMenu is not designed for resolutions < 800x600
15:10:53.159 [FXGL Background Thread 1 ] DEBUG FXGL.DefaultMenu     - createMenuBodyGameMenu()
15:10:53.163 [FXGL Background Thread 1 ] DEBUG FXGL.DefaultMenu     - createOptionsMenu()
15:10:53.174 [FXGL Background Thread 1 ] DEBUG FXGLAssetLoaderServi - Loading from cache: /assets/textures/particles/smoke.png@128.0x128.0
15:10:53.217 [FXGL Background Thread 1 ] DEBUG GameApplicationServi - Application scenes initialized
15:10:53.233 [FXGL Background Thread 1 ] DEBUG SystemBundleService  - Loading FXGL system data
15:10:53.241 [FXGL Background Thread 1 ] DEBUG FileSystemAccess     - Reading from: /Users/Mies/IdeaProjects/BasicGame/system/fxgl.bundle
15:10:53.251 [FXGL Background Thread 1 ] DEBUG SystemBundleService  - Bundle FXGL: {}
15:10:53.251 [FXGL Background Thread 1 ] DEBUG UpdaterService       - Checking for updates
15:10:53.258 [FXGL Background Thread 4 ] DEBUG FXGLApplication      - Loading fonts
15:10:53.260 [FXGL Background Thread 1 ] DEBUG FXGLApplication      - Loading default localization
15:10:53.260 [FXGL Background Thread 4 ] DEBUG FXGLAssetLoaderServi - Loading from file system: /assets/ui/fonts/VarelaRound-Regular.ttf
15:10:53.261 [FXGL Background Thread 1 ] DEBUG FXGLAssetLoaderServi - Loading from file system: /assets/languages/english.lang
15:10:53.300 [FXGL Background Thread 1 ] INFO  FXGLApplication      - FXGL initialization took: 1.039 sec
15:10:53.306 [FXGL Background Thread 4 ] DEBUG FXGLAssetLoaderServi - Loading from file system: /assets/ui/fonts/Abel-Regular.ttf
15:10:53.319 [JavaFX Application Thread] DEBUG Input                - Registered new binding: Player1 Move Forward - W
15:10:53.320 [JavaFX Application Thread] DEBUG Input                - Registered new binding: Player1 Move Backward - S
15:10:53.321 [JavaFX Application Thread] DEBUG Input                - Registered new binding: Player1 Rotate Left - A
15:10:53.321 [JavaFX Application Thread] DEBUG Input                - Registered new binding: Player1 Rotate Right - D
15:10:53.322 [JavaFX Application Thread] DEBUG Input                - Registered new binding: Player1Shoot - C
15:10:53.322 [JavaFX Application Thread] DEBUG Input                - Registered new binding: Player2 Move Forward - I
15:10:53.322 [JavaFX Application Thread] DEBUG Input                - Registered new binding: Player2 Move Backward - K
15:10:53.323 [JavaFX Application Thread] DEBUG Input                - Registered new binding: Player2 Rotate Left - J
15:10:53.323 [JavaFX Application Thread] DEBUG Input                - Registered new binding: Player2 Rotate Right - L
15:10:53.324 [FXGL Background Thread 4 ] DEBUG FXGLAssetLoaderServi - Loading from file system: /assets/ui/fonts/lucida_console.ttf
15:10:53.327 [JavaFX Application Thread] DEBUG Input                - Registered new binding: Player2Shoot - Period
15:10:53.327 [JavaFX Application Thread] DEBUG FXGLAssetLoaderServi - Loading from file system: /assets/textures/tank.png
15:10:53.333 [FXGL Background Thread 4 ] DEBUG FXGLAssetLoaderServi - Loading from file system: /assets/ui/fonts/Courier-Prime.ttf
15:10:53.353 [JavaFX Application Thread] DEBUG FXGLAssetLoaderServi - Loading from file system: /assets/ui/cursors/fxgl_default.png
15:10:53.359 [JavaFX Application Thread] DEBUG Input                - Registered new binding: Screenshot - P
15:10:53.359 [JavaFX Application Thread] DEBUG Input                - Registered new binding: System info dump - CTRL+9
15:10:53.360 [JavaFX Application Thread] DEBUG Input                - Registered new binding: Restart - CTRL+R
15:10:53.361 [JavaFX Application Thread] DEBUG Input                - Registered new binding: Toggle Debug Camera - CTRL+C
15:10:53.363 [JavaFX Application Thread] DEBUG LoopRunner           - Starting loop
15:10:53.368 [JavaFX Application Thread] DEBUG Input                - Clearing active input actions
15:10:53.406 [JavaFX Application Thread] DEBUG GameApplicationServi - Removing overlay from StartupScene and adding to FXGLMainMenuDummyScene
15:10:53.407 [JavaFX Application Thread] DEBUG MainWindow           - StartupScene -> FXGLMainMenuDummyScene
15:10:53.408 [JavaFX Application Thread] DEBUG MainWindow           - Push state: FXGLDefaultMenu
15:10:53.414 [JavaFX Application Thread] DEBUG Input                - Clearing active input actions
15:10:53.432 [JavaFX Application Thread] DEBUG GameApplicationServi - Removing overlay from FXGLMainMenuDummyScene and adding to FXGLDefaultMenu
15:10:53.433 [JavaFX Application Thread] DEBUG MainWindow           - FXGLMainMenuDummyScene -> FXGLDefaultMenu
15:10:53.466 [JavaFX Application Thread] DEBUG FXGLApplication      - Registering font factories with UI factory
15:10:54.219 [FXGL Background Thread 2 ] INFO  UpdaterService       - Your current version:  11.12
15:10:54.221 [FXGL Background Thread 2 ] INFO  UpdaterService       - Latest stable version: 17.3
15:10:55.437 [JavaFX Application Thread] DEBUG Menu                 - fireNewGame()
15:10:55.440 [JavaFX Application Thread] DEBUG GameApplicationServi - Starting new game
15:10:55.442 [JavaFX Application Thread] DEBUG MainWindow           - Pop state: FXGLDefaultMenu
15:10:55.442 [JavaFX Application Thread] DEBUG Input                - Clearing active input actions
15:10:55.445 [JavaFX Application Thread] DEBUG GameApplicationServi - Removing overlay from FXGLDefaultMenu and adding to FXGLMainMenuDummyScene
15:10:55.447 [JavaFX Application Thread] DEBUG MainWindow           - FXGLMainMenuDummyScene <- FXGLDefaultMenu
15:10:55.449 [JavaFX Application Thread] DEBUG Input                - Clearing active input actions
15:10:55.474 [JavaFX Application Thread] DEBUG GameApplicationServi - Removing overlay from FXGLMainMenuDummyScene and adding to FXGLLoadingScene
15:10:55.475 [JavaFX Application Thread] DEBUG MainWindow           - FXGLMainMenuDummyScene -> FXGLLoadingScene
15:10:55.475 [JavaFX Application Thread] DEBUG GameApplicationServi - Clearing previous game
15:10:55.475 [JavaFX Application Thread] DEBUG GameScene            - Clearing game scene
15:10:55.475 [JavaFX Application Thread] DEBUG GameWorld            - Clearing game world
15:10:55.475 [JavaFX Application Thread] DEBUG PhysicsWorld         - Clearing physics world
15:10:55.477 [FXGL Background Thread 2 ] DEBUG FXGLApplication      - Initializing game
15:10:55.494 [FXGL Background Thread 2 ] DEBUG FXGLAssetLoaderServi - Loading from file system: /assets/textures/background.png
15:10:55.521 [FXGL Background Thread 2 ] DEBUG FXGLAssetLoaderServi - Loading from file system: /assets/textures/deadTank.png
15:10:55.544 [FXGL Background Thread 2 ] DEBUG FXGLAssetLoaderServi - Loading from file system: /assets/textures/barrier.png
15:10:55.557 [FXGL Background Thread 2 ] DEBUG FXGLAssetLoaderServi - Loading from cache: /assets/textures/barrier.png
15:10:55.558 [FXGL Background Thread 2 ] DEBUG FXGLAssetLoaderServi - Loading from cache: /assets/textures/barrier.png
15:10:55.563 [FXGL Background Thread 2 ] DEBUG FXGLAssetLoaderServi - Loading from cache: /assets/textures/barrier.png
15:10:55.567 [FXGL Background Thread 2 ] DEBUG FXGLAssetLoaderServi - Loading from file system: /assets/textures/horizontalBarrier.png
15:10:55.572 [FXGL Background Thread 2 ] DEBUG FXGLAssetLoaderServi - Loading from cache: /assets/textures/horizontalBarrier.png
15:10:55.574 [FXGL Background Thread 2 ] DEBUG FXGLAssetLoaderServi - Loading from cache: /assets/textures/horizontalBarrier.png
15:10:55.580 [FXGL Background Thread 2 ] DEBUG FXGLAssetLoaderServi - Loading from cache: /assets/textures/horizontalBarrier.png
15:10:55.612 [FXGL Background Thread 2 ] DEBUG FXGLAssetLoaderServi - Loading from cache: /assets/textures/tank.png
15:10:55.636 [FXGL Background Thread 2 ] DEBUG FXGLAssetLoaderServi - Loading from cache: /assets/textures/tank.png
15:10:55.728 [FXGL Background Thread 2 ] INFO  FXGLApplication      - Game initialization took: 0.247 sec
15:10:55.733 [JavaFX Application Thread] DEBUG Input                - Clearing active input actions
15:10:55.774 [JavaFX Application Thread] DEBUG GameApplicationServi - Removing overlay from FXGLLoadingScene and adding to GameScene
15:10:55.775 [JavaFX Application Thread] DEBUG MainWindow           - FXGLLoadingScene -> GameScene
15:10:56.261 [FXGL Background Thread 3 ] DEBUG Engine               - Logging environment variables
15:10:56.262 [FXGL Background Thread 3 ] DEBUG Engine               - achievements: []
15:10:56.263 [FXGL Background Thread 3 ] DEBUG Engine               - actualHeight: 508.0
15:10:56.263 [FXGL Background Thread 3 ] DEBUG Engine               - actualHeightProperty: ReadOnlyDoubleProperty [value: 508.0]
15:10:56.263 [FXGL Background Thread 3 ] DEBUG Engine               - actualWidth: 1017.0
15:10:56.263 [FXGL Background Thread 3 ] DEBUG Engine               - actualWidthProperty: ReadOnlyDoubleProperty [value: 1017.0]
15:10:56.263 [FXGL Background Thread 3 ] DEBUG Engine               - appIcon: tank.png
15:10:56.263 [FXGL Background Thread 3 ] DEBUG Engine               - applicationMode: DEVELOPER
15:10:56.263 [FXGL Background Thread 3 ] DEBUG Engine               - cSSList: [fxgl_dark.css]
15:10:56.263 [FXGL Background Thread 3 ] DEBUG Engine               - configClass: Optional.empty
15:10:56.263 [FXGL Background Thread 3 ] DEBUG Engine               - credits: []
15:10:56.265 [FXGL Background Thread 3 ] DEBUG Engine               - devBBoxColorProperty: ObjectProperty [value: 0xff0000ff]
15:10:56.266 [FXGL Background Thread 3 ] DEBUG Engine               - devEnableDebugCameraProperty: BooleanProperty [value: false]
15:10:56.267 [FXGL Background Thread 3 ] DEBUG Engine               - devSensorColorProperty: ObjectProperty [value: 0xffff00ff]
15:10:56.267 [FXGL Background Thread 3 ] DEBUG Engine               - devShowBBoxProperty: BooleanProperty [value: false]
15:10:56.267 [FXGL Background Thread 3 ] DEBUG Engine               - devShowPositionProperty: BooleanProperty [value: false]
15:10:56.267 [FXGL Background Thread 3 ] DEBUG Engine               - enabledMenuItems: []
15:10:56.267 [FXGL Background Thread 3 ] DEBUG Engine               - engineServices: [class com.almasb.fxgl.app.FXGLApplication$GameApplicationService, class com.almasb.fxgl.app.services.FXGLDialogService, class com.almasb.fxgl.app.services.IOTaskExecutorService, class com.almasb.fxgl.event.EventBusService, class com.almasb.fxgl.io.FileSystemService, class com.almasb.fxgl.localization.LocalizationService, class com.almasb.fxgl.app.services.FXGLAssetLoaderService, class com.almasb.fxgl.app.services.SystemBundleService, class com.almasb.fxgl.profile.SaveLoadService, class com.almasb.fxgl.ui.FXGLUIFactoryServiceProvider, class com.almasb.fxgl.ui.FXGLDialogFactoryServiceProvider, class com.almasb.fxgl.audio.AudioPlayer, class com.almasb.fxgl.notification.impl.NotificationServiceProvider, class com.almasb.fxgl.achievement.AchievementService, class com.almasb.fxgl.cutscene.CutsceneService, class com.almasb.fxgl.minigames.MiniGameService, class com.almasb.fxgl.net.NetService, class com.almasb.fxgl.app.services.UpdaterService, class com.almasb.fxgl.dev.DevService]
15:10:56.268 [FXGL Background Thread 3 ] DEBUG Engine               - fontGame: Abel-Regular.ttf
15:10:56.268 [FXGL Background Thread 3 ] DEBUG Engine               - fontMono: lucida_console.ttf
15:10:56.268 [FXGL Background Thread 3 ] DEBUG Engine               - fontText: Courier-Prime.ttf
15:10:56.268 [FXGL Background Thread 3 ] DEBUG Engine               - fontUI: VarelaRound-Regular.ttf
15:10:56.268 [FXGL Background Thread 3 ] DEBUG Engine               - fullScreen: BooleanProperty [value: false]
15:10:56.269 [FXGL Background Thread 3 ] DEBUG Engine               - gameDifficulty: MEDIUM
15:10:56.269 [FXGL Background Thread 3 ] DEBUG Engine               - gameDifficultyProperty: ObjectProperty [value: MEDIUM]
15:10:56.269 [FXGL Background Thread 3 ] DEBUG Engine               - globalMusicVolume: 0.5
15:10:56.269 [FXGL Background Thread 3 ] DEBUG Engine               - globalMusicVolumeProperty: DoubleProperty [value: 0.5]
15:10:56.269 [FXGL Background Thread 3 ] DEBUG Engine               - globalSoundVolume: 0.5
15:10:56.269 [FXGL Background Thread 3 ] DEBUG Engine               - globalSoundVolumeProperty: DoubleProperty [value: 0.5]
15:10:56.269 [FXGL Background Thread 3 ] DEBUG Engine               - height: 508
15:10:56.269 [FXGL Background Thread 3 ] DEBUG Engine               - isAndroid: false
15:10:56.269 [FXGL Background Thread 3 ] DEBUG Engine               - isBrowser: false
15:10:56.269 [FXGL Background Thread 3 ] DEBUG Engine               - isClickFeedbackEnabled: false
15:10:56.269 [FXGL Background Thread 3 ] DEBUG Engine               - isCloseConfirmation: false
15:10:56.269 [FXGL Background Thread 3 ] DEBUG Engine               - isDesktop: true
15:10:56.269 [FXGL Background Thread 3 ] DEBUG Engine               - isDeveloperMenuEnabled: false
15:10:56.269 [FXGL Background Thread 3 ] DEBUG Engine               - isEntityPreloadEnabled: true
15:10:56.269 [FXGL Background Thread 3 ] DEBUG Engine               - isExperimental3D: false
15:10:56.270 [FXGL Background Thread 3 ] DEBUG Engine               - isExperimentalNative: false
15:10:56.270 [FXGL Background Thread 3 ] DEBUG Engine               - isExperimentalTiledLargeMap: false
15:10:56.270 [FXGL Background Thread 3 ] DEBUG Engine               - isFileSystemWriteAllowed: true
15:10:56.270 [FXGL Background Thread 3 ] DEBUG Engine               - isFullScreenAllowed: true
15:10:56.270 [FXGL Background Thread 3 ] DEBUG Engine               - isFullScreenFromStart: false
15:10:56.271 [FXGL Background Thread 3 ] DEBUG Engine               - isGameMenuEnabled: true
15:10:56.271 [FXGL Background Thread 3 ] DEBUG Engine               - isIOS: false
15:10:56.271 [FXGL Background Thread 3 ] DEBUG Engine               - isIntroEnabled: false
15:10:56.271 [FXGL Background Thread 3 ] DEBUG Engine               - isLinux: false
15:10:56.271 [FXGL Background Thread 3 ] DEBUG Engine               - isMac: true
15:10:56.271 [FXGL Background Thread 3 ] DEBUG Engine               - isMainMenuEnabled: true
15:10:56.271 [FXGL Background Thread 3 ] DEBUG Engine               - isManualResizeEnabled: true
15:10:56.271 [FXGL Background Thread 3 ] DEBUG Engine               - isMobile: false
15:10:56.271 [FXGL Background Thread 3 ] DEBUG Engine               - isPreserveResizeRatio: true
15:10:56.271 [FXGL Background Thread 3 ] DEBUG Engine               - isProfilingEnabled: false
15:10:56.283 [FXGL Background Thread 3 ] DEBUG Engine               - isScaleAffectedOnResize: true
15:10:56.285 [FXGL Background Thread 3 ] DEBUG Engine               - isSingleStep: false
15:10:56.285 [FXGL Background Thread 3 ] DEBUG Engine               - isUserProfileEnabled: false
15:10:56.285 [FXGL Background Thread 3 ] DEBUG Engine               - isWindows: false
15:10:56.286 [FXGL Background Thread 3 ] DEBUG Engine               - language: ObjectProperty [value: ENGLISH]
15:10:56.287 [FXGL Background Thread 3 ] DEBUG Engine               - menuKey: ESCAPE
15:10:56.287 [FXGL Background Thread 3 ] DEBUG Engine               - notificationViewClass: class com.almasb.fxgl.notification.view.XboxNotificationView
15:10:56.287 [FXGL Background Thread 3 ] DEBUG Engine               - pixelsPerMeter: 50.0
15:10:56.287 [FXGL Background Thread 3 ] DEBUG Engine               - platform: MAC
15:10:56.287 [FXGL Background Thread 3 ] DEBUG Engine               - prefHeightProperty: ReadOnlyDoubleProperty [value: 508.0]
15:10:56.287 [FXGL Background Thread 3 ] DEBUG Engine               - prefWidthProperty: ReadOnlyDoubleProperty [value: 1017.0]
15:10:56.287 [FXGL Background Thread 3 ] DEBUG Engine               - profileDir: profiles/
15:10:56.287 [FXGL Background Thread 3 ] DEBUG Engine               - profileName: StringProperty [value: DEFAULT]
15:10:56.287 [FXGL Background Thread 3 ] DEBUG Engine               - randomSeed: -1
15:10:56.288 [FXGL Background Thread 3 ] DEBUG Engine               - runtimeInfo: RuntimeInfo(platform=MAC, version=11.12, build=11.12.2020 08.51)
15:10:56.288 [FXGL Background Thread 3 ] DEBUG Engine               - saveFileExt: sav
15:10:56.288 [FXGL Background Thread 3 ] DEBUG Engine               - scaledHeightProp$fxgl: DoubleProperty [bound, value: 508.0]
15:10:56.288 [FXGL Background Thread 3 ] DEBUG Engine               - scaledWidthProp$fxgl: DoubleProperty [bound, value: 1017.0]
15:10:56.288 [FXGL Background Thread 3 ] DEBUG Engine               - sceneFactory: com.almasb.fxgl.app.scene.SceneFactory@5e885ae0
15:10:56.288 [FXGL Background Thread 3 ] DEBUG Engine               - secondsIn24h: 60
15:10:56.288 [FXGL Background Thread 3 ] DEBUG Engine               - soundMenuBack: menu/back.wav
15:10:56.292 [FXGL Background Thread 3 ] DEBUG Engine               - soundMenuPress: menu/press.wav
15:10:56.294 [FXGL Background Thread 3 ] DEBUG Engine               - soundMenuSelect: menu/select.wav
15:10:56.294 [FXGL Background Thread 3 ] DEBUG Engine               - soundNotification: core/notification.wav
15:10:56.294 [FXGL Background Thread 3 ] DEBUG Engine               - stageStyle: DECORATED
15:10:56.294 [FXGL Background Thread 3 ] DEBUG Engine               - supportedLanguages: [ENGLISH, FRENCH, GERMAN, HUNGARIAN, RUSSIAN]
15:10:56.294 [FXGL Background Thread 3 ] DEBUG Engine               - title: TankGame
15:10:56.294 [FXGL Background Thread 3 ] DEBUG Engine               - urlGithub: https://github.com/AlmasB/FXGL
15:10:56.294 [FXGL Background Thread 3 ] DEBUG Engine               - urlLeaderboard: http://fxgl-top.herokuapp.com/
15:10:56.294 [FXGL Background Thread 3 ] DEBUG Engine               - urlPOM: https://raw.githubusercontent.com/AlmasB/FXGL/master/README.md
15:10:56.294 [FXGL Background Thread 3 ] DEBUG Engine               - version: 1.0
15:10:56.294 [FXGL Background Thread 3 ] DEBUG Engine               - versionCheckDays: 7
15:10:56.294 [FXGL Background Thread 3 ] DEBUG Engine               - width: 1017
15:10:56.294 [FXGL Background Thread 3 ] DEBUG Engine               - Logging services
15:10:56.295 [FXGL Background Thread 3 ] DEBUG Engine               - class com.almasb.fxgl.app.FXGLApplication$GameApplicationService
15:10:56.295 [FXGL Background Thread 3 ] DEBUG Engine               - class com.almasb.fxgl.app.services.FXGLDialogService
15:10:56.295 [FXGL Background Thread 3 ] DEBUG Engine               - class com.almasb.fxgl.app.services.IOTaskExecutorService
15:10:56.295 [FXGL Background Thread 3 ] DEBUG Engine               - class com.almasb.fxgl.event.EventBusService
15:10:56.295 [FXGL Background Thread 3 ] DEBUG Engine               - class com.almasb.fxgl.io.FileSystemService
15:10:56.295 [FXGL Background Thread 3 ] DEBUG Engine               - class com.almasb.fxgl.localization.LocalizationService
15:10:56.295 [FXGL Background Thread 3 ] DEBUG Engine               - class com.almasb.fxgl.app.services.FXGLAssetLoaderService
15:10:56.295 [FXGL Background Thread 3 ] DEBUG Engine               - class com.almasb.fxgl.app.services.SystemBundleService
15:10:56.295 [FXGL Background Thread 3 ] DEBUG Engine               - class com.almasb.fxgl.profile.SaveLoadService
15:10:56.295 [FXGL Background Thread 3 ] DEBUG Engine               - class com.almasb.fxgl.ui.FXGLUIFactoryServiceProvider
15:10:56.295 [FXGL Background Thread 3 ] DEBUG Engine               - class com.almasb.fxgl.ui.FXGLDialogFactoryServiceProvider
15:10:56.295 [FXGL Background Thread 3 ] DEBUG Engine               - class com.almasb.fxgl.audio.AudioPlayer
15:10:56.295 [FXGL Background Thread 3 ] DEBUG Engine               - class com.almasb.fxgl.notification.impl.NotificationServiceProvider
15:10:56.295 [FXGL Background Thread 3 ] DEBUG Engine               - class com.almasb.fxgl.achievement.AchievementService
15:10:56.295 [FXGL Background Thread 3 ] DEBUG Engine               - class com.almasb.fxgl.cutscene.CutsceneService
15:10:56.295 [FXGL Background Thread 3 ] DEBUG Engine               - class com.almasb.fxgl.minigames.MiniGameService
15:10:56.296 [FXGL Background Thread 3 ] DEBUG Engine               - class com.almasb.fxgl.net.NetService
15:10:56.296 [FXGL Background Thread 3 ] DEBUG Engine               - class com.almasb.fxgl.app.services.UpdaterService
15:10:56.296 [FXGL Background Thread 3 ] DEBUG Engine               - class com.almasb.fxgl.dev.DevService
15:10:59.558 [JavaFX Application Thread] DEBUG FXGLApplication      - Exiting FXGL
15:10:59.564 [JavaFX Application Thread] DEBUG LoopRunner           - Stopping loop
15:10:59.564 [JavaFX Application Thread] DEBUG SystemBundleService  - Saving FXGL system data
15:10:59.573 [JavaFX Application Thread] DEBUG FileSystemAccess     - Writing to: /Users/Mies/IdeaProjects/BasicGame/system/fxgl.bundle
15:10:59.581 [JavaFX Application Thread] DEBUG Async                - Shutting down background threads
15:10:59.582 [JavaFX Application Thread] DEBUG MainWindow           - Closing main window
15:10:59.601 [JavaFX Application Thread] DEBUG Logger               - Closing Logger
